TN:
SF:hazel/__init__.py
DA:1,1,frQi3ms5wDaygLD9PSJ+Xg
DA:2,1,V1GppsQQLDp4wiM5oQmOSQ
DA:4,1,qalGF/WHlqRevBfTVlcdcg
DA:5,1,pZlTH5POw2CLxDJU1CnOPw
DA:6,1,xozIP/uUbaRqP+6ADNLiAA
DA:7,1,prPj/vV/WSC1AyuepVVTOw
DA:8,1,qsXAc5Pm8v1mcZcLvKGDJw
DA:9,1,q5EA1XuAxYtYqEUqiBJhoA
DA:10,1,9ngfSSbKRwMwHKykO+pldQ
DA:11,1,byRms0YJydVnfeekMG/Lzg
DA:12,1,aaekM2PtD8amXNC7Iupoxw
DA:13,1,Spin42UW79hQCMxtKowMhg
DA:14,1,WADTTuTC1DPsstgKG17XxA
DA:16,1,RuZ5KcncCoRYUb0REMXZIg
DA:19,1,Hy1j2UQnsWeYQ8YRLD4DpA
DA:21,1,PiZPX7qxBzV5lRHyHKcIQg
DA:22,1,PdeqDqr4bOft68ON3+/7kg
DA:20,0,H/uPw39P/wXB0CuxqBuTQA
LF:18
LH:17
end_of_record
TN:
SF:hazel/atmosphere.py
DA:1,1,DuC1T5Hn8k+0QEqZ7aP8Aw
DA:2,1,IWWjrCeOtk8NNtrE95++2g
DA:3,1,7Z9Lj4ed27Wf2hBX6jooEA
DA:4,1,rfWrx4uV22yonCKp0xAYTA
DA:5,1,Au+EFolqb7Zyt4FAy4i3yQ
DA:6,1,MdB908hMWMqOA2tkWZFB6g
DA:7,1,vQ1QogIF4a6BFuoJu9DjXw
DA:8,1,k7LJJQ4eILz0aXqZiSpyAw
DA:9,1,2/+ysJB2BBzVWbseKUaEjQ
DA:10,1,U8+H1mPKknbJigR6gBNKiw
DA:11,1,EZEzNmL93PY96zsSuI0PfQ
DA:15,1,2Nst1H+xSljnMxW7xvp2Nw
DA:17,1,dlV0yqF72pO1iJzKlgIJbg
DA:18,1,SMDkBuVQKa1bB5UYPkn3fw
DA:19,1,hD3dk60wr/G3QXPngAXwrw
DA:20,1,BK+foMhfUltpwhLaXPLX4g
DA:21,1,JDPcNVetZVb3D7+FnXj2sA
DA:22,1,duDflYeQqoOFpTs22iycbQ
DA:24,1,a3k/r9QaTxjOZW1SHUftlw
DA:25,1,XHwf5ddmsLzWRdxMV0hXbQ
DA:26,1,faISOE49hraYp6iRfX28aw
DA:27,1,hs2EBgefwTOvDh4tmcnXGg
DA:28,1,eVx0tifGFs5BkVpre9d3cA
DA:29,1,blXPatpu4sL05ACEYGRSyw
DA:30,1,Nm/fYCbptslhsPKuNDhbQg
DA:32,1,gIxVoJbojpkOKpEeHER4iQ
DA:33,1,Tb6PlhVdGOrypZ1DpxdHvA
DA:34,1,8iH4v9t2br/7J7kM5c5Xsg
DA:35,1,lo+T1bWsfHp9dBpb0C4l2w
DA:36,1,Hp2WNC8/ndecmcbbLzGFAg
DA:37,1,JDPcNVetZVb3D7+FnXj2sA
DA:38,1,UV5vQGHV5ayj6YucJUGQsA
DA:39,1,NhADXgVa+XcSf5uVB2kR1g
DA:40,1,BT/yQC7ySlS8qr6gBJHh+g
DA:41,1,EFXq5iImdvQNgkQdkTVAqg
DA:44,1,wuUzv5ZZ4Hch78Z705GGog
DA:46,1,vdFC7hS7H0+XBZ4AMp06SQ
DA:47,1,0xuVLEY/GQBS2Oi/ZKv+6Q
DA:48,1,6Xh5IOP9uJryzmrny2X4xg
DA:49,1,W124PnOz0UEuckEzQGUHdg
DA:50,1,S5IR7htVImj3Gne6FdpxZw
DA:51,1,1DffzPfDVpKL2lTTklQ9KA
DA:52,1,QUrqmNazogggCX1AifKBgw
DA:53,1,GpKlPt5pnr0xyT4lGmqxzw
DA:54,1,NWvFCGAxMSruLqFrqNLs8w
DA:55,1,p5MrK+bX6GkcqytQkfV8Ig
DA:56,1,mmMGTOLq9O+qw2JBCiNq9A
DA:57,1,G6CmOBLwAk5dgftvAaxtgg
DA:58,1,8oB/9h+8f14MmeJHi+um0g
DA:60,1,0TdMDfRkayHN6IaI1hguJQ
DA:62,1,YiNx9ZykRVSOQYtP3/QHtg
DA:68,1,Y90Lb4BiecB3B4yhp8k6Uw
DA:73,1,j+CcxAIEiLeqjzkbiEHnZA
DA:79,1,H/WmnWw9vUIUTVZnEsnikg
DA:94,1,aEVWWs6dI1igadUw67SW/A
DA:95,1,q400OiDAPoIFrT/y+gWcng
DA:96,1,t58ttRspFE4i72pBpf+eUg
DA:98,1,S6dcnbSgPQjgVCH4gZsNFw
DA:113,1,uuTf4ht2LjLYxXPOpEGEQA
DA:114,1,pJzkfm33pkfYVU/0x2Csvw
DA:115,1,kPmIrKb7EBgQ8lPJ0TN7Og
DA:116,1,9ZD1GsbNgXIMbJ4dc0itvw
DA:117,1,ObJdKBs7c6OHnPlxOlvoiQ
DA:119,1,68JK2oIbp2XS1mtQTbZA3g
DA:133,1,uuTf4ht2LjLYxXPOpEGEQA
DA:134,1,pJzkfm33pkfYVU/0x2Csvw
DA:135,1,kPmIrKb7EBgQ8lPJ0TN7Og
DA:136,1,oBqVdV3UKr5Bg6dIdiDdcQ
DA:137,1,wUFfLQKng/yf35v7mLcTcg
DA:140,1,AWW+pKejqEEHijXPavOyDQ
DA:152,1,F0aykVpUmBFv8ssDE9frog
DA:153,1,PS0sc4d1txK76vcMjxfuCg
DA:154,1,WlpUBq62deBJA6DULEjLwA
DA:156,1,I8hDzU1CZxTi84PnJ9j9lA
DA:157,1,tZsi8ENB5odrPDINfwo07A
DA:158,1,sWU0sPEmwcsVUWlJiLJX4w
DA:159,1,2GoZImptN9Ay5UQuD4XZ6A
DA:160,1,kreG1vqUxr/wMbGwB5F5Ag
DA:162,1,KQqAuYRc/DDH42IY8w8haQ
DA:174,1,8UqrKQ3NqWhMXFKge6zRCA
DA:176,1,sfbQ+AI6TVCIT7q51NaaTw
DA:191,1,buezMlZhTVKK9pW6PerKhg
DA:192,1,3KfWJWEojhXW+UZS3JzhpQ
DA:193,1,f6Cs3AXDdGlhJ9RkfZSQUg
DA:194,1,yeQLeOxAsJFAndgsVL4/4A
DA:195,1,hk2mTv99VketR0bG08G27Q
DA:198,1,9k2DtrGm+/LxLAb8faXUXA
DA:200,1,PS0sc4d1txK76vcMjxfuCg
DA:201,1,RC1LtG+3rBGlLFoXVnrgjA
DA:63,0,G73Y0KjVhmiMw1jJkYgmEQ
DA:64,0,90f1JrE/f3J5iCY5YlV5jQ
DA:65,0,2abskZc/d6p5UW+if9yS9A
DA:66,0,RGM770oADryGLfvmpp5svQ
DA:69,0,90f1JrE/f3J5iCY5YlV5jQ
DA:70,0,MF9DQwXQnXzM1eGEacGwxQ
DA:71,0,YfIyIxBnQYS1PAA5QGFYlQ
DA:74,0,5tm410sABsQS8kzk1NqjrA
DA:75,0,kdv7k2oHqgtgTUORuHLwxA
DA:76,0,xMZHoWDkwfPbZ2wmGoFBug
DA:77,0,p8uv5Dg5zqzAJ8mAFvbQPQ
DA:196,0,4VNb9cWU3WVSGR1hGCWvow
LF:101
LH:89
end_of_record
TN:
SF:hazel/chromosphere.py
DA:1,1,DuC1T5Hn8k+0QEqZ7aP8Aw
DA:2,1,IWWjrCeOtk8NNtrE95++2g
DA:3,1,7Z9Lj4ed27Wf2hBX6jooEA
DA:4,1,y67oqummjd1SnW2xndH1hg
DA:5,1,14nkYAKqu9so8jSVFeD5sA
DA:6,1,seXiu2nLOixw2GAnekKqHA
DA:7,1,MdB908hMWMqOA2tkWZFB6g
DA:8,1,WlgNpkiuPOLQ+VrsgzMgEw
DA:9,1,K1cJwNobMKd+10QBiE6dHw
DA:10,1,2/+ysJB2BBzVWbseKUaEjQ
DA:13,1,zxH2+lIR4gDG2dYAYzrJsA
DA:15,1,02/0m4JI8ENo5PqaVNeaMA
DA:16,1,8mXPLnZUaZ9MxhYmQVk0Mw
DA:18,1,kGHHgK1PwUYS6ZjoI9elEg
DA:20,1,qJLlVAQ+6O9V/6WOCzuW8g
DA:21,1,zyJ22ZSpORz9DYMqyO/OdA
DA:23,1,uNpo1EUPW7Ak+72l/uoH8Q
DA:24,1,+6c5KnFVMWpvvpiW1XehmQ
DA:25,1,VUZyk4CSHhqwC8BcaHX6gQ
DA:26,1,2uEO3rMx2tTuZeGxKptrmg
DA:27,1,FjoSljY5HksB3vT0mNYzJw
DA:28,1,drSEQCvRbLtXRP+UNK1rtg
DA:29,1,lnEba4YXZiYh9AZ4oJxiyQ
DA:30,1,SorNMTwWKS51Bb2LW9IMWQ
DA:31,1,IwMakRtgNt5uloFTd2CS4A
DA:32,1,aeZ+oHiYNEN2+PxqGWGMMg
DA:33,1,j0UDq7Or88q+Vwi+6RZgqA
DA:34,1,xQX0aogC/LEVsE9nT0W0ug
DA:36,1,QyBmNjByyiQMlcFgdUDCXA
DA:37,1,TrwlNERBHh7G9Lzd0oVe4g
DA:38,1,oO/Q+J06LkWbkLIIRZRegg
DA:39,1,EGfnWP72zaA45k7gktAzgw
DA:40,1,17L0opXudrPTrn2tPFyQRg
DA:41,1,zBiklIshohhv4UrALBEcOg
DA:42,1,4jA4JN/xHevCPOXJKaXs0g
DA:43,1,FDmJx9r1eZHWlhoESnQMmw
DA:44,1,b1g7ybuOSYcmAwQJYMcnag
DA:45,1,+2mBXfAGsaWIPMdPGU0PTQ
DA:46,1,/JwaMjrzMdYRsvcZt5VXmQ
DA:47,1,TQSH9We7OzWIoJU8dfx0pw
DA:49,1,jdmCYtrNsbSuUh5SXJmRXA
DA:50,1,PpseYcS7jMBC677VIcCCtQ
DA:51,1,5VouSHilLYglSDMKH49Y7g
DA:52,1,ow10tPCT6XDmETCJ6y0arA
DA:53,1,bsvDLWyyObyw7ubZe9rZtw
DA:54,1,c/KUbxKgcXVYutJ3BUFSkA
DA:55,1,jXEbBDd3n5ztpnaYrRJqXw
DA:56,1,s5fRxqKQd9b19tzoHq8U1w
DA:57,1,03WpeHfA5OZ7tw1GWaqZ0g
DA:58,1,W6FXzsZyjDMzZ/LWXR+02Q
DA:59,1,FbKj5SHS1GmC8N91U37qgg
DA:60,1,Tn0eS3Bawbrdc92Um8D+bQ
DA:62,1,UcJ/GfUjztV9OWP63u9CLQ
DA:63,1,81HVrsJQg8zYAgG6vojOgQ
DA:64,1,7YPpZTE+RyrB3XB3Ar6iOg
DA:65,1,wu6d8N/YIjs/q5c8PC7Cww
DA:66,1,qI493he5LHiX8fzF1juFdw
DA:67,1,6HJR1DFk79tTybUAQ5BK6A
DA:68,1,5MmUORLO+WhdA1yF4R8o0w
DA:69,1,OB6URR9+R08jTrQa6/CGAg
DA:70,1,ocSZt/4XeohLaWi7JDZqjA
DA:71,1,0ew3RdkQ0pZ2pPC34hApHg
DA:72,1,hOe17fQgrmey0RtlM532iA
DA:73,1,wU//kgFOUw7WqarPocRdpg
DA:75,1,K7uOyAeIgw98nO2CGdeKTw
DA:76,1,UhTw0QQrnwyZwHQPohlWLQ
DA:77,1,m8l+bq9vPv4snEEU8k9Vag
DA:78,1,CS0smLMoKRdq/Md5ZnJNEA
DA:79,1,aq8d2Zfm7puBxpnwWNu8lg
DA:80,1,CEmasZjNspOcVc6WD0M0KA
DA:81,1,PDtegxu5cD+9KwzChZ9a9g
DA:82,1,U0ShmcXG6g2OQBViI+rN/g
DA:83,1,2TJ3aowWK3iuFYgDPYwwRA
DA:84,1,XBoeG9I35eV9OiTnmKpSWg
DA:85,1,FZubJq+KHLFYYkeaR18b9Q
DA:86,1,UMzTir8OvC/Z1S9uIgEiKg
DA:88,1,ageM4alYITG5U6EgjboVDA
DA:89,1,vtCHlM0Dgmq8mmxtI7PAjA
DA:90,1,Whc2GRreZe+4nCgUrlVZwQ
DA:91,1,uQcnZw2edKNwP4CZ4g0KNA
DA:92,1,zCfpOcXtUXN0hm2cTdb3mg
DA:93,1,cr1eSkf4HKpWK3HUpt0t0A
DA:94,1,tmxQ0OFY9RcORGSsrf3Y1g
DA:95,1,6zgHYkn3YoaXm0nIkXzi8w
DA:96,1,dZq2the+zhG3q2lyKSnAoQ
DA:97,1,fvWbPSh7MFKRaFUV1Mr0YA
DA:98,1,woi6q41C+OtzBbcEPprAfg
DA:99,1,uzJqqaZSYOKFq7P/1AqvwA
DA:101,1,Ypu5w/2SFydPq4L5ZVIDig
DA:102,1,yxaLIl2I6k9yPBdUVPzULw
DA:103,1,/ORs1N9e6gDKdIDkXUySSw
DA:104,1,xYvCtf/+6Ti2Gly9vPR7JA
DA:105,1,rzsMXGSB8oY/1Q8Lq1lLIw
DA:106,1,XPz2FRq9N/FokWG9gWaY/g
DA:107,1,wOaiW/4HeSAJ/blqqA3h1Q
DA:108,1,Zbhvt4QLK5Kis1dJDzI/hQ
DA:109,1,BTSIo5jity0SAUHokPSX2Q
DA:110,1,UFn38X6SCaQD237vJQANOw
DA:111,1,Jx+tVymcerVxzOQ8dUflfA
DA:112,1,WK6UyZhlR1WjSinNINdY2g
DA:114,1,eoibvLsQNPKuEGxRJxlo6A
DA:115,1,Es8+cd+Ju35t4fKoAgf+BQ
DA:116,1,kVtqBMLhBtsTT6V6H+eBbA
DA:117,1,HIoaPmF2aUd/aMVNcmu6Vw
DA:118,1,mKLF7vLGEStNPJWavYEXiQ
DA:119,1,ClfUolnyPI0jv8sBgclG5A
DA:120,1,BEckuBE+IQGH4hUz8xkQwg
DA:121,1,mKCXhh8ckPTWmzP0PdVu/Q
DA:122,1,AVQD6etlnz/1ZEBrNYmGTw
DA:123,1,U+LZCCJoykgVLpvGeN9+sA
DA:124,1,JEcLkhe4oLC26T0JbYVGEA
DA:125,1,cq92fxa4UVTItTigSpMXhQ
DA:127,1,n3zY+RVAY04Cc20VC15fOg
DA:128,1,t+Vb+cbBPgaSWab36kclRQ
DA:129,1,vvMx7f3aQHW5QjpNeIBsRw
DA:130,1,FituUEWFSiEREZIcHjYE/Q
DA:131,1,btJWjaaRZK5bEG2K7GhMoQ
DA:132,1,a7xMhpZX9v7RQbZUaZPVfw
DA:133,1,ARrS2gpJx/KlfBl94gLwIQ
DA:134,1,zX5tVDaW7uzYVGo0B64i9A
DA:135,1,4JRqmsi0fzOZVLZB74wEhQ
DA:136,1,nG3l0sMi2jtGALJTG1oUYA
DA:137,1,yLw6eTP5hdYJsM3eSiY0Uw
DA:138,1,SusOgZulfqKGdPnbGzvIBQ
DA:140,1,IrWpVG4Ja1Ix21ha1xjYag
DA:141,1,f3eIgBQSqJVFv0wfBWChbw
DA:142,1,vzFoevnoFS3eVojk+lLF+A
DA:143,1,GWtRe5wux9XbrnMxcLQQVg
DA:144,1,IE3+9Bm0PTaMA/RcmUEVnw
DA:145,1,M55M9NYOxHVz2azkgi9V2w
DA:146,1,r+ww2EYy74Uf5GkS7u6uIA
DA:147,1,8cjrcAIMQnA+RmfFfgqkOg
DA:148,1,/0cx+wxPolTeLIGdpS1wzA
DA:149,1,uWtmhIsNVCxaQv6IRyFwdg
DA:150,1,vZgRdHALhLsjFrPpyEx80w
DA:151,1,tW56C/oW91xYwfHiUXC0sA
DA:153,1,4z7rWV3YzWWRG+DMR9Mesg
DA:154,1,QNdXpAXuifdBr5jmra3Vow
DA:155,1,CtnWvS/Et4BkuX5WqFAq6Q
DA:156,1,BBEixiv7CL1LPNM7ImW19Q
DA:157,1,EQb2M2p8ys6hsRYLc+S3TQ
DA:158,1,HxLYXBFptvzLEYlLzlZnaA
DA:159,1,XFKIdp/73o6d0hRZvXllNA
DA:160,1,6Ait08uxOCoaYTJgAwPR7w
DA:161,1,KcNI2O3gPjK14LFWVu5eRQ
DA:162,1,hUVBnExTy6vwMzFuazFz0w
DA:163,1,XrA0oNSUeBkCSFyyPAysIg
DA:164,1,FMQASKUvw8bAg8yeteLe1Q
DA:166,1,bwwH6Jq2rcIWjsqaSKYH/g
DA:168,1,ReoRm3+5ZowzOD9STLWQdQ
DA:169,1,JiD9Mx9PZFo74Rx1MVntGQ
DA:170,1,anGEYYVrIN8VMMFBQMMk+w
DA:171,1,+TgMM26fKuDN2tNnHmu1ew
DA:173,1,6UauAiQIV8D0EIah0gfsbQ
DA:174,1,7GF/sUG61N/Vj2gvC1WZZg
DA:184,1,u+gkF1NGn0Ipb2HN8YsqOg
DA:202,1,CJcSvOVB8j0YLUyyGN+GWw
DA:203,1,qiILyepk9HVOI/NJhU4NEw
DA:204,1,W8QLY2zfuyiMwEXzXCizSQ
DA:205,1,lRw4KRxEV9gGk7kUzuE1ag
DA:206,1,B0VQsqpvit7ux/86BvdDng
DA:208,1,9y7WkdqGKl/2ACcX0foyEg
DA:209,1,2yJ0DVGZSjfdts0dek21kw
DA:210,1,A0yKxdz+wsoW+6Mj94QrkA
DA:212,1,O55ghZ8b9QEG0I5iPy7j6g
DA:229,1,ReoRm3+5ZowzOD9STLWQdQ
DA:230,1,hkh0ClwmRKiXWdb+t/ibaw
DA:231,1,ymbtag1RJFmZ8CZF9XJ0Lw
DA:232,1,N8eUXjQVNx0tRCZSnZwQvQ
DA:235,1,QI9Yxp65FvZRcJ/TMk4Ktw
DA:236,1,NM3ebeAf+T2e9GxSQKAknw
DA:237,1,2vv4WoxRIsHmcz2R+3wycQ
DA:239,1,v70RMPXB5E+EXcnmo0MWrA
DA:240,1,TV3Y4pTffANieX6a9ztAlg
DA:242,1,K0JrM0aUv8NYJ7S39h6tcg
DA:243,1,5txJeGLujdeNtg3ALmrklw
DA:244,1,xL/NzHFzhdLU7MBkNXF52Q
DA:246,1,anGEYYVrIN8VMMFBQMMk+w
DA:247,1,61QGDnm8d2oU/eZ6YP7W9w
DA:248,1,XLI7pEkWmBbMLyksrygyIg
DA:249,1,s54IuVVlx/61ZWU4rnCHaA
DA:252,1,UAGhylo9hPs8StSRNTvapQ
DA:253,1,qgpy7t6Eb3jwNP2b2vD3Ng
DA:254,1,/hbC7eG8VCDlyWalL7W7iw
DA:256,1,5v0fOj38kT0dLV4Xbc5L0A
DA:257,1,tmv6N32KoxfSncDoX+a3nw
DA:258,1,Mfs6xG3GAhx8IbVLKn3zKw
DA:260,1,xDZoAA7lR5EP8IqcetF8Pg
DA:261,1,6D4CDh+EAjv65+BuOtPqdw
DA:262,1,Wh19LE0yv2NplrVivtjofg
DA:263,1,lblk3EUijnOTuWBixmEBEw
DA:264,1,g2Pqu4b/PbfQzX/n8H2VqA
DA:265,1,lSD/aXQ/+F4GyY2wfiP8IA
DA:269,1,buezMlZhTVKK9pW6PerKhg
DA:270,1,n3AfEGitFvXREkKGPHGjfQ
DA:271,1,xj3rkoBmUYUyU3V9eO4ugg
DA:272,1,76pTvOkdHzUUpRawIV0KSw
DA:274,1,tGuD6YitqPLKGaAxEcez3w
DA:290,1,tpLzowsCOLDOvx4ZAKeZ3A
DA:292,1,MoriOMV1aQwAXV9ZGx1ycA
DA:293,1,OKMNB7bcxuOY9FL2uGY7KA
DA:294,1,XK/Op4tRTJS0b24a4eZGag
DA:295,1,ijjW04r2WQiinxt6gYKjtw
DA:296,1,npupWkPMPJ3Meznf77SuSw
DA:298,1,Aoh+RL96nQ6iDwjXgpO+yA
DA:304,1,B9s3a85sFuKrnogzVIgJKA
DA:305,1,OKs0C3JR3NO3BHUXDiupTg
DA:306,1,A4v9EaontKAC/8lleo50rw
DA:308,1,yLofkaFL6/9RK/NV23dkhA
DA:310,1,BLvFZVupd9w7Mmwl+SxJSA
DA:312,1,fFE80ot/tEC6LE9K1hlVgQ
DA:314,1,FurAMScCMylnl/0mb+Apqw
DA:326,1,JuDtsH08WKtJ2RyakpBZRw
DA:328,1,gbZoaoFqXGWc953Z5Wop3w
DA:332,1,uiia/GA1DaUTNnHhsLYwPA
DA:353,1,dF419CuPXTY9MTmn6cwC/w
DA:370,1,buezMlZhTVKK9pW6PerKhg
DA:371,1,PFlKz23u/FFzH0SEMoY1Ug
DA:372,1,VF2jTt0oJ0x1ENdjcIBKjg
DA:378,1,ReoRm3+5ZowzOD9STLWQdQ
DA:381,1,9hf/4DZ8jkTBC/1jcyjsuQ
DA:382,1,IvcqDjioq7dzjbVrquZR5Q
DA:383,1,ARkduVnrHUZ3uIw+0ePWxA
DA:384,1,DYIjwu0fqAFrEqX6Bny48Q
DA:387,1,SUyrLzgjd2W7ja35MmvTrw
DA:388,1,ARkduVnrHUZ3uIw+0ePWxA
DA:389,1,+0qQFMppEIRGwCwE4+KLpA
DA:392,1,eMDNFqcNPbcux9/TXcwUng
DA:393,1,NM3ebeAf+T2e9GxSQKAknw
DA:394,1,2vv4WoxRIsHmcz2R+3wycQ
DA:396,1,OXRq0GFtUazx7n8bvlydpA
DA:397,1,VDhE7EXnEjr4PQgh3ytuwQ
DA:399,1,anGEYYVrIN8VMMFBQMMk+w
DA:402,1,9hf/4DZ8jkTBC/1jcyjsuQ
DA:403,1,70kRW8iaHSq2GNp3+SpAhA
DA:404,1,Wp80VOkyZdJc0t6NDIkYMw
DA:405,1,Nov2fug3sXW/2KPKToGTpA
DA:407,1,RVNRgWNy/kGn3/g9EVJ7jA
DA:408,1,JgnfD17vVcv/VNvvyhF3Zg
DA:409,1,4ijFGDbGFb9RmXZjqjf+Fw
DA:411,1,DugOwP2XhDn+4U1GFdDR3Q
DA:412,1,EYI7ItBA1mahiUejTYeOiA
DA:413,1,hsbdH9BvzRnswnusD+Cz9w
DA:416,1,oS4v6MMk8xnYxcgjoZnyLw
DA:417,1,Y6vZdw3ERb5O9C9Yhg5uYQ
DA:420,1,dFO9V6Bvq/8MMKM2J3wOww
DA:421,1,NofXI49LP7nKyskqN0FCDw
DA:424,1,70kRW8iaHSq2GNp3+SpAhA
DA:425,1,Wp80VOkyZdJc0t6NDIkYMw
DA:426,1,Nov2fug3sXW/2KPKToGTpA
DA:428,1,/AnHhZNI9QRqLU0nkbkQ9g
DA:430,1,zduQ//Os3roippJcEqCh/Q
DA:431,1,bPZjK1sYGkg0QdEzzAWjPg
DA:432,1,WFdnWcXpCocK9Etf86oc3g
DA:433,1,ZnEHmC17UkEZMpKmUGfhwQ
DA:434,1,p637kxwdUR0IxBUO6xZmtw
DA:435,1,CKU5MXIUuC0y7GDDzFNbng
DA:437,1,e5awHzHizzieyDYpMMZbbg
DA:438,1,hRQxytRwhi+fEwssZ0odXQ
DA:440,1,QKVyu1fXfYid8JZaFdG5hQ
DA:441,1,0buuTcHLZWnzc0QTb79B0Q
DA:445,1,PLURXvBm/FhIjyCemBeZwQ
DA:448,1,2LZDRoZCcuNqk4H6F09jkg
DA:450,1,1NcJEsoBV+s+KpCkoMYjGg
DA:451,1,TYd7Z4pjUZS0KgSaW1mMGA
DA:452,1,+yS9hOg90KRhyIqlzURrEw
DA:453,1,/70OLQ7uQADFqayYiwjong
DA:459,1,VrY7PJY+6tMpOY+js49JZQ
DA:460,1,Id3FUmQo3IQNu4lQ96fjUw
DA:462,1,MeKRw0MKnlYGVaXfCRwQDg
DA:467,1,Tau7TkKq6/Mcqj6Je3l2lQ
DA:469,1,2nw+gztHLZ/xoXDvrY6GaQ
DA:472,1,U0nfROsCJDCKg+GhDJ/g+A
DA:474,1,7PKxRCD4Bg1byN+zU7skoA
DA:299,0,OKMNB7bcxuOY9FL2uGY7KA
DA:300,0,OP7i1e2/VCtNCW+4DMXs6A
DA:301,0,vjHhONuSgVYNFBjt5ceMsg
DA:333,0,ReoRm3+5ZowzOD9STLWQdQ
DA:334,0,Az+1LNVFPls0NXUCUmYUDQ
DA:335,0,nicpYwXze0Mp9JcHaP4sjw
DA:338,0,c/EpYdeur6pRJ9DU6yNeZw
DA:339,0,NGtzzydnqYUwEJdtEj9uEg
DA:342,0,anGEYYVrIN8VMMFBQMMk+w
DA:343,0,EK++LNRGYQSBaELCjkjy2Q
DA:344,0,RjErr2p+phfp8Ow8kpcZzA
DA:347,0,c/EpYdeur6pRJ9DU6yNeZw
DA:348,0,0EKgF4Le5sT0QEmsJl5zIA
DA:418,0,vF5+nJs3NLh8k9I91vgSWw
DA:470,0,p1MgLCHXFQeZ8+8hENiXHg
LF:289
LH:274
end_of_record
TN:
SF:hazel/codes/__init__.py
DA:1,1,SxJarlK0pmhlls8CIepkzw
DA:2,1,S0tpSS0AqM0x0qhfZhZT7Q
LF:2
LH:2
end_of_record
TN:
SF:hazel/configuration.py
DA:1,1,IWWjrCeOtk8NNtrE95++2g
DA:2,1,/CrQBtfIbWIWqFXRpVRoOw
DA:4,1,2rIe+lIzxk4FDL2gxQsVEg
DA:6,1,5FX9+dR7VYNcc1gP0v+BCg
DA:7,1,goU8ITUZXqhwmT/NNPTe/g
DA:8,1,CE9YW278+Aqhh8mEiz0UXg
DA:9,1,NA/WSwf5lO7FM9hWF2tNjA
DA:11,1,GoCrMmxk0sn/SOH/NPbTQw
DA:13,1,fIqUXrOwvW6yF5LCuemjxA
DA:15,1,nxeP+gqh6ZkqCa3Iaiph6g
DA:16,1,RkQbH0XNhFkZ/KRSiEzqhA
DA:17,1,nQ8uRRbJANfwX3ZpmtperQ
DA:19,1,SNMutKkm3xvasHuUbdIQFg
DA:21,1,059thfhJpqc11/we029NDQ
DA:23,1,iF8VivhTGTIYH1Qoxg16Zw
DA:24,1,reVHhMWai6H09MgI2KJzpg
DA:27,1,/U3ZyFZrS6UJyHLZkOq9Vg
LF:17
LH:17
end_of_record
TN:
SF:hazel/exceptions.py
DA:1,1,OIyk66me0PEN5gJxy5Ljww
DA:2,1,20zR0KwjIp9eWTFWAEdB+g
DA:3,1,oe5XtD9Y5up0mAQ7Ncc+gQ
DA:5,1,YbjlkKr867inGKE5nMRDlQ
DA:6,1,OLN2a/xggEZu1n25kIsTRg
DA:7,1,oe5XtD9Y5up0mAQ7Ncc+gQ
DA:9,1,CWcDYA92ZjuOGRYq5QuhvQ
DA:10,1,Kq7b1BYMNZxwGHtVqiPcWA
DA:11,1,oe5XtD9Y5up0mAQ7Ncc+gQ
LF:6
LH:6
end_of_record
TN:
SF:hazel/forward_nn.py
DA:1,1,IWWjrCeOtk8NNtrE95++2g
DA:2,1,lbaFnMfPJ+WhlwqOMD8Xqg
DA:3,1,4t3OuAZN+yI1rYmNNO7hmg
DA:4,0,2wayy9RzEZNdOBaERtmqvQ
DA:5,0,OIIs7ioKAkh2hE/Lsfe0bg
DA:6,0,GL6wz4sy4bsWvqEo+13dYw
DA:7,0,Id2DWIpFdrsrGUKSzXh8Tg
DA:8,0,EZEzNmL93PY96zsSuI0PfQ
DA:10,0,59i/yEmCaw5Aq2Q5llxkgg
DA:11,0,vUNV7SN6vDH/PEsItv2AHw
DA:15,0,ThY/6Eyfg4NyEJTtmt/32Q
DA:21,0,IbbxYkz71E241KgoH7rZ1Q
DA:24,0,c/SrpyKK7cO78ax923zsNw
DA:25,0,33YPdc4dv6CxT8bzMRgJ3g
DA:26,0,CZsFo+ht0vEvPuj6GCtsvg
DA:27,0,U11Z7Plx61kLeYqcQKobXg
DA:30,0,5NAJxYRwIisEbzwdfBVo6A
DA:32,0,Ztoi0kdVpozSq7AeeN4DTQ
DA:33,0,gTDRvEYS+4xBtVrdEXGEqg
DA:35,0,htaC6JzZD6RQGuvgpDZ4KA
DA:38,0,4M0yE/kfOjK4xqw0yOoodw
DA:41,0,oEi3Ve82GOlwWy+QoYBIIQ
DA:43,0,0FK2cBin+zx8xtIykyzjQQ
DA:44,0,i1yLHBz9zFYeKaH7aPIe0w
DA:47,0,WG29bHzneVAj0yJgMxjq/g
DA:50,0,8mytCsXnbHYMLAXHHbZ8pA
DA:51,0,8HJ1FO1TdsLvxBUmmfquLQ
DA:55,0,Xn8py2Jj5eHhG2t1Qw7dFw
DA:57,0,9wXOE49L8g0rtgIwhoX+Ow
DA:60,0,eYcZzXR1J8YQtLDGmSzBPA
DA:61,0,rl+HppiLEgBUWRp5dNaycA
DA:62,0,yAtqOJ7xE4rgnUWYhN5Ncg
DA:63,0,d9EaYc0aKkuafREdAQTYmQ
DA:64,0,JLfb2YPyCBIXxgxlsUrecw
DA:65,0,u92Gz8Gx2oLumZwEl+bDEw
DA:66,0,Qg+IVxM1iqFFBNSBAX4mHw
DA:69,0,9aqMnoA/DxjzzsVleeVcOA
DA:70,0,kmmRvMesb08moHrmd3RFGQ
DA:72,0,p3pZMX67UFb9oJCZAM3BCw
DA:73,0,kZ1WydRQfmHloBkVfGmEjg
DA:74,0,5xX/eV2d3QTy+U66jodJug
DA:75,0,9MDMrMZC82VTDZLqPViY1A
DA:77,0,xA/VVdO+l0ZRVR67tN4BLA
DA:80,0,JqFpIS+hGhqJQ+n0pwE9Tw
DA:84,0,jps8MBaJaYYjybFmwsqi+w
DA:85,0,ggFrfSFLaOpIgfKFNmJJgA
DA:86,0,atfZJq2J2qShHx8V2y94UA
DA:88,0,BO+cQ74EkpvEtXJ0bbHDEA
DA:95,0,h6xmysQWpq+Tx9RhGuvS6Q
DA:96,0,w/sEHf4yftlSbyiFQF15Pg
DA:97,0,cqh25Eku991k/kHIyWpgbg
DA:98,0,3lN6oRkfm6DfVEDs5CXnNQ
DA:100,0,M4E5/oUyJ10bbNDIpAhmDA
DA:102,0,/74eoZIcTHR3Li1uUT1/0A
DA:104,0,NhwiEFYxgSItKkKpG1x/GA
DA:105,0,2fX1lGgbgcxwYwB7VMUyig
DA:107,0,kXwqLzQ9lNiEYw4XiaCXUw
DA:108,0,bmCBYqhuCRV4Wghxja5WMQ
DA:111,0,nOXOc2mkgeoiFaGhpPdZiA
DA:112,0,ShSUHBDlnH1TOkHBKrMPIA
DA:114,0,f3UHngYRgdo9TW0NcC1t2A
DA:115,0,XHwf5ddmsLzWRdxMV0hXbQ
DA:116,0,faISOE49hraYp6iRfX28aw
DA:117,0,hs2EBgefwTOvDh4tmcnXGg
DA:118,0,eVx0tifGFs5BkVpre9d3cA
DA:119,0,blXPatpu4sL05ACEYGRSyw
DA:120,0,Nm/fYCbptslhsPKuNDhbQg
DA:123,0,Oc3spVZn2Yv29WZZOyS5ug
DA:124,0,J4hthTQxlhHfLm4MV/JOJQ
DA:125,0,Ue/luyqec1EOEArPmYZKnA
DA:127,0,SqfT1XOlRPVaaU3WYROagA
DA:128,0,PD6DeGeULyTAdhXNAB70yg
DA:129,0,Zk16uedYHx33KKRn1QGAsQ
DA:130,0,NA0qouL3c185V63CweTOHw
DA:131,0,y+AIYoZUrozmaXmXsPOfPg
DA:133,0,L3f0T0qZvpq1h0fPA7pSEA
DA:135,0,FMXGXVcp4HVKxdo52FdIsQ
DA:136,0,+L2/bJf/3XRbXKD7net9og
DA:138,0,+L2/bJf/3XRbXKD7net9og
DA:140,0,m6okCew3849foV88u7yY1g
DA:141,0,UaomGdWcvg1yrIHpGdyg3w
DA:142,0,MF7ENF77ymPrKxss5FOtZA
DA:144,0,CFa6YhgwfF8iizPpKZTOew
DA:145,0,pesmcAT3YFco7ichyADaFQ
DA:146,0,afrNxc+Ccq5Eqmmhaaq/eA
DA:147,0,ksbmxNrNygerm4agLPBJ3Q
DA:149,0,Q1do/d4WyjBY5W5qT5GD9w
DA:151,0,QIHIoX1S5YtL5FKJoxichQ
DA:153,0,bejqe12PNtEqRNOdXcQ1VA
DA:155,0,HfulA3WUEAVKBXV827bXRA
DA:157,0,7DACwrCsPxueTKEkfoa6Hw
DA:159,0,Ge0S0Gy1V890smeGFSUMDg
DA:161,0,U1aWAhd6I07HjoGnE+IQ1Q
DA:163,0,o98D7Myx7Dti+lihoYJMqg
DA:164,0,wfxxycABcj6YJEFWugRydA
DA:165,0,FPbfG+S8ErzFuy6ARaqyrg
DA:166,0,/aPXBDkp+Flf8021W0II1w
DA:167,0,0O3HBS91o8br5+nopL7OjA
DA:169,0,3PqTlQQZJIWTzYSdNcmKeA
DA:170,0,mZayR3JzKK3XJsgcPCNqnQ
DA:172,0,6jjiG0f881HT0DE0FX89BQ
DA:174,0,C/RoUmnEO3mfGh6xrE6Kng
DA:175,0,yV1Z3ullH102B0Tgi6HQFA
DA:176,0,PQnEmxEwpfyqHO0Iwebtcg
DA:177,0,zyTZiDP+tVq7GzZl6zb34w
DA:178,0,J+foFT/x/ZdlmX4+4m9Piw
DA:180,0,aHdH4UB2ApRYQbAQ29nNFg
LF:107
LH:3
end_of_record
TN:
SF:hazel/graphnet.py
DA:1,1,IWWjrCeOtk8NNtrE95++2g
DA:2,1,4t3OuAZN+yI1rYmNNO7hmg
DA:3,0,NJNNSpG1AFtuPNaCYwrB/Q
DA:4,0,BXbs9+2n/w1yh5/emy796w
DA:5,0,WW33hnhBP25r9HeFuJAgEg
DA:6,0,TIxv4Y3tLitNCyjUK575bg
DA:8,0,eWJ17G/ZT/ecc6TiM4+QbQ
DA:10,0,Emzq829ritvrhTg5GYzH5g
DA:11,0,t7345PdO6jX+fW3Llc5QJQ
DA:12,0,VKfcBI8a958qsigpKRjGJQ
DA:13,0,coccafSITZbIXVO9fH/dvw
DA:14,0,WKbUEhPwmfsk+ulmmfLeUw
DA:15,0,f+yr1QKxj9QMHTkJklLY6g
DA:16,0,Aoh0QeGvNNqiDfsDXK8z7w
DA:17,0,coccafSITZbIXVO9fH/dvw
DA:18,0,WKbUEhPwmfsk+ulmmfLeUw
DA:20,0,pK2pDcudg2vGf1SNKOVkDg
DA:21,0,Y6t3MlnCvEYrnR1Ha8AqQQ
DA:23,0,aRfqtfypGA5ksSBDMXl4fQ
DA:24,0,EalYgeKcQysSRjoxCT3EWQ
DA:32,0,S4c+sBgB3VICMfzMXtuGTw
DA:34,0,b6tSRJ8o8ssNBFvGPdcv8g
DA:35,0,l+inm7kTPR8FLG3TQBvyMA
DA:37,0,Vh/00G4/7e+t3x0hJV3a8w
DA:39,0,hGhuCKQWV7kNFZz9X1r3ZQ
DA:40,0,8LXJJDqovRYeHM+fZP+w4A
DA:42,0,3s7oTwNUyy45rD6GnRieew
DA:44,0,8sH5Aj5Sf/k8gJ2lRxhT2w
DA:45,0,w5xpG81v8qhN5/EFPmFVLw
DA:47,0,xymmsml1vahrbzH/yrmySQ
DA:49,0,lr6hQ2l+zD4ocIaKe3G2ow
DA:51,0,nN8MR8KnGyvOfayRJVUaQQ
DA:52,0,6QeecDUzYsGb15td+1+65Q
DA:53,0,0/eMFLeLUc4vhWX2s0Xxmw
DA:55,0,sUSHmoY/1kyyRnL17N4K1g
DA:58,0,WEjH7YNrfpe1U6mQfUwolg
DA:59,0,GBmA2mpR7UMMMtN2vpvGeg
DA:78,0,IKjUqnO0j4LW5WXtvMGXEg
DA:80,0,d8c6LK1Garux8eoponw63Q
DA:81,0,Nt2NQSjIwIipGb4Nq8OcFQ
DA:82,0,l4wG+RLJxOVx03IqSjTcWQ
DA:83,0,86LvXmz37Wi1obPrD3ZJNg
DA:84,0,MN7Rx8bbKEZeUhQIrjDUNg
DA:85,0,sGViJm2C7w8jZ03+X8THFw
DA:86,0,i18iygONiyJWlhY+s5uS2Q
DA:87,0,Buqc7a0/eEKEtMIy+FFqTQ
DA:89,0,eKiGcLz2oTpuligBNFZsZQ
DA:91,0,DQ33t/wPNt7z3tIKIiIFJA
DA:92,0,x6uLitqcHLgioLdc0KBsJg
DA:94,0,VWgCiRje06ItLTprzsikng
DA:95,0,Fc1YLtOxH4qMjIBdBg/EBQ
DA:96,0,r/Qv/k4XS03zOJxV3P7eBA
DA:98,0,DlQUrt1sfxHmkiUfqo3D9A
DA:99,0,UeJ8uook0NAcIaJiugAGVQ
DA:100,0,QPEja7f3Gw1C/BOxsyBPeg
DA:102,0,3dPP89Q20SpgWWs5XA/RRQ
DA:104,0,xLhFe/kCO2vNJCB0p4weKA
DA:105,0,Df50YZUtcZ2PrWx9wj8sQw
DA:107,0,sAyiiE6iAuPMte9kyd0+3g
DA:109,0,Ns7f/ASLn8k0AA4bK9rHIA
DA:110,0,m2T/Kr4LxezSj0JxZUv57Q
DA:111,0,VTYxCA0KaN1l9dZd2vgVvQ
DA:114,0,OczJqSy9qnUTLzITjl8Qaw
DA:115,0,Z0LHNme1UKV0JLYZ4IGlXg
DA:139,0,F4qR1yKg+KrhHDidNzTIqQ
DA:141,0,CSV6DHsdEgBzWVGHHRMrQQ
DA:149,0,8l7tnuTTGuv4tUN+kdI51A
DA:154,0,d1CUyic4Suxj+TVRCP7X7Q
DA:155,0,ijwHLj6Z/yUk5P2AgFLosQ
DA:158,0,P0RLa5cbjVgapp1zT9WdqA
DA:159,0,Z0LHNme1UKV0JLYZ4IGlXg
DA:183,0,LicW/lEj9chNuUlqtxlGWQ
DA:185,0,QHIiNwYinylW464bx7aaYw
DA:193,0,iPjoyTBLQpEmB0NE9nFtyg
DA:201,0,Nxq57tOaYcA6jPVhYFpX6A
DA:207,0,cjEzU6DdJ28RmD7Gu1TzdQ
DA:208,0,DJZ9zry1qbW+jfZZmHvn3Q
DA:209,0,OF00IbOF6k7Jhr3FIBJIqw
DA:210,0,HcPYLrbW3eUmdzEK2WZwCA
DA:211,0,0zKnq3ocaW2ebYuneAB4VQ
DA:212,0,dFAzm4IVLCKv2myYEzbKPA
DA:215,0,vy9sWolbmihonPsmp2pSRA
DA:216,0,hNRk4Ps0lza+zFJ3aUihoQ
DA:240,0,U9qyjeqGyzpKjccFhkUIKw
DA:242,0,FuCwQgpdjq2QsT/13uWM3w
DA:243,0,Zw8ZTIqDRnMYa7o9NrY0cw
DA:244,0,OQ5lcAM3DQjII5MuvEHAgg
DA:245,0,I2FemlJH8tM/tTZHw/RYdA
DA:246,0,GHm502IYXAVax8EV2o4aRA
DA:247,0,lQAJQwHtKsQw1qxWwUTtEg
DA:248,0,OT4nNyrI3XwpY5xMMOt5cw
DA:249,0,ct9wnYxOC0BAN9blFcMeJQ
DA:254,0,cz9mF4IHv97JblMEp1D0nQ
DA:262,0,OGMDRIdLBF5+TvoJ66mluA
DA:270,0,DFv+oeFQL2SW3Q120EjRfA
DA:276,0,e8IsXZcNtc3rzzeORfzeOw
DA:287,0,LNrcZTbz1YfJOU5JRL3kmQ
DA:288,0,RqOxileUk1wfXnWGal06xA
DA:289,0,7PQkIrQ5dOB3aeTDVBYCTg
DA:299,0,e3S49j733FsothRJTAcmuA
DA:309,0,g+siwqbtxsfXxBpxDCwoxw
DA:312,0,fhYzY+t2sdxWo4YTxtaraQ
DA:313,0,d7hGcWMudTB3ds9T6VnJOw
DA:316,0,KWh5cpF1nS56hLq/YggDSA
DA:318,0,zpEGWMuPdksmO7knxFKrww
DA:319,0,bU9lbCifA7hgWXpxu7BInA
DA:321,0,QGXbY+4SsaRQlvLQtftF1w
DA:323,0,RVdAaMfxqWd+9lYYXRDr0A
DA:326,0,dPP2F2pdqWNAUrsYZUTAxQ
DA:330,0,iBXTCrxPqGU+0QUQn5Qs2A
DA:331,0,teSpBSs6LQSgJ4uJUJsfUg
DA:333,0,wxTZOQFFF3bEN4dDRPp/9w
DA:335,0,6FHoSMuG8PQhCXhopQEGqA
DA:338,0,dp0MMSa/IjY5+U8oQ44Xog
DA:339,0,kf55lalYd0bIZ81Kh3dkYA
DA:341,0,RqOxileUk1wfXnWGal06xA
DA:342,0,2jAFvYIBjaLO+dZmFOsKGA
DA:345,0,uTDmmvR2Qaa/ZlK06Cy+DQ
DA:346,0,gjxEErcSuWRlsnOiKgAhTw
DA:348,0,wxTZOQFFF3bEN4dDRPp/9w
DA:350,0,UeeIKl8F3Do7TK3PPzsx6w
DA:376,0,GD5kdWRxZSC223p6VrOqUQ
DA:379,0,40N3VJQ0Mtfx+ejORPEQzg
DA:383,0,GuY/CrY77SQWpG6LQsg3VQ
DA:385,0,QGXbY+4SsaRQlvLQtftF1w
DA:387,0,Ns7f/ASLn8k0AA4bK9rHIA
DA:388,0,m2T/Kr4LxezSj0JxZUv57Q
DA:389,0,VTYxCA0KaN1l9dZd2vgVvQ
LF:128
LH:2
end_of_record
TN:
SF:hazel/hsra.py
DA:1,1,IWWjrCeOtk8NNtrE95++2g
DA:3,1,tB0WxdeH38brKodBvJmldw
DA:5,0,ARd7XDi8wXaMlsyVCenuIg
DA:6,0,Gwbr6qroHz7SE+Dp3iYUTg
DA:7,0,2csElVtn/JHKARD6jV+ULA
DA:8,0,QSjnIuFLsirKJetgn08wow
DA:9,0,+Z1NhWL8/BttWKggZRJ0HQ
DA:10,0,Xg6SRcFjEYBJAWeZ4sbkkA
DA:11,0,dXgqe2U7X2/z6eucran6MQ
DA:13,0,ScQ/TFvyRZYqAIFJ8DE1mw
DA:14,0,S5rT+CUl6A584x9+ZdYw/w
DA:15,0,NWkVD1kwJ6SRkrLlVMzLOg
DA:16,0,Gy10qPkCJKdp8LhI0Zkr9w
DA:17,0,SBb+tgIfeu/kfxY+qwbLzg
DA:18,0,dJv9rgLZ+GwbE81gVb603A
DA:19,0,xOtn/Q95DAewr9zHgPwAhA
DA:20,0,hIVK2GUOJBFhhX/3XcFzWQ
DA:21,0,I3Pxm3FSq2EtDKAcLer6Zg
DA:22,0,C6CFRrVLJ9tLbphNpzcyKg
DA:23,0,6B8MQ5GGEy0Fa2WEBoc/rw
DA:24,0,Vnhb54xOlVpNu30URIpj7w
DA:26,0,n+KH+NIwLfTUrEfuvT9Lwg
DA:28,0,KJ2JDvy1DhqPnpV38vnkgQ
DA:30,0,wIczbcIUOPRTCvAf2p0XKA
LF:24
LH:2
end_of_record
TN:
SF:hazel/io.py
DA:1,1,IWWjrCeOtk8NNtrE95++2g
DA:2,1,Ne1xnbfQf/0CaRgBosBD6g
DA:3,1,j3SrTVhs2CHCTamQdsgG/A
DA:4,1,l2e/YcgSDZQlwYUvp6AMnw
DA:5,1,7Z9Lj4ed27Wf2hBX6jooEA
DA:6,1,L/jqrDHxbfUd/SDMFGHfTA
DA:7,1,uqQzsyLE2snBclOsmsd0qA
DA:9,1,RuZ5KcncCoRYUb0REMXZIg
DA:10,1,3Iu9oFXzrEEOpiiODpoVQA
DA:11,1,PiZPX7qxBzV5lRHyHKcIQg
DA:12,1,PdeqDqr4bOft68ON3+/7kg
DA:16,1,A7VoIYlaNR4biFaZrFxbTQ
DA:18,1,gu6vuVg1q7erVDxObaWAEw
DA:20,1,fIqUXrOwvW6yF5LCuemjxA
DA:21,1,ORpZ5V/nBbo228itvzzuKw
DA:22,1,N1as0SHeR/SpFsYOnpYbuA
DA:24,1,WgxFBFZvtXyZWC8Q9Zit2w
DA:27,1,qMj3LKHKhwz7kBbIUS8nKA
DA:29,1,FfWfqulAxZEaQbRAfDdp3A
DA:31,1,ReSiQwJUPdw3MCCNG1+fJw
DA:34,1,oh38cQNksoIwe+LKRK6HSQ
DA:35,1,US2IOv+J3bHn8FuY4cGkrQ
DA:37,1,LIeMEl2pa8JGL0VsEVIz2w
DA:40,1,ZNII0Ii99gpL9B7O3MTijg
DA:41,1,JYL4+1Y5cAS+y6ps6Z+sdA
DA:44,1,YSPAwOn2rsyyTIEu40ivHA
DA:47,1,5IIirED19q8LFdS9Nau55g
DA:48,1,l2cPBHRk66jLUkPwzByGww
DA:49,1,+Eg9TTsVPIXZ5E0MQ3EkOA
DA:51,1,JolmcEPmdoLq4vCsVjtN8g
DA:53,1,D6SzD//7fd5myF23i8s/og
DA:54,1,2iS3c/Afzcq9Zwn61LvskQ
DA:56,1,Ynj8c5iwLmtsF0g6i3+cZw
DA:57,1,OAhKYii4B9ecQnbEvFBnlQ
DA:58,1,9hSqujIooN5Os5/d78jnqQ
DA:59,1,iegOLMl80tejuA7UjyvXdA
DA:60,1,/RT056LZ5gmxyX2TOrp7zA
DA:61,1,TEPb22l4479xccAFsIINHQ
DA:62,1,qr6s7FGgMryb8vK2Zjrv9w
DA:70,1,lDF9AQYjp9S1AafZohMfsA
DA:71,1,xQJzP5rbEG64CL0sjlB34w
DA:73,1,RChNatfnpPMUaef9N+AIEA
DA:75,1,/0IC2eSeIULc0Nfkz9CfNw
DA:76,1,FSkdCnWjvLb1ByO5f+hb+w
DA:77,1,S33PBPj0/khco2rrIctefA
DA:78,1,h6AWFZxkYrZnteWj/pysmQ
DA:79,1,6SbE9coKAw0n93d7NM8+Kg
DA:80,1,fvNh5zxhrrTu0iSQauU7ug
DA:81,1,lNgP6WM7VRWHizuTkYUNew
DA:89,1,PgaLPrtSJRluDLVStdqPMg
DA:91,1,64muo6Ell1XM2IDjvNMl4A
DA:92,1,YcO94PiiwdWSBVfj6EnsKg
DA:93,1,mf9XvoE2D/kiJpdSG8KJ5Q
DA:94,1,DCDvUu+wzvwu7xQ7Ibnfdw
DA:96,1,GmQ2pRLws+40/1LNzepZxw
DA:97,1,56KP3b5TjKO6vJCdolqYlw
DA:98,1,eLB6WDHJrpt4f/kM51PJuw
DA:99,1,Chs0SSydBPO2MVX5UdctZg
DA:101,1,fi+BkqoWYcXnjGMtRR75Kg
DA:102,1,RqvLz3NyGLXGxRlXe3+eSA
DA:103,1,0FIRy4FbuXAbSXdvtubcSg
DA:104,1,qaMwN8gHSlRZp075qwyAmA
DA:106,1,n5dHti4/+nKEk2MCjvb0WA
DA:107,1,aEUUC6QnmohmTw4TJY76og
DA:108,1,poJaQ2O4KjI5NGj1dLGrHA
DA:109,1,2M4gTpxb2ENosEMoATMBsA
DA:110,1,2eKanK7+92AfqiaEtnErzg
DA:111,1,co5oDNzQJdlGNlNSMZRgyA
DA:112,1,LqfV+a1svGtN9CGb4ekUZQ
DA:113,1,XQQqV3XrueeWwFSsebzyfA
DA:114,1,JFZ52ZGHH3cyeyELZYjwkg
DA:117,1,pf+ZQenYnYd5cjFgrjCoYg
DA:118,1,YdghOyqmlMMJI93Pt4KH6A
DA:120,1,u66eQNgMBoMLIk/0FfnOCQ
DA:121,1,YDZIh/6kwK7JWRSCTeeyAA
DA:122,1,g0GWvpflsWrhGV+H7qpIjA
DA:124,1,+SbsjyH/eCr40Ad/P1P1xw
DA:125,1,5vGAKkjOj7rKDXkZdlwtzQ
DA:127,1,ahkN1XUGsfSBBkfdLyVeJg
DA:128,1,NextQF+F/Tlw759QdqOHGg
DA:129,1,33HxZ75L/5gPQyNVfchs2Q
DA:131,1,CGKCmD+SHoD9gmbzt8rsaA
DA:133,1,R+rBm/hT7y3pA1Ou9dSdDA
DA:134,1,L4IvrqaZPJk/qM9n9ZocuQ
DA:135,1,sOEOmjQw0nGqpwv4BJwN+w
DA:136,1,+R0hUSxZfyEEzHNAQMRc4Q
DA:137,1,mDtRfvsBH2l8pqaGPeKrjQ
DA:138,1,wI4iJ3C3JaLm0iYb/1QqZA
DA:140,1,9PSAbiIIsVd4IRXJPudkSw
DA:141,1,UmsruveTNQbaBiOfOEU5GQ
DA:142,1,+naj0c08hzldByIwyOdf0w
DA:143,1,LtHzUhuAf/I2hNX3c+Awwg
DA:144,1,ijLM4r2kxWSZ/hrqmzahgw
DA:146,1,9PSAbiIIsVd4IRXJPudkSw
DA:147,1,0LY7fnffzNSnt547xrzlTA
DA:148,1,5JcJS7eGb1IW28x9A+4EBw
DA:149,1,ih2WVzguObwyfJpuKiwkVQ
DA:150,1,fKwx4lOOdhtqCtiYMFwQIw
DA:167,1,GTDktPYx58PRZnZsqPasNQ
DA:168,1,Kkx5MBpl49ST/s2dZkBWxQ
DA:170,1,MnzpXe1veqpfA7nIMRo0OA
DA:176,1,x5wafoIhYHdWYVEmQtITUw
DA:178,1,SwhTiPaywWmmnbo27ICvvg
DA:179,1,R5RJHTaucxIe3ngeYb0NMQ
DA:180,1,Z1eYTtcXC94IvKD7/0058g
DA:181,1,pC1E6MuzRnmno0Lyu2HfWA
DA:182,1,/0IC2eSeIULc0Nfkz9CfNw
DA:183,1,uQiVRR4HvBA7OzjuOIFL8g
DA:187,1,PgbpX4pstDllnLD1HJvgjw
DA:189,1,IIqjovj51gjK598trpTWjA
DA:191,1,R+rBm/hT7y3pA1Ou9dSdDA
DA:192,1,X9cxABuCghKQTccev5+yLQ
DA:197,1,Fk0b9VXAHb2EiIOJgoQ38w
DA:198,1,R+rBm/hT7y3pA1Ou9dSdDA
DA:199,1,oaxk/o4oxc9ERYLUGUJMIg
DA:200,1,93jHN6eZVtNN4kcbx6FIUg
DA:201,1,qU0A/0kZhCNFnOT0XiTfeA
DA:207,1,QSqKzD0vKhJTX2gERS6Bew
DA:208,1,2eKanK7+92AfqiaEtnErzg
DA:209,1,+SbsjyH/eCr40Ad/P1P1xw
DA:210,1,RY8aWvhdGwq1c86+Dng9eQ
DA:211,1,M8dIX/TMGbnonHQhymTNnQ
DA:214,1,f62PLyIDEyptEey82ofR4w
DA:215,1,2EUBlCtjdXS28xcXf+beCw
DA:216,1,KJilQr/DG4xLEWLDgCRIkA
DA:221,1,IeWQcSKBHAD221fSD6hWbQ
DA:222,1,2EUBlCtjdXS28xcXf+beCw
DA:223,1,9BYi8WgPrpgesQGioZRf0A
DA:228,1,q0+akqJvbAeT3kPu4+wTGQ
DA:229,1,2EUBlCtjdXS28xcXf+beCw
DA:230,1,Wgf7aFS9fRNCrsHX+Wg87w
DA:239,1,BqX2JNUJ8Wauai/ghs9dMQ
DA:240,1,WgxFBFZvtXyZWC8Q9Zit2w
DA:243,1,SwhTiPaywWmmnbo27ICvvg
DA:244,1,WGJIQ4ojav/0J45keVJGzw
DA:245,1,1z5LwI2mTzdEahcILUL4uA
DA:248,1,EcZgDGi/j+CA5YAM9qMlmQ
DA:259,1,qLrpj78IJSt1AetgVH209A
DA:261,1,6W/sNiFxgIZEkSxsAwyiPA
DA:262,1,ORpZ5V/nBbo228itvzzuKw
DA:263,1,N1as0SHeR/SpFsYOnpYbuA
DA:264,1,GakV/fQkAGNMyJFJ7QnPYw
DA:266,1,ddF1IwfyVQeaPtEH1b9ZWw
DA:268,1,WgxFBFZvtXyZWC8Q9Zit2w
DA:269,1,MnzpXe1veqpfA7nIMRo0OA
DA:287,1,gk79S74v3ncDJ+LzcMS7kg
DA:288,1,GaTskBVzqALjoZEYg1+aBQ
DA:289,1,b0IOo6xYti5nvQwHoASr3g
DA:290,1,P4ZmO30p1/nIKCpWe4ac9w
DA:291,1,Ha6kG3ZOb5kWRXUNQvHNOA
DA:292,1,P4ZmO30p1/nIKCpWe4ac9w
DA:293,1,P4ZmO30p1/nIKCpWe4ac9w
DA:294,1,w0zmrfi3GQ49wGPQJIWJ+w
DA:295,1,P4ZmO30p1/nIKCpWe4ac9w
DA:296,1,P4ZmO30p1/nIKCpWe4ac9w
DA:297,1,obSv2DeThRu0Igs+qd/AeQ
DA:298,1,kbSIuZ6mIKhWEAFotDWPhA
DA:299,1,BzsAXEN6RDNq+wN5VPhn9g
DA:300,1,I/RfkJUilvNYPNl20mpEuQ
DA:301,1,lChJbkNghN18dNZE2WOpiw
DA:302,1,oUGKLfxkHdj/zsXTr4UUgQ
DA:303,1,bllScKo8/qQVA8n+uJqPCg
DA:304,1,BZC57UBEoZ66T5njPAYUcw
DA:305,1,qEWzGw0TIR2YGa5ZRIFlvg
DA:307,1,CAdrMudkaRKmdRb+yysDTA
DA:309,1,EFo4qU7nl8KETVovrouuTw
DA:334,1,BqX2JNUJ8Wauai/ghs9dMQ
DA:335,1,WgxFBFZvtXyZWC8Q9Zit2w
DA:336,1,MnzpXe1veqpfA7nIMRo0OA
DA:343,1,EcZgDGi/j+CA5YAM9qMlmQ
DA:344,1,WgxFBFZvtXyZWC8Q9Zit2w
DA:345,1,JbqJrXiCm95BKk+odFXX/A
DA:353,1,sj3vpqbUQ7lhCHeoTId0ng
DA:355,1,6W/sNiFxgIZEkSxsAwyiPA
DA:356,1,N1as0SHeR/SpFsYOnpYbuA
DA:357,1,GakV/fQkAGNMyJFJ7QnPYw
DA:358,1,Z9SIf6lT3/ARXcQmOVAZOA
DA:361,1,hnplvntDM4Om9zl8ClmhnQ
DA:363,1,SwAtZlpcj7ihUiq2LllkJQ
DA:364,1,MnzpXe1veqpfA7nIMRo0OA
DA:382,1,OGVT9z/p348aXMD1hQ5r3Q
DA:383,1,SwAtZlpcj7ihUiq2LllkJQ
DA:384,1,JbqJrXiCm95BKk+odFXX/A
DA:390,1,8+i6KaFGiaaA6lv2avwuXQ
DA:399,1,pEExKlZKcuh0ecKzoJ2n7w
DA:406,1,rBr+1KQctM7vcg7v9sHO7g
DA:408,1,fIqUXrOwvW6yF5LCuemjxA
DA:409,1,ORpZ5V/nBbo228itvzzuKw
DA:410,1,N1as0SHeR/SpFsYOnpYbuA
DA:412,1,ddF1IwfyVQeaPtEH1b9ZWw
DA:413,1,WgxFBFZvtXyZWC8Q9Zit2w
DA:414,1,MnzpXe1veqpfA7nIMRo0OA
DA:428,1,gk79S74v3ncDJ+LzcMS7kg
DA:429,1,WgxFBFZvtXyZWC8Q9Zit2w
DA:430,1,w1ErVaCb1NyLKzgDIiTPJA
DA:431,1,P4ZmO30p1/nIKCpWe4ac9w
DA:432,1,SXpkW1RU+USjszfzAQGlmg
DA:433,1,P4ZmO30p1/nIKCpWe4ac9w
DA:434,1,P4ZmO30p1/nIKCpWe4ac9w
DA:436,1,XPS1BgMq/gccR2wIjNG+wQ
DA:437,1,GmzeJCjWV2lFWMA0p3Ju1g
DA:446,1,BqX2JNUJ8Wauai/ghs9dMQ
DA:447,1,WgxFBFZvtXyZWC8Q9Zit2w
DA:448,1,MnzpXe1veqpfA7nIMRo0OA
DA:455,1,EcZgDGi/j+CA5YAM9qMlmQ
DA:465,1,kaQe/UPt7Na4D6by5sahfw
DA:467,1,fIqUXrOwvW6yF5LCuemjxA
DA:468,1,ORpZ5V/nBbo228itvzzuKw
DA:469,1,N1as0SHeR/SpFsYOnpYbuA
DA:471,1,ddF1IwfyVQeaPtEH1b9ZWw
DA:472,1,WgxFBFZvtXyZWC8Q9Zit2w
DA:473,1,MnzpXe1veqpfA7nIMRo0OA
DA:487,1,gk79S74v3ncDJ+LzcMS7kg
DA:488,1,WgxFBFZvtXyZWC8Q9Zit2w
DA:489,1,keUC2QPBEZBSrNDb5C4ENg
DA:490,1,o2IgcfSofbP7XGoaz0wWXw
DA:499,1,BqX2JNUJ8Wauai/ghs9dMQ
DA:500,1,WgxFBFZvtXyZWC8Q9Zit2w
DA:501,1,MnzpXe1veqpfA7nIMRo0OA
DA:508,1,EcZgDGi/j+CA5YAM9qMlmQ
DA:518,1,cM/9/9Z3lfSWuN+rwKSyPg
DA:520,1,fIqUXrOwvW6yF5LCuemjxA
DA:521,1,ORpZ5V/nBbo228itvzzuKw
DA:522,1,N1as0SHeR/SpFsYOnpYbuA
DA:524,1,ddF1IwfyVQeaPtEH1b9ZWw
DA:525,1,WgxFBFZvtXyZWC8Q9Zit2w
DA:526,1,MnzpXe1veqpfA7nIMRo0OA
DA:540,1,gk79S74v3ncDJ+LzcMS7kg
DA:541,1,GaTskBVzqALjoZEYg1+aBQ
DA:542,1,keUC2QPBEZBSrNDb5C4ENg
DA:543,1,o2IgcfSofbP7XGoaz0wWXw
DA:552,1,BqX2JNUJ8Wauai/ghs9dMQ
DA:553,1,WgxFBFZvtXyZWC8Q9Zit2w
DA:554,1,MnzpXe1veqpfA7nIMRo0OA
DA:561,1,EcZgDGi/j+CA5YAM9qMlmQ
DA:571,1,1d1CJD7I5/4X3iFzJthMaQ
DA:573,1,fIqUXrOwvW6yF5LCuemjxA
DA:574,1,ORpZ5V/nBbo228itvzzuKw
DA:575,1,N1as0SHeR/SpFsYOnpYbuA
DA:577,1,ddF1IwfyVQeaPtEH1b9ZWw
DA:578,1,WgxFBFZvtXyZWC8Q9Zit2w
DA:579,1,MnzpXe1veqpfA7nIMRo0OA
DA:590,1,gk79S74v3ncDJ+LzcMS7kg
DA:591,1,WgxFBFZvtXyZWC8Q9Zit2w
DA:592,1,w1ErVaCb1NyLKzgDIiTPJA
DA:593,1,P4ZmO30p1/nIKCpWe4ac9w
DA:594,1,F98QXrZ2zGwUMaQiO97gow
DA:595,1,KIbpdDvEjBMR2y9SE0+swQ
DA:596,1,kbSIuZ6mIKhWEAFotDWPhA
DA:597,1,2bGi0nxF7mMjF8hLPKrwsg
DA:602,1,BqX2JNUJ8Wauai/ghs9dMQ
DA:603,1,WgxFBFZvtXyZWC8Q9Zit2w
DA:604,1,MnzpXe1veqpfA7nIMRo0OA
DA:610,1,EcZgDGi/j+CA5YAM9qMlmQ
DA:25,0,ZAYJp8WtFzq8dQnsIu4WVA
DA:38,0,2AKC+rMo1tB7V9/rXt1H8A
DA:64,0,jvRVAaVpOZmtS6HRHTQ9Mw
DA:65,0,9hSqujIooN5Os5/d78jnqQ
DA:66,0,Po9SErd923xPAs+ao20ICA
DA:67,0,WPmujcj1U83tV4Rp7dcOCQ
DA:68,0,Ru5wmQTHQqJRQPeL8otsSg
DA:83,0,D9xA7fSvKOW6LQ+262zsUw
DA:84,0,S33PBPj0/khco2rrIctefA
DA:85,0,oBq4zMZ7vNX5vMczjCpHIg
DA:86,0,H3sRl+KKZt2mxFIVh0v5BA
DA:87,0,WY6DF7jjQLWZYyyPhtr90Q
DA:152,0,1xu4CBpEMCnXjGfubimyjw
DA:153,0,sOEOmjQw0nGqpwv4BJwN+w
DA:154,0,YYsyQt1AXEfPtN0TT55Q0g
DA:155,0,1FtCU5P99gXyexNWLKkfEg
DA:157,0,9PSAbiIIsVd4IRXJPudkSw
DA:158,0,ZLtEP9m0C8ginuPVXPeQbg
DA:159,0,+naj0c08hzldByIwyOdf0w
DA:160,0,GqKj4ngbPR/Pk/Xpyryw0A
DA:162,0,9PSAbiIIsVd4IRXJPudkSw
DA:163,0,srPLmgbmGdtp++MePU26EA
DA:164,0,5JcJS7eGb1IW28x9A+4EBw
DA:165,0,ih2WVzguObwyfJpuKiwkVQ
DA:172,0,6bE4D4UmSSraJFi41pz+3w
DA:173,0,OcX/JlHtAOi2JB83hEwOng
DA:174,0,MnzpXe1veqpfA7nIMRo0OA
DA:185,0,cZUnIJdo9W1zJlLK120UDQ
DA:194,0,X7Ve7KVhGD4az1keanptaQ
DA:203,0,Ri1T/g5jF81rLHwDWVDQLw
DA:204,0,sOjvvWlE1H6F5/3RSRaJqQ
DA:205,0,BwLP2R+rRjPYNoQPzvPKGQ
DA:218,0,+gB9SQb9krYaDgDYQHrDOw
DA:225,0,mkLSLYhVDaAP2wMmHXbOQg
DA:232,0,+JvY/Ajy8LcCjWUvTvIlQg
DA:241,0,MnzpXe1veqpfA7nIMRo0OA
DA:249,0,WgxFBFZvtXyZWC8Q9Zit2w
DA:250,0,JbqJrXiCm95BKk+odFXX/A
DA:252,0,3vJ02rznVClFF2R5h/3yuw
DA:253,0,t/X4sMdhYZUkpJlhsMqM0g
DA:254,0,IMjLXeR7B8S2ZPDePLyyoQ
DA:255,0,PbhXYnCQUWUhpD3XBsWjFQ
DA:256,0,GOhQqi6jktSTxS1oSKWIfA
DA:271,0,3vJ02rznVClFF2R5h/3yuw
DA:272,0,o81L2Dx1P6mJCccT8zvKnQ
DA:275,0,IlVrEVAInAF1JOw6g181JQ
DA:276,0,aKLHl9KJPNl58g45oPbVQw
DA:277,0,MnzpXe1veqpfA7nIMRo0OA
DA:279,0,8PQ4UgoeEmqe+smMD/x4mA
DA:280,0,NzmpWniUOu5oFC/DndmhwQ
DA:281,0,MnzpXe1veqpfA7nIMRo0OA
DA:283,0,6bE4D4UmSSraJFi41pz+3w
DA:284,0,OcX/JlHtAOi2JB83hEwOng
DA:285,0,MnzpXe1veqpfA7nIMRo0OA
DA:311,0,ReSiQwJUPdw3MCCNG1+fJw
DA:312,0,TwX7LOLpmkhpFloxqSQOPw
DA:313,0,CAdrMudkaRKmdRb+yysDTA
DA:316,0,Tj06IS/+rh++hmFz5MbWqw
DA:317,0,j5SG+Agf6WfxuB6YEqBvqw
DA:319,0,nBGMjgn8SB02jI8zKJ/bWg
DA:322,0,Tj06IS/+rh++hmFz5MbWqw
DA:323,0,n93oAYUXdNsmKb3yzdNNGw
DA:325,0,jK+is4YDyqVn3fK1D+79pQ
DA:327,0,xd3+mnUPkEJfOJEkPKmdfA
DA:338,0,ReSiQwJUPdw3MCCNG1+fJw
DA:339,0,WGJIQ4ojav/0J45keVJGzw
DA:340,0,1z5LwI2mTzdEahcILUL4uA
DA:347,0,ReSiQwJUPdw3MCCNG1+fJw
DA:348,0,t/X4sMdhYZUkpJlhsMqM0g
DA:349,0,6Cl9rsvSC80IYXUU++B4Lg
DA:350,0,PbhXYnCQUWUhpD3XBsWjFQ
DA:351,0,GOhQqi6jktSTxS1oSKWIfA
DA:359,0,oIOUBGjXsYnXBE/y/nbbCw
DA:366,0,WgxFBFZvtXyZWC8Q9Zit2w
DA:367,0,oHIJnlSVzvfEQqEiZ1/KKg
DA:370,0,3vJ02rznVClFF2R5h/3yuw
DA:371,0,EepSTnsMTQDYzFaYTHdKlg
DA:372,0,MnzpXe1veqpfA7nIMRo0OA
DA:374,0,8PQ4UgoeEmqe+smMD/x4mA
DA:375,0,mB9vKidm9UZbemQjGt6LhA
DA:376,0,MnzpXe1veqpfA7nIMRo0OA
DA:378,0,6bE4D4UmSSraJFi41pz+3w
DA:379,0,1lvEeN8rudcHmcdZeYl1dw
DA:380,0,MnzpXe1veqpfA7nIMRo0OA
DA:386,0,x093Nc0KXCZPt0hJK7PRHw
DA:387,0,VDMyJWs8wmhZ35jUlcFKDA
DA:391,0,SwAtZlpcj7ihUiq2LllkJQ
DA:392,0,MnzpXe1veqpfA7nIMRo0OA
DA:394,0,ReSiQwJUPdw3MCCNG1+fJw
DA:395,0,WGJIQ4ojav/0J45keVJGzw
DA:396,0,1z5LwI2mTzdEahcILUL4uA
DA:400,0,ReSiQwJUPdw3MCCNG1+fJw
DA:401,0,t/X4sMdhYZUkpJlhsMqM0g
DA:402,0,L85bpmCmHtPAlZBZibUahw
DA:403,0,PbhXYnCQUWUhpD3XBsWjFQ
DA:404,0,q4tSeHFsfW265UZkOVKOUA
DA:416,0,3vJ02rznVClFF2R5h/3yuw
DA:417,0,FoyOYzuq1ICiTfaML73phg
DA:418,0,MnzpXe1veqpfA7nIMRo0OA
DA:420,0,8PQ4UgoeEmqe+smMD/x4mA
DA:421,0,NzmpWniUOu5oFC/DndmhwQ
DA:422,0,MnzpXe1veqpfA7nIMRo0OA
DA:424,0,6bE4D4UmSSraJFi41pz+3w
DA:425,0,OcX/JlHtAOi2JB83hEwOng
DA:426,0,MnzpXe1veqpfA7nIMRo0OA
DA:439,0,ReSiQwJUPdw3MCCNG1+fJw
DA:440,0,VnHBBhBybHA34EWRH7lBOw
DA:450,0,ReSiQwJUPdw3MCCNG1+fJw
DA:451,0,WGJIQ4ojav/0J45keVJGzw
DA:452,0,1z5LwI2mTzdEahcILUL4uA
DA:456,0,WgxFBFZvtXyZWC8Q9Zit2w
DA:457,0,JbqJrXiCm95BKk+odFXX/A
DA:459,0,ReSiQwJUPdw3MCCNG1+fJw
DA:460,0,t/X4sMdhYZUkpJlhsMqM0g
DA:461,0,IMjLXeR7B8S2ZPDePLyyoQ
DA:462,0,PbhXYnCQUWUhpD3XBsWjFQ
DA:463,0,GOhQqi6jktSTxS1oSKWIfA
DA:475,0,3vJ02rznVClFF2R5h/3yuw
DA:476,0,FoyOYzuq1ICiTfaML73phg
DA:477,0,MnzpXe1veqpfA7nIMRo0OA
DA:479,0,8PQ4UgoeEmqe+smMD/x4mA
DA:480,0,NzmpWniUOu5oFC/DndmhwQ
DA:481,0,MnzpXe1veqpfA7nIMRo0OA
DA:483,0,6bE4D4UmSSraJFi41pz+3w
DA:484,0,OcX/JlHtAOi2JB83hEwOng
DA:485,0,MnzpXe1veqpfA7nIMRo0OA
DA:492,0,ReSiQwJUPdw3MCCNG1+fJw
DA:493,0,W8+9Iyl8yv8/o57cNJYJUw
DA:503,0,ReSiQwJUPdw3MCCNG1+fJw
DA:504,0,WGJIQ4ojav/0J45keVJGzw
DA:505,0,1z5LwI2mTzdEahcILUL4uA
DA:509,0,WgxFBFZvtXyZWC8Q9Zit2w
DA:510,0,JbqJrXiCm95BKk+odFXX/A
DA:512,0,ReSiQwJUPdw3MCCNG1+fJw
DA:513,0,t/X4sMdhYZUkpJlhsMqM0g
DA:514,0,IMjLXeR7B8S2ZPDePLyyoQ
DA:515,0,PbhXYnCQUWUhpD3XBsWjFQ
DA:516,0,GOhQqi6jktSTxS1oSKWIfA
DA:528,0,3vJ02rznVClFF2R5h/3yuw
DA:529,0,FoyOYzuq1ICiTfaML73phg
DA:530,0,MnzpXe1veqpfA7nIMRo0OA
DA:532,0,8PQ4UgoeEmqe+smMD/x4mA
DA:533,0,NzmpWniUOu5oFC/DndmhwQ
DA:534,0,MnzpXe1veqpfA7nIMRo0OA
DA:536,0,6bE4D4UmSSraJFi41pz+3w
DA:537,0,OcX/JlHtAOi2JB83hEwOng
DA:538,0,MnzpXe1veqpfA7nIMRo0OA
DA:545,0,x093Nc0KXCZPt0hJK7PRHw
DA:546,0,W8+9Iyl8yv8/o57cNJYJUw
DA:556,0,ReSiQwJUPdw3MCCNG1+fJw
DA:557,0,WGJIQ4ojav/0J45keVJGzw
DA:558,0,1z5LwI2mTzdEahcILUL4uA
DA:562,0,WgxFBFZvtXyZWC8Q9Zit2w
DA:563,0,JbqJrXiCm95BKk+odFXX/A
DA:565,0,ReSiQwJUPdw3MCCNG1+fJw
DA:566,0,t/X4sMdhYZUkpJlhsMqM0g
DA:567,0,IMjLXeR7B8S2ZPDePLyyoQ
DA:568,0,PbhXYnCQUWUhpD3XBsWjFQ
DA:569,0,GOhQqi6jktSTxS1oSKWIfA
DA:580,0,3vJ02rznVClFF2R5h/3yuw
DA:581,0,FoyOYzuq1ICiTfaML73phg
DA:582,0,MnzpXe1veqpfA7nIMRo0OA
DA:583,0,8PQ4UgoeEmqe+smMD/x4mA
DA:584,0,NzmpWniUOu5oFC/DndmhwQ
DA:585,0,MnzpXe1veqpfA7nIMRo0OA
DA:586,0,6bE4D4UmSSraJFi41pz+3w
DA:587,0,OcX/JlHtAOi2JB83hEwOng
DA:588,0,MnzpXe1veqpfA7nIMRo0OA
DA:599,0,x093Nc0KXCZPt0hJK7PRHw
DA:600,0,VR/0pfbQQszM0yOYh38Rrg
DA:606,0,ReSiQwJUPdw3MCCNG1+fJw
DA:607,0,WGJIQ4ojav/0J45keVJGzw
DA:608,0,1z5LwI2mTzdEahcILUL4uA
DA:611,0,WgxFBFZvtXyZWC8Q9Zit2w
DA:612,0,JbqJrXiCm95BKk+odFXX/A
DA:614,0,ReSiQwJUPdw3MCCNG1+fJw
DA:615,0,t/X4sMdhYZUkpJlhsMqM0g
DA:616,0,De683z2fN7Uxuw02woqhIA
DA:617,0,PbhXYnCQUWUhpD3XBsWjFQ
DA:618,0,GOhQqi6jktSTxS1oSKWIfA
LF:434
LH:254
end_of_record
TN:
SF:hazel/model.py
DA:1,1,i+Iwvg05fHkYoJnhBJo17w
DA:2,1,KQ2Ec9nGpuQ6sZpHznSLKw
DA:3,1,vmkbj5i8Pd26le6mimI+5g
DA:4,1,ZboanMeBlS+wg9WOGV5fTQ
DA:5,1,Y4HsR1v+NcCvBCPDS3TRoA
DA:6,1,9EV4zdwug51y6yed4yjzpw
DA:7,1,DuC1T5Hn8k+0QEqZ7aP8Aw
DA:8,1,Au+EFolqb7Zyt4FAy4i3yQ
DA:9,1,x/4l/ZSOcXpLGDVow9m2Tg
DA:10,1,K33hDvAtnrK3dzsN9BSNRg
DA:11,1,83Vk0JuORXavvJcjAajm0A
DA:12,1,IWWjrCeOtk8NNtrE95++2g
DA:13,1,2/+ysJB2BBzVWbseKUaEjQ
DA:14,1,7Z9Lj4ed27Wf2hBX6jooEA
DA:15,1,6vWAvNsegNqafFN4IKLrhg
DA:16,1,fvmfqCoAEzvuZtENDPnqNA
DA:17,1,xyaJ8x9nQqdfgD6IC+awlw
DA:18,1,IVhhUWMrPx5DYOcGeKKF4g
DA:19,1,XL/232GyfOCk6nXNeAhe1Q
DA:20,1,QTuOOmsjJ2YxkfatDdXTJw
DA:21,1,uqQzsyLE2snBclOsmsd0qA
DA:22,1,EZEzNmL93PY96zsSuI0PfQ
DA:23,1,mUDsnWRiqW9R9nTILGKIZg
DA:26,1,ty2qi3oisjrmLKAOzWKx1Q
DA:28,1,g0q2TzKUcJe4vLh9aZ6yLQ
DA:29,1,hdzQfA9TrhIj/v9HeDpt5w
DA:31,1,JJjs6XK/3GrzHhdpOyb6LQ
DA:33,1,rrzBm6Bi7ugD29O6vlybaQ
DA:36,1,hlXulbYcq9CFY0+lnEZffA
DA:37,1,cOft4qd2C4rszwYXdBE5oA
DA:38,1,GykWHzt1dWfaYxqaAglyMw
DA:39,1,IlXFNxwn+/ZejAKsZchq8A
DA:40,1,TajOmbumE384jqQ2/ZhCHQ
DA:41,1,TDeLEWUvyJXvx72VecANgA
DA:42,1,z1HxkVIp7RDufqhVv46EMA
DA:43,1,f5043BgSoIb1VkS2nq1nNg
DA:44,1,l6YyeDJRnYEwHe9a8h1O1g
DA:45,1,YaAVCaAWpksqcbEFVXi6Rw
DA:46,1,//Wjc0uLHVl8PsXdXVjFtg
DA:47,1,OpOOVSK12ld+ieTAFXNAIA
DA:48,1,uEEC5XWaCGwHQtTsQrjFsg
DA:49,1,zyJ22ZSpORz9DYMqyO/OdA
DA:50,1,oGeovaFe9zDeoo1LJUsmXQ
DA:51,1,cq84eWnD+OQ/SlpOazWXoA
DA:52,1,eKYiIMRUXjenFrqgZd1Pbg
DA:53,1,ke88qoH2kJnm0blbeQqhzQ
DA:54,1,pS17kLVjwzDmm24iK5VoSQ
DA:55,1,GakV/fQkAGNMyJFJ7QnPYw
DA:57,1,glRIZ4ZYrRbyNghFMdtUcA
DA:58,1,7p/6cH9yJUCC77xZjfeN5w
DA:59,1,Ke1FsKTTTxRYOdSZI9aa2g
DA:60,1,yCaCM/Y51HrpBv8/Vt0ROQ
DA:62,1,6Lv/gPGkf/c+fqGbOP4rIg
DA:64,1,a3k/r9QaTxjOZW1SHUftlw
DA:65,1,XHwf5ddmsLzWRdxMV0hXbQ
DA:66,1,faISOE49hraYp6iRfX28aw
DA:68,1,dE3dPJM0NiaY6A8nqaVPvA
DA:70,1,eVx0tifGFs5BkVpre9d3cA
DA:71,1,blXPatpu4sL05ACEYGRSyw
DA:72,1,Nm/fYCbptslhsPKuNDhbQg
DA:75,1,HyZM0ALX5Nj+h5VPEstCjQ
DA:76,1,dPxy5GYxgMt4zjZMS73oNg
DA:78,1,LkFIvKmRLqRFjZv68lu+Lg
DA:80,1,+5WIyjlS/r3qq2oLQ5jREA
DA:81,1,LefJVrPOsKzrdUVmfxda4w
DA:83,1,NrOaOrE9Tv9aO5pr2U4WCg
DA:88,1,eKRutshUbfmX6mc2o7CJTg
DA:89,1,AWtM5OVODMqPaK1GdIlmEA
DA:91,1,NFA53Mgz1fW6YzPF2T/YYQ
DA:92,1,eKRutshUbfmX6mc2o7CJTg
DA:93,1,XR/hrc/QLvmS42KSaT2cyA
DA:94,1,Sw1pox+O5246Dk1J2I+gFQ
DA:96,1,SuYGU5kZh0/ObjrbAF7Ung
DA:99,1,8RrxMQKd883MY94/sPJnYg
DA:101,1,YiNx9ZykRVSOQYtP3/QHtg
DA:107,1,Y90Lb4BiecB3B4yhp8k6Uw
DA:112,1,j+CcxAIEiLeqjzkbiEHnZA
DA:120,1,KqJ2wq+uVF0Iql8Auc18aA
DA:135,1,BQUKcEp82bYwciwSrAwFqg
DA:139,1,7YUtFnY3wdbwjZIJ7ufRog
DA:142,1,vUGoFt8zo9EFgoAow4CNzg
DA:145,1,oKO4Js9vbNgL11g6eb/3ig
DA:146,1,+5WIyjlS/r3qq2oLQ5jREA
DA:147,1,+73KNYu7BHZAZVQ3zjf1eg
DA:154,1,Ibr3La3avTpSonQ7GG5lFw
DA:155,1,3gbyeNSN4fwOGIZwyKdSPw
DA:158,1,buezMlZhTVKK9pW6PerKhg
DA:159,1,pDn6vgUpNya9oEucjKix3A
DA:160,1,xVcQB0at6x7R+eF0PSXE3w
DA:161,1,Iq8y86nL2WKGoZ/G9xPt3A
DA:162,1,vrspJ+dxg6hRGJkwPu77gg
DA:163,1,RG+s8qV12BWyykAR6X3+Sg
DA:166,1,ZmS6XQ65iaTMQ1n+JON77g
DA:172,1,BBh/aYcQ+ujuxOagwevSKA
DA:173,1,+5WIyjlS/r3qq2oLQ5jREA
DA:174,1,GzIp/ZQ6fi3s32ItOWBRmw
DA:177,1,9/mbHQJbJR7t6Cwsh0TE4Q
DA:183,1,1GcrJ5IkdOd86LJG257fbA
DA:184,1,+5WIyjlS/r3qq2oLQ5jREA
DA:185,1,VOuLYRHNnsSwvL5S60FnkA
DA:188,1,+5WIyjlS/r3qq2oLQ5jREA
DA:189,1,JkUWSa0BwwlyxfIUhaOreQ
DA:190,1,mMnKwYQRBLRG+CEiViq8Rg
DA:192,1,5/Rlkqmfcev8D4o2xo6QPA
DA:195,1,Ncxygy8QSIphJOM+KCy7kw
DA:203,1,c2rVC1bivMROvd5ZWjbNGg
DA:206,1,qoON9xkhoNrqN/eAMTNODg
DA:209,1,+lGyZtRfE2JGMe2FGRQtEg
DA:211,1,+5WIyjlS/r3qq2oLQ5jREA
DA:212,1,9bQQlkU98C0550dv96sTNA
DA:215,1,DURBtaxFJQGtNhQ8z5H11A
DA:217,1,IlXFNxwn+/ZejAKsZchq8A
DA:219,1,+5WIyjlS/r3qq2oLQ5jREA
DA:220,1,IHzD3aFdxf7W1zAgMbxB4A
DA:222,1,TgXoUZ4fnbjmUOuwH+KTNw
DA:224,1,9q5kC/PBcNHlpHcd+e9sLQ
DA:225,1,TVgvoV5XhnOGhbLWdYkZ+w
DA:226,1,IzVyxThB7e0/90+EfeUSgA
DA:228,1,BNLGg+6Y73FdOxugTa18EA
DA:230,1,/sQjdF3Foq9ATDxT49ITvQ
DA:231,1,pIkYG5ecS8zbD4e49ZDb3A
DA:232,1,nF6149vqWY92Q3FT9cqk7A
DA:234,1,HGQ0QLoMlTv7ew0KQV1tQw
DA:236,1,husFObxTVflvtlUGCia2Bw
DA:237,1,pIkYG5ecS8zbD4e49ZDb3A
DA:238,1,ojvVGf6ZVwFD85jzZvlUtw
DA:240,1,00NoX0AzsaoFSmxYSZpz9w
DA:242,1,82ATWZVa3a+/k6FQM39tDg
DA:243,1,pIkYG5ecS8zbD4e49ZDb3A
DA:244,1,PbmD05bkhEB0jtQz2/X0Sg
DA:246,1,KkVOZEdEYe567WdNx1+/zw
DA:248,1,VN2b378/BonmCnK2XZmzpQ
DA:250,1,Lpjdow6qvAs7MpxTnabdEw
DA:265,1,+5WIyjlS/r3qq2oLQ5jREA
DA:266,1,fULVQ5gkSBDdjxUosTBe/w
DA:267,1,yrRiv1TFU7+YlIbviMb14A
DA:268,1,/UpbIh0U6RWxAL/qBspADA
DA:271,1,+5WIyjlS/r3qq2oLQ5jREA
DA:272,1,iBA6VpT6//3/YSE1codleA
DA:273,1,CtKg/4tZuGynsT2V4gXqbw
DA:276,1,QZklKwo7JPLb32zQBqqBwQ
DA:277,1,JRBfWCWluaQDbkdzMu13bw
DA:278,1,VgHc5Z1PlARWEdfWqXi5HA
DA:279,1,2F33dC/aadegJTBNSuv7yA
DA:280,1,bG6FqHxYDfLqIDix1T6dKg
DA:281,1,KJIuGv6RytcuTW2ZujuzNA
DA:282,1,zRvInwKuhLyr3250PBkk6w
DA:283,1,m6QLm906Lnub4wfIXp9eOA
DA:284,1,0zxqYxbh2gVCsCW+WQJ8lA
DA:285,1,yOyO46/WanGQ0XG8wQwqzg
DA:286,1,3HIbhx6HjPuzCdMpuWhn9Q
DA:287,1,ntjfeZffJhUj9JKDPtc80A
DA:288,1,iAHg3ROqG/A4kEH9bmzAPQ
DA:291,1,T679NmO843PvUiRd2Ajttg
DA:296,1,POOXX017Vadq8q+xvx5tdA
DA:300,1,Zzko4ti/nXTIi5+lzBBwhg
DA:301,1,kaisvpHPDfxEDMZ/bf2uDg
DA:302,1,MAZ5cPdm4S7jzczCrLOXOQ
DA:303,1,tNrUZEqaYobE97XhqF1vsg
DA:308,1,pIkYG5ecS8zbD4e49ZDb3A
DA:309,1,bJkKPbyFP5ZwciyLHc0hUA
DA:310,1,Ir7nPrbO82MR2ivgyMGzGA
DA:312,1,buezMlZhTVKK9pW6PerKhg
DA:313,1,pkTBtofAzR1Bs9OMN5AT+g
DA:314,1,MAZ5cPdm4S7jzczCrLOXOQ
DA:315,1,tNrUZEqaYobE97XhqF1vsg
DA:320,1,pIkYG5ecS8zbD4e49ZDb3A
DA:321,1,nPAP+XVem+DHwGS09Dwdjg
DA:322,1,Ir7nPrbO82MR2ivgyMGzGA
DA:331,1,buezMlZhTVKK9pW6PerKhg
DA:332,1,I6clZOD6bb0hU6zpi9Yyeg
DA:333,1,MiWAP3Q7KA9Hbj9WiIqpkA
DA:334,1,M37eqT0oViPXyenri85MFw
DA:335,1,k6gCXOpxwrjwDDKONDTKvQ
DA:336,1,mDLs+/mZrKEirFFZ/yMMkw
DA:338,1,46fQXFc2UpwLxtvV9djWYA
DA:339,1,tNrUZEqaYobE97XhqF1vsg
DA:342,1,jaZzHZambrebAv9Rz+oRqw
DA:361,1,j/aZ4JwOlPGtln5XfAsbRw
DA:362,1,OdLt0LTbSN2XQ0rVFEMLJA
DA:363,1,vKzLDJxkdw9dPJBqRb/jxw
DA:364,1,pY6FaU88y8s4K+C7wD59yg
DA:366,1,+4bG7Tly096ztyP8L2FzuQ
DA:368,1,zAItAUbYnFh+I7FJQiK6GA
DA:369,1,uQ8JP90gG0NDgkH003JEug
DA:371,1,bG6FqHxYDfLqIDix1T6dKg
DA:372,1,uQ8JP90gG0NDgkH003JEug
DA:375,1,buezMlZhTVKK9pW6PerKhg
DA:376,1,VAvLk0eXY4gdElcQ3IpUhg
DA:378,1,MiWAP3Q7KA9Hbj9WiIqpkA
DA:379,1,mVb6xg/EUNwIcEOyXAxQyg
DA:380,1,zJr8wwgL9tGeW34ZnieKCQ
DA:381,1,j+c0qnA8Xz9V8vDMMhRFYA
DA:383,1,eKRutshUbfmX6mc2o7CJTg
DA:384,1,cFVR/Sttc1x766IU2RJl5A
DA:386,1,KjHNcxTMm46Tt1W2ooU50A
DA:387,1,hBCeF7eGlwKKJJMmoYMYhg
DA:388,1,kvTx56coPCRTTUr1CAjisA
DA:390,1,0DBjPifhnCzqLNSeDnERDQ
DA:391,1,xe1IOIcJMRHkpQrcyHw9bQ
DA:393,1,mfJye/dds7cjEgw66GrJKw
DA:394,1,Zzko4ti/nXTIi5+lzBBwhg
DA:395,1,EmUohTmxgBqZ655YlrG0fw
DA:396,1,51ARo7qhUhYXSybn5E8Kpw
DA:398,1,44J8zP+OXTLCkcmANa/hFg
DA:417,1,7szG3hd58JcDeqXi5668Eg
DA:420,1,X/TJlOF/4mAcymAvlURq+w
DA:421,1,5vGsB17ek/xC35MYANheuw
DA:423,1,rEvdp8cHdX3rhMDf9JxJ1w
DA:424,1,HJPvZoA8hs3hFMedgHU2HQ
DA:425,1,5T+VXX/CL+lSrieYDto1Sg
DA:428,1,hwUWn8MwMSzq8HXSeaYiNA
DA:429,1,leTrWP6GxAa9gZOarsqgHw
DA:430,1,XHq2Hx93/eswVmg+dX/H2g
DA:433,1,+oN6NiMFyRCsORFopd6taw
DA:434,1,0VgHFfwF3t9Ij7gtTnZZvQ
DA:435,1,TLSAiYwS/l/pR2vaNP8fDw
DA:438,1,81jrari4MLGOKQCFIzaT4g
DA:439,1,QaEI9dTSVgaqvwuvA1D7rg
DA:440,1,tnabRUXS9NXarrglw/vHTg
DA:443,1,kuZc9l8OrRNjHZ7FwlHmKg
DA:444,1,ZdYYhrdK7P9392il3zNcBA
DA:445,1,pGgLYi26/f1TVKCvCSfd1w
DA:446,1,ZdYYhrdK7P9392il3zNcBA
DA:448,1,6kT6IMjqIrxkBe3o7Da78g
DA:450,1,6nft9quNhEvAk+3mkKdR/Q
DA:453,1,hbbSdffVZBh+sho9JtxLJA
DA:454,1,ri11QxpioFm8ZlGUoP2bqw
DA:455,1,Y10L2UECOaZvGdS3HSszvQ
DA:456,1,ppJ33wqSQ7vuFzPuWRSr2A
DA:459,1,HMnY2csxm2GuIMwXF22yuw
DA:461,1,N49/WZ0EEbiKmFWuDjGnhQ
DA:464,1,Yzx17BDpTtVQ8dBKoL35zQ
DA:465,1,2AS9xoZ//ELx5kKBrIFZFA
DA:466,1,FYwH89ONSL+bMRprlRsr+A
DA:470,1,GASOo5JrdjhUJS4unU04+A
DA:473,1,7g77P4PgJdt7HzyYzo5kOA
DA:474,1,2Z1DU/ViTHmWAbsBB6TLVg
DA:475,1,2hrazaidSA5YDQzH3ipajw
DA:476,1,PCOw2UDpOBn6n5jhpq0ocA
DA:477,1,pIkYG5ecS8zbD4e49ZDb3A
DA:483,1,7g77P4PgJdt7HzyYzo5kOA
DA:484,1,2Z1DU/ViTHmWAbsBB6TLVg
DA:485,1,A5TnGIgbVVelBQQLd6EmWw
DA:487,1,q2n6HE9oq6RSNLq5NEgqzQ
DA:488,1,pIkYG5ecS8zbD4e49ZDb3A
DA:489,1,U5g+GKX0NjNCVVbI5/MIMw
DA:490,1,9FGUDzVWjUtbYvX6+q5T6A
DA:491,1,zCRA7PEJ3bcUI+wJIiTdOQ
DA:498,1,7CGgOE2hh71DfarVdISidA
DA:499,1,jehp2JxyS6pEaY/Ugcb+ew
DA:501,1,QIk0zaRiZJe/YeKQcpl37g
DA:503,1,eKRutshUbfmX6mc2o7CJTg
DA:504,1,UA/i3zvhCuekNisTGtKOzw
DA:505,1,cKH/vYg3ioRPAdoknGSevg
DA:508,1,lSiI2DD8tyZ9vbOc7G621w
DA:509,1,HqCLZrB8v6+jb09b8zfTcQ
DA:511,1,D9ZjR7LyxObeuwBZllNzKw
DA:513,1,eKRutshUbfmX6mc2o7CJTg
DA:514,1,4DtJr6NhpRuSqBPbKyASsQ
DA:515,1,M5cStN4YOubX/LIu86X80w
DA:517,1,zP9oGko3TDkZOeIVIb9EZA
DA:518,1,Z4R0Y8GPyf5lkoVVRpgmFg
DA:519,1,eKRutshUbfmX6mc2o7CJTg
DA:520,1,EnBiVByu/U7lZ4XnviFvWA
DA:526,1,ljl7yuL3lVbNSCiPgIM91A
DA:527,1,eKRutshUbfmX6mc2o7CJTg
DA:528,1,fJkqhxmAYgXz6zFeVjmZdg
DA:530,1,eKRutshUbfmX6mc2o7CJTg
DA:531,1,sgvy8bPYhXGtMHTvzYB+MA
DA:542,1,y3IGbDhPKmKuUC9A1GIE+Q
DA:547,1,xwVuuY3PY/tflKitAqANrA
DA:548,1,eKRutshUbfmX6mc2o7CJTg
DA:549,1,9oSt7+EPkvsi375T1UnsAQ
DA:551,1,bcxYpQNMEGMfBsAeCvKSKw
DA:557,1,7piH2p4krUt5RtvUd9GArw
DA:558,1,XqCOhhclv2kZp3il3ki2sw
DA:562,1,eKRutshUbfmX6mc2o7CJTg
DA:563,1,SCEeYlGDPn73VKu6kg+BQA
DA:565,1,EomCeCstcVVghhgK14uElQ
DA:566,1,Ny0KlDu5URKThzLw8WaKgQ
DA:567,1,WR07umgwe9FaNGXGURFkvw
DA:568,1,feaA+PKrixvDDe4Qa1IX9g
DA:569,1,PSONLzhFuzyn9YRtgLZLJg
DA:571,1,/xM1YgPUTeynSzxzvqvOxA
DA:573,1,4/IRZlXgBuvpf04A8agNWA
DA:576,1,0zguxxshSDKiAXcBrmfMYw
DA:579,1,BuGS8xMWclvQ6i4bsPoC5Q
DA:598,1,swarWz65UFg9/uufpgO11A
DA:600,1,AGWGDPlCHBYWh35XLwBHIw
DA:601,1,qDpRK2dqdrtNES1/4Xn6HA
DA:605,1,D8k9VnJ2DjEoBS3O81+jnw
DA:613,1,1SYPeBus22LsYaLDfTobaw
DA:615,1,P79EsuRC7EgIuWsWpapnEw
DA:617,1,dNAoJGCw/rbbN5vuJS3SXQ
DA:620,1,drOEsKUGNDwuDLfl+x2rJA
DA:621,1,QLnZQepvX6TJnaIezZNt3g
DA:625,1,6DEE8qKAaWFUj311dJOG5w
DA:631,1,vfKVf5Mn2DFXj8MKye+JbQ
DA:633,1,+5WIyjlS/r3qq2oLQ5jREA
DA:634,1,V1AvX5pO9JoriIf4ZVwWJw
DA:635,1,B4YTI/teb8DO+htRbkcyPw
DA:637,1,Ijnuzb9BjPWyLbMXWrTnaQ
DA:640,1,eOz7BwBy31RAuGxtjP2XCw
DA:643,1,Hb2fP8XygcYZ/6d4oBkcfw
DA:644,1,qiYAkNEWyS2V3OBECaqUDA
DA:645,1,Ij8rtvTMZUATvU1MboPaIg
DA:646,1,ZVP+/JsR7UprWkborvCYoQ
DA:647,1,rCB7ITsBLm+iGsVG/EEuxA
DA:650,1,Yo6WlShQio3mTJ3S95nldg
DA:652,1,RoU8L/8rAxAjLdzxZh/DAA
DA:653,1,B40LkdSdtiJI1iwaijjImQ
DA:655,1,kD+Rp99y0wSv6SNYtCCHzQ
DA:656,1,sIalb+PxVltu9MhIum0cPQ
DA:657,1,JKLjaniaXpiMCAaLCGxKuQ
DA:658,1,i8NIzE1XDCJ+YcDUIwQbyQ
DA:659,1,rCB7ITsBLm+iGsVG/EEuxA
DA:660,1,CkhIJxTi9opMMXi2XgqqAQ
DA:662,1,jflVm+aG60LE6YrZSFJMYQ
DA:664,1,qjt6bHmae+y8QX2nfMtO4A
DA:665,1,2fdqGCiA90gmEZQndX0MPw
DA:666,1,wav0ype9lP8zoGj3dkyxXA
DA:669,1,uBQz6lvScOVmgtx3LaI2cQ
DA:671,1,12IB0xz2Z+piZTfAbrxj+w
DA:674,1,0wHBp8lxREezqB65e/RtCg
DA:675,1,EeWC3jORGq/ZRngNDkKqVg
DA:676,1,Ij8rtvTMZUATvU1MboPaIg
DA:677,1,ZVP+/JsR7UprWkborvCYoQ
DA:678,1,puiOFev+2pBf5M+lOoQv/Q
DA:680,1,ZbL+7XOrd5opmqDWML+t1Q
DA:686,1,DKWSt7PIJUWFlfztBZNquQ
DA:689,1,eVI+yGoMBdDOkI+npEECmA
DA:692,1,AH/E1v80eoGOY/h8A9eGEA
DA:711,1,swarWz65UFg9/uufpgO11A
DA:713,1,4ynp/gaGVdeyZojlYHdHKA
DA:715,1,P79EsuRC7EgIuWsWpapnEw
DA:717,1,dNAoJGCw/rbbN5vuJS3SXQ
DA:720,1,drOEsKUGNDwuDLfl+x2rJA
DA:721,1,QLnZQepvX6TJnaIezZNt3g
DA:725,1,QvL1ENMbg3Hc4cvcJRWz1w
DA:728,1,6DEE8qKAaWFUj311dJOG5w
DA:729,1,Nans0MdfaNn2oE4lLuP32g
DA:730,1,8mW0zlGVeOdFRjS/DC91kw
DA:731,1,gmCG2lkR0vEkN10tZenOVg
DA:732,1,i/8PGeDM8Mdq0kpzyYX4jw
DA:734,1,KH8gkOw7t6bES/3DgLlcOg
DA:736,1,+5WIyjlS/r3qq2oLQ5jREA
DA:737,1,Ujpz5Q9rHI9WvN9O5Rn0Ew
DA:738,1,B4YTI/teb8DO+htRbkcyPw
DA:740,1,Hb2fP8XygcYZ/6d4oBkcfw
DA:741,1,qiYAkNEWyS2V3OBECaqUDA
DA:742,1,Ij8rtvTMZUATvU1MboPaIg
DA:743,1,ZVP+/JsR7UprWkborvCYoQ
DA:744,1,rCB7ITsBLm+iGsVG/EEuxA
DA:747,1,Yo6WlShQio3mTJ3S95nldg
DA:749,1,RoU8L/8rAxAjLdzxZh/DAA
DA:750,1,B40LkdSdtiJI1iwaijjImQ
DA:752,1,kD+Rp99y0wSv6SNYtCCHzQ
DA:761,1,PlOo/w1w/Pr28Nr65z7QhA
DA:762,1,wyMHIW/ewkOfgP3Ie6hQnA
DA:763,1,zs+OiW84kSvuVRo7FygQIA
DA:764,1,Q7fMpeU8NCWoZpKBfx8+/Q
DA:765,1,CAzb/mk3J4j6of40oIrrpg
DA:767,1,GsoqeXsXXWJuuBGvoLNFaA
DA:769,1,1YVP8mE7oxUxJtA/At3h9A
DA:771,1,X/TJlOF/4mAcymAvlURq+w
DA:772,1,ef6/Ywyr6pnG/UQfdyyt8A
DA:775,1,qjt6bHmae+y8QX2nfMtO4A
DA:776,1,2fdqGCiA90gmEZQndX0MPw
DA:777,1,wav0ype9lP8zoGj3dkyxXA
DA:780,1,uBQz6lvScOVmgtx3LaI2cQ
DA:782,1,12IB0xz2Z+piZTfAbrxj+w
DA:786,1,YO/gvFR+Yqu9Nwl8U8mfKg
DA:788,1,a8n3fb6c+KfkfpU7tjpzlg
DA:789,1,EeWC3jORGq/ZRngNDkKqVg
DA:790,1,Ij8rtvTMZUATvU1MboPaIg
DA:791,1,iHPaakTiflAzfxShl/7CNA
DA:792,1,puiOFev+2pBf5M+lOoQv/Q
DA:795,1,BIcVHbLGQn3i7yK2VrZLoQ
DA:814,1,swarWz65UFg9/uufpgO11A
DA:816,1,k/W2xsTMkF3/cvuVstrJPg
DA:818,1,P79EsuRC7EgIuWsWpapnEw
DA:820,1,dNAoJGCw/rbbN5vuJS3SXQ
DA:823,1,drOEsKUGNDwuDLfl+x2rJA
DA:824,1,QLnZQepvX6TJnaIezZNt3g
DA:828,1,j4DXBjbButXTaW+qwQwLYw
DA:831,1,Hb2fP8XygcYZ/6d4oBkcfw
DA:832,1,qiYAkNEWyS2V3OBECaqUDA
DA:833,1,Ij8rtvTMZUATvU1MboPaIg
DA:834,1,ZVP+/JsR7UprWkborvCYoQ
DA:835,1,rCB7ITsBLm+iGsVG/EEuxA
DA:838,1,Yo6WlShQio3mTJ3S95nldg
DA:840,1,qjt6bHmae+y8QX2nfMtO4A
DA:841,1,2fdqGCiA90gmEZQndX0MPw
DA:842,1,wav0ype9lP8zoGj3dkyxXA
DA:845,1,uBQz6lvScOVmgtx3LaI2cQ
DA:847,1,12IB0xz2Z+piZTfAbrxj+w
DA:851,1,a8n3fb6c+KfkfpU7tjpzlg
DA:852,1,EeWC3jORGq/ZRngNDkKqVg
DA:853,1,Ij8rtvTMZUATvU1MboPaIg
DA:854,1,iHPaakTiflAzfxShl/7CNA
DA:855,1,puiOFev+2pBf5M+lOoQv/Q
DA:857,1,RoU8L/8rAxAjLdzxZh/DAA
DA:858,1,B40LkdSdtiJI1iwaijjImQ
DA:860,1,kD+Rp99y0wSv6SNYtCCHzQ
DA:870,1,9MceKzo7tNlzhc2qINvFkg
DA:889,1,swarWz65UFg9/uufpgO11A
DA:891,1,H9maQQZU2FvgaBWpMsLQFA
DA:893,1,P79EsuRC7EgIuWsWpapnEw
DA:895,1,dNAoJGCw/rbbN5vuJS3SXQ
DA:898,1,drOEsKUGNDwuDLfl+x2rJA
DA:899,1,QLnZQepvX6TJnaIezZNt3g
DA:903,1,j4DXBjbButXTaW+qwQwLYw
DA:906,1,Hb2fP8XygcYZ/6d4oBkcfw
DA:907,1,qiYAkNEWyS2V3OBECaqUDA
DA:908,1,Ij8rtvTMZUATvU1MboPaIg
DA:909,1,ZVP+/JsR7UprWkborvCYoQ
DA:910,1,rCB7ITsBLm+iGsVG/EEuxA
DA:913,1,yZP5lHCrTYkRHaX8gqSxQw
DA:915,1,0HpdGZEikimj74MzmNdIWQ
DA:916,1,26bupZCe+LQr88p8y/jKDA
DA:919,1,qjt6bHmae+y8QX2nfMtO4A
DA:920,1,uBQz6lvScOVmgtx3LaI2cQ
DA:922,1,12IB0xz2Z+piZTfAbrxj+w
DA:926,1,a8n3fb6c+KfkfpU7tjpzlg
DA:927,1,EeWC3jORGq/ZRngNDkKqVg
DA:928,1,Ij8rtvTMZUATvU1MboPaIg
DA:929,1,iHPaakTiflAzfxShl/7CNA
DA:930,1,puiOFev+2pBf5M+lOoQv/Q
DA:932,1,RoU8L/8rAxAjLdzxZh/DAA
DA:933,1,B40LkdSdtiJI1iwaijjImQ
DA:935,1,kD+Rp99y0wSv6SNYtCCHzQ
DA:945,1,37M2GrVBhdhSjBoQ87MvJQ
DA:959,1,sn0NaHI8BZiDLqT3h+nrxA
DA:960,1,bG6FqHxYDfLqIDix1T6dKg
DA:961,1,aRFZKo4f1ZYVAkiR9Zulug
DA:962,1,m+xHYjADoiW8VjCHzANB5g
DA:963,1,pIkYG5ecS8zbD4e49ZDb3A
DA:964,1,bFWeyCgjd8UKLu3/JtZQ9g
DA:966,1,1pOtwrzH4VHiPnNHjWrbwA
DA:967,1,qLDCcTYpU31tYTPLTCJ3qw
DA:969,1,asUsOs+zW80KKcxPVkNRlA
DA:1017,1,S7TUjeqXddSmkCwTa7Bz1w
DA:1031,1,vnpX1g8RywfVeukguS5fqA
DA:1032,1,8LA/yRh98pNTY5B74nS3XA
DA:1034,1,vO73KEadqya4fLY5s/o7cQ
DA:1042,1,N1Whh3llwru+G0sxb0oLww
DA:1044,1,bG6FqHxYDfLqIDix1T6dKg
DA:1045,1,KJIuGv6RytcuTW2ZujuzNA
DA:1047,1,OxtZoW6UW9msC3L12JHLmA
DA:1049,1,ZT+nQFKYzcNmf2ppKt9NRw
DA:1050,1,UR6Mdm280Nj3zzOB+qUSWA
DA:1052,1,vVxS3GuJnxvTb+vjNDujcw
DA:1053,1,096YUeakR3z+o1fH+yCtRQ
DA:1054,1,uHqmqfmrsJjwLnCZRl8YHg
DA:1056,1,hSUjXq8D/YzvFGKE70G9pA
DA:1058,1,RM4zgZM5rcUDQD+Aly1t5g
DA:1059,1,ZEqYuOzlEeNBDyTWpmW4dQ
DA:1060,1,fv1rQ2lamYHcbqtjg0x65w
DA:1061,1,rI3jvxCiQdeiA6INDXYgQw
DA:1062,1,a/ZLxmRFANDwbYo0fnfjvw
DA:1063,1,gX2nCzToiCYvYCyxIjds7A
DA:1064,1,8bsvCjhBIrmyNjVrNqTSyg
DA:1065,1,M/1uE/P5Q8gl7e80iHT0hA
DA:1066,1,y+2AKS4HVSFNBqMWOQPkcA
DA:1067,1,1o8PptS1qOrzb4Ht7CQAkA
DA:1068,1,thQOJ1h9bA58KCoVDpCkHw
DA:1069,1,Old67657mSv2Cjtn8+vUjQ
DA:1070,1,SOC4ggH40+cKmIE/BTgwyA
DA:1071,1,6vGX7iNxDL5LR27X/kuNIw
DA:1072,1,2Hl13GqJk4f3oamySabX8w
DA:1074,1,NsPGdhphTV7IiyeG8gxt6A
DA:1075,1,d/J9YJLEdzeik/QXvFl4DA
DA:1076,1,TPFf2d9L5eADUMV8f0Uohw
DA:1077,1,fdOWnrkxZNIZ9tcoNoYg8g
DA:1078,1,TgcTNH10QP2lk9QIP66mCg
DA:1079,1,8EtWE4FqVBOv0UEHhzkgSA
DA:1081,1,UA7JsU9Hnk5OiVXQrRk1NQ
DA:1082,1,DDY6CpbhAc3G83g6TfgIsA
DA:1083,1,VJaQgV+XouZMPlWPOAaSYA
DA:1084,1,duk9PDsG0c7aEkQw8SdXZA
DA:1085,1,kkE11FE9eSFGSo11WcIRWg
DA:1086,1,OBDrj7BrY6l69NkpGc74Dg
DA:1087,1,drWQ7lAUGuFJwj19z0FFSQ
DA:1088,1,U9AEj+gNZBsIG4eMRrPVKw
DA:1089,1,fO8piK+QMIYvtT9q4aFkTw
DA:1090,1,cExaZHOY+IR1fM+yW8O0Yw
DA:1091,1,ueVKTYqfbHm2fsCC3T6Y2w
DA:1092,1,+fy3I8+yjseOLbiWxNmBMQ
DA:1093,1,oIIF0gg2In2qrYbyVDyi6w
DA:1094,1,l9B++F1l+4xL6XFviob+UA
DA:1095,1,/QKt2/gRxZT1gqJzf0gujA
DA:1100,1,E9/MRKX/zHlgmX/Cvq7liw
DA:1101,1,f6mhCg8UEzARnPqfcddDmQ
DA:1102,1,Ko2p/Dv4nUpEEbx+/VKHBw
DA:1104,1,67SWJ7PGuWtDRQi9UE/2qw
DA:1106,1,tnfp0bu0ii4eMtz6pHFqBw
DA:1109,1,wBJY9PtdqwvN36OaBWgR4w
DA:1114,1,SbD9ekxFltdQhnpfmsc5+w
DA:1130,1,+5WIyjlS/r3qq2oLQ5jREA
DA:1131,1,n9RZDJTxe0cyYwJk1HsBDw
DA:1133,1,DOnIgwTy+fKnpzAb9f3tfA
DA:1134,1,pdfVxOP3H9WyCllcFUxYIA
DA:1135,1,TyDglwOagYROj3cDpK272Q
DA:1136,1,8DsL87SddFP3+ltiTTyGwg
DA:1137,1,xvOnW58jLhfnwbGztGOqPQ
DA:1139,1,jryAZAm8pkNDpcnZbQld/w
DA:1140,1,KIrEsej1oCFL+rt4Iv17Tg
DA:1141,1,jaexuFsROw190w9D/mcZ8w
DA:1142,1,vJDBKMFFxkMMalDtcj5Sww
DA:1144,1,rprsdhYQwS8ojqf6dS/5NQ
DA:1146,1,kZNLyvYxfkc2GZoaDlWbvQ
DA:1149,1,XzoHfveBtK8LGcsQZe2YXQ
DA:1150,1,zJHP64XF/oERU035baSVvA
DA:1153,1,xOyy660f7wtKlXTSLc+5jw
DA:1158,1,Kzi3NHUxIsMm58Q4g1KrQA
DA:1159,1,bgf0uRxvMmOUbDN+bJVL/Q
DA:1160,1,78/PDGPNjOJ+a8Zf1gIorw
DA:1161,1,OYsT80vmqBNGPcMxEGW9rA
DA:1162,1,p4IwVcCPHEhd+GzxFfxVWw
DA:1163,1,ti8trnyPo2O0QJdCbmo2Jg
DA:1165,1,5L3Gwssy0fNXJuhdvxuZ2g
DA:1207,1,UMOyysPLPg+NpKDuW7gtzA
DA:1223,1,bgf0uRxvMmOUbDN+bJVL/Q
DA:1224,1,78/PDGPNjOJ+a8Zf1gIorw
DA:1226,1,LtM++oKA8Kyhho6cu3IjRg
DA:1227,1,kqcwJHMBe35WO9BYJPk5Aw
DA:1228,1,3iebwb0FFv0vTZXrG4RBgQ
DA:1229,1,2EuKhIlQJ3gTqvWz+d0qeQ
DA:1230,1,ybfRwyMhU2Wh0udh4SLDow
DA:1231,1,IhlZvAxzlEAtJxeVQfIYxQ
DA:1236,1,gDjiK8o2w7eTFWwic/o39A
DA:1253,1,5M8S6frycaNS3uQnlnMr2g
DA:1256,1,CMjP0i7eCS/LOmmcYdNgyA
DA:1273,1,gf6wV/0vgK+5QVTYxkKH6g
DA:1274,1,9+GFV34XXiTUTNKHlsE2oQ
DA:1277,1,ASLmnvpwGc15l45mTqPQPw
DA:1279,1,ykD56er0/J8p5sJzVB2Ilw
DA:1281,1,OYsT80vmqBNGPcMxEGW9rA
DA:1283,1,uGRvzVpwQCX3j1iNGC4lqQ
DA:1286,1,sSVjdW0dsV1upDZyKtKedA
DA:1287,1,zRLasEKkMS+yBO7M0jL0Dw
DA:1289,1,Jhe1teADPY/FOHebq1MVOg
DA:1290,1,hvcu9d/nxIWbo0y1JDSnSQ
DA:1292,1,X3+C2FxfrqoXUGT6rTRKaQ
DA:1294,1,CFw5zTxhLUb65c9PFg8uSw
DA:1295,1,4OyEcz75ZYFHNTfqtCbyNA
DA:1296,1,AXbTgEhLZ6pThFH83MjT9g
DA:1298,1,ythKZYNfba0MxQU2hndHdw
DA:1300,1,vqqz0quyIdDgTTYQaC9Y7A
DA:1301,1,SYv9RPdyHFOWqD8FB9pKwA
DA:1304,1,1LqhsXfe/JXECXhshJGu+Q
DA:1309,1,XZtcISXi/Vf0y3ZEVnpjuA
DA:1311,1,KKMMVvA8CTaqdmIcpxlHFQ
DA:1312,1,yC4ur3TyipQWDSUg4QUvTw
DA:1315,1,0VJ34SoNvsKrj4rk+Q1l4g
DA:1320,1,SJAHMr5H2IOVwyRkM0SAfQ
DA:1321,1,2L7ZCrZuRxupPeY+q9GRXw
DA:1323,1,LovnBKZYW22pDRxif5Q63A
DA:1325,1,A9ZPO9WZrT9nMooT8cwcCg
DA:1338,1,6vclggK9DA5LOVDq03c1+w
DA:1356,1,4/chqQwhGMZp6yQ3jzv4Vw
DA:1357,1,JqReOB5oE/tNIpyBYajpCw
DA:1358,1,W2cRYqEPROGKNpqqjCD+2A
DA:1364,1,yh0xp02ZexDKgTsn+chJMA
DA:1365,1,C/lYf96v0BoUcrLVoSis7g
DA:1366,1,J2KVBH5LB9SAKIQm2KAMHg
DA:1367,1,igtUfpNIbVdhuj3HbMpyIg
DA:1369,1,TxZ6nRUgr6T1p9HDuuTsJw
DA:1371,1,87jDDff3MOnelr9YsDXMQA
DA:1372,1,C/lYf96v0BoUcrLVoSis7g
DA:1373,1,jcAr6cR27nH5pcVy9vBNSA
DA:1374,1,zaycG32FoVipz0m55eccHA
DA:1376,1,LVTVkSmhy7baTw2mOnEcng
DA:1379,1,eGb4p8a9xBCqB43Qsk0OOQ
DA:1393,1,QqYPfycES6BHJ7vjk+wbmA
DA:1394,1,Hf74ItAqCeuuSQXngo08Ew
DA:1395,1,6tReVKVmHRIp0WE62iz5+w
DA:1396,1,H8L1pTMV+941PSyppL1iPA
DA:1397,1,FwxuMScoVssmtdSOFu0WaA
DA:1398,1,bgf0uRxvMmOUbDN+bJVL/Q
DA:1399,1,ykD56er0/J8p5sJzVB2Ilw
DA:1400,1,A0lCzEwXwKqsXLKq+Spv7Q
DA:1401,1,Qif6vY8XLr4JXL9m5zcdnQ
DA:1402,1,f50OfmUxVqfIoZLrBBhF1Q
DA:1403,1,7w/qgInr8XW9EWeOvauz4Q
DA:1404,1,Bhc9Zry73a9BbnA1B/MYmw
DA:1407,1,LdiUXMgj3CF1mVNNDQNziw
DA:1409,1,6XS6hbcmBi+zmhIpQNMDQw
DA:1412,1,LOHiZizrgWr8lz1ugLV0VA
DA:1413,1,ddJh6+XlGg13MTn9ZqxQkQ
DA:1416,1,fEeRabF3HYyon2ETpkdGVw
DA:1418,1,NYlsnt/9Mkc83KoPyJIbnA
DA:1419,1,LK/woXxKmsq0jqpGlQeW2w
DA:1424,1,KoPBqdj/AGboDakvYRzZmA
DA:1426,1,3c0IIJvT8gVNf38ohGQOMg
DA:1428,1,RxYd+CAJSj9nHxK9eePlrQ
DA:1431,1,M0skTsQlW5A4gKXfbGloQg
DA:1432,1,S9T3nNTfGj7KHONcVJEDIw
DA:1440,1,DTqik3jAs0hpodTuyd9l4Q
DA:1441,1,TkBm2XpAzzLM+Kcmg6tAqg
DA:1443,1,ngODD+pSCByag95Mrqv4cQ
DA:1446,1,j6iGPJGwr9wwZVAoSR8i4g
DA:1449,1,lxc5Jaj4LG4shRWNKmMWHw
DA:1463,1,CmBJO8DrZMLCE8L2Gzm0Ow
DA:1465,1,S7D/07uJo90x/ohl5qNc5A
DA:1466,1,MnzpXe1veqpfA7nIMRo0OA
DA:1468,1,I6QAu3+RVYp+NZ+4pSjcDA
DA:1470,1,67+ID24TgD/bGdvpkY27iw
DA:1471,1,nNT5FwIbppU6X45caz4Rjw
DA:1473,1,xoBRAPN8rxB8OrJ0B2m4YA
DA:1474,1,5ikjrjBnJtphvSMKzTnGfQ
DA:1478,1,rcnlE21PWKTcO+y5QENIsg
DA:1479,1,+CnIsRn111PFE+s+bsziQQ
DA:1481,1,FcN3J2N1h5A/rfDWQIbVnQ
DA:1482,1,KL1xGa1tebyrlq2zUBHQ5A
DA:1484,1,qyeNuKQLltQmnQrsFyvR+A
DA:1487,1,cScmnwgQarJ8o06wgWgxvg
DA:1516,1,uP/nB6dyN3PjL3Qqy+H2mQ
DA:1517,1,cZ2pxB2ricG7GUc3qv5Txg
DA:1518,1,ebTM/8jL4Xw64QHNQRVpMg
DA:1519,1,Anq1pr+RAFjHon0p2ptwVw
DA:1521,1,ktJZXOEtNuJVyd9wx0VLhw
DA:1524,1,1BPtB770/0heaPUFBZkzbw
DA:1527,1,ZHld8mGCJAB/TYG8qglV+Q
DA:1535,1,bGn/OsI8Gd89zRWa4mxhvA
DA:1538,1,SPSLFi4lahiYYIdkf3UHkA
DA:1540,1,ZHld8mGCJAB/TYG8qglV+Q
DA:1545,1,QarAzx0VJDQl/QRRfbFkWA
DA:1548,1,eZICnMH2KXgAzqMjskaOzg
DA:1550,1,Qdi5Aho/D0w58ehyyDoP+A
DA:1552,1,n8I8c6Z6Q3t2/uBd/V2ARA
DA:1553,1,WLvvqgNS7YNquZi1JfDBiQ
DA:1554,1,EcdFw1XzXOSRHJyCcKx/Sg
DA:1555,1,ueGJEvxvSuNslvOIz4ZvpA
DA:1562,1,L6tntYPVW+w68KM7McalkQ
DA:1563,1,3gSHNdlkQnIOkwWLeM1pkw
DA:1566,1,O/CAf58IlQhKF0aentcyhw
DA:1567,1,ZoN2feHwNSI8HNdNlts/nQ
DA:1569,1,q2+cQCuLznUna2TTlu8BMg
DA:1570,1,6DaCTvZ87mhOTKOjW/ntNA
DA:1571,1,xbMuPKokrPGrOzb4ao8z6w
DA:1572,1,mFf4xuCe9t8hnX0BoCNg0Q
DA:1573,1,BirQxGSCz5rwxyMobPtt7w
DA:1574,1,u/LBOpLBW8tjubgycokizw
DA:1575,1,bbTTLdUXpVjL3wcK7p8NdA
DA:1576,1,m1sNCZtW5ZIYz9jv/zFYEA
DA:1578,1,l1PxPZmUEqhjAr/YkaPTVA
DA:1613,1,gJhx+px+cXLwlwkoOBfDAA
DA:1627,1,buezMlZhTVKK9pW6PerKhg
DA:1628,1,MiWAP3Q7KA9Hbj9WiIqpkA
DA:1629,1,GI/bekZr+DhgK+oFIU1GVw
DA:1631,1,zAItAUbYnFh+I7FJQiK6GA
DA:1632,1,0Z+TtJOMBDCfzb5udWrlvg
DA:1633,1,87jDDff3MOnelr9YsDXMQA
DA:1634,1,/vbVMT3yMm5fAZQSMfJtTg
DA:1636,1,ECr3TmLeIY91KepyhCJ2XQ
DA:1637,1,IY/B5+UC++hTln0drXMoHQ
DA:1638,1,00cS6PmzMm4QILevQccOog
DA:1639,1,vuvj2xhIxrJMQPDq7nW96g
DA:1641,1,1uB4tOtftFZXCJuSId0wmw
DA:1656,1,F5zuHfVXz9UktjR2PvI5BQ
DA:1658,1,I6QAu3+RVYp+NZ+4pSjcDA
DA:1661,1,rcnlE21PWKTcO+y5QENIsg
DA:1662,1,qyMhxZ9tjh0jSUjNfkERNA
DA:1663,1,jY48OwYbP98YvNd1HQwPxA
DA:1665,1,JbxFzGCOPkrQwfl5K37FCw
DA:1668,1,GmamOLyIQUiFxrbB5finEA
DA:1680,1,Cvw6vD7zzRvgdN8IxWzSBA
DA:1698,1,xjcDBnSwra0OiNOAYAwoHA
DA:1699,1,0od2oUs9EGBLx0BLzrgn8g
DA:1703,1,L0v8ne8SSr3VzjK9+UDzog
DA:1705,1,gY1VC0Xt6/afKoaG6Oo+9w
DA:1706,1,qyMhxZ9tjh0jSUjNfkERNA
DA:1707,1,jY48OwYbP98YvNd1HQwPxA
DA:1709,1,WqO3kwuMULzS3/fGUe3ziQ
DA:1710,1,wI0Na5/PfgQffe3v6Hv/PA
DA:1712,1,EISSrqFjT5lpUqyTs9Qv8A
DA:1714,1,C8rSNaV4zwaLRIi0azV0Mg
DA:1715,1,0b0+vgtjMW/1wUn8INAAOg
DA:1717,1,pImqf/Xsrw9UHRRWjZGn7A
DA:1719,1,Jqe4eO11WiE0oR2+x02Ncg
DA:1720,1,ng6n0BKrABA3T2cnpQufZQ
DA:1721,1,X27xUGXGtrLYENmPM7Lb4A
DA:1723,1,zctHPSjp0jsi6JxPgANVsw
DA:1726,1,QIDQSQOUN/ETDzC96dhfIg
DA:1742,1,Matnnqq4ne7NFwYq0lPnFw
DA:1743,1,j2dbqsTkpJHqvcaSWAky/g
DA:1744,1,WOGRoHUFp6SUR0/ipI5i3w
DA:1745,1,79eOPhVjGfb9aq7f+P+Cew
DA:1746,1,SNDYAP2ZtGGr146KTlP56w
DA:1748,1,4/chqQwhGMZp6yQ3jzv4Vw
DA:1749,1,87jDDff3MOnelr9YsDXMQA
DA:1750,1,Wdjv3CVr1qDaGD38PYNKUA
DA:1756,1,7UQQyH/Z20fxd7T/YdJ0qg
DA:1758,1,Rw/AnYkbrSEg9ZcoMDZmxw
DA:1760,1,xZWGQUY7DfeCjpknEj1tXQ
DA:1762,1,boQ6TMT8aoi7SOZ0Rh/dmA
DA:1763,1,LmfmQO4FYC96ZV0iebrubg
DA:1764,1,KKHilLdSV1D2Gah3OxUJIA
DA:1765,1,7JeQMsZs+9T4wHotLa+ICA
DA:1767,1,e0t5xpsZK1bmC7HmvhFAag
DA:1768,1,dRi2rw9ZEj43jyhewO6BbQ
DA:1770,1,DaeXgsRuvx3z2J52B7am1g
DA:1771,1,QSD20BLKLSkRhdNsLO/wsQ
DA:1773,1,U1XyF4wrJeBHyU6tYpoQHA
DA:1780,1,x67oPVSMoWZcc1yJ0VMOfg
DA:1812,1,9PlHxcs6z7+pt0w6zy54/Q
DA:1813,1,oS/bzovGFKy5dmrv0B15Qw
DA:1814,1,fCXm8aJ5Jz7WvvfynI6tFQ
DA:1816,1,b0XNuHOqLfv/OLUDGS0hNA
DA:1817,1,rc4tlW/Ipb/m8cA1CcWrlw
DA:1821,1,rcnlE21PWKTcO+y5QENIsg
DA:1822,1,qyMhxZ9tjh0jSUjNfkERNA
DA:1823,1,jY48OwYbP98YvNd1HQwPxA
DA:1825,1,UyluPJl7sKU9Aeb6Ow/j8w
DA:1826,1,baNMHzqsl9w/yhZlSoUUEA
DA:1827,1,MngsxwLDwuYQYirDzZjSpg
DA:1829,1,wDcOOpDnkHE3hA2lQ+iEfw
DA:1830,1,MngsxwLDwuYQYirDzZjSpg
DA:1832,1,iLIfHLYAcLH7bhr6Qo/ZwQ
DA:1835,1,SVH92DFhB4U3rbpI1YwQEQ
DA:1838,1,CSgHPA3QqZt32iUAjLjYJg
DA:1840,1,xl8ziveR88Q1fGbxWHaaWw
DA:1842,1,en93cht71O6JWlNAz0Hf0w
DA:1843,1,TLc3Ik5WdK4qLlaKBWBrrA
DA:1844,1,QwlhF98zO0qA1yNEwS73xA
DA:1845,1,n9SuQt7x3ZqDJcb5WuhW+Q
DA:1847,1,Wzzb4JtbHGQoYGa3HzVr/w
DA:1850,1,nDUn3yWs7Ugche1Uf/kSsw
DA:1853,1,fSCjtGxn6qNmffHst/8/+g
DA:1855,1,ZFq18KVXtHY0HTgCFuD10Q
DA:1857,1,VUdKHoneOAOox1Gvbo2YAw
DA:1859,1,/evaNlqC/caW2qskdh/IQg
DA:1861,1,PprygiHVnxoRcdhmLITa8g
DA:1864,1,YlEB3B2Pixhf0OKYiNTcqw
DA:1867,1,CnR7zoX+M5e9fggF6wXEyQ
DA:1868,1,mPJTWSldsB9MV/o9tLIYDg
DA:1871,1,hRJqUyB1/oMCtRTtba64FA
DA:1873,1,XTewDOYLP/lRIqxAU80e2g
DA:1975,1,V0snv4Syb5QyKqLc/CA6Qw
DA:1980,1,I7A30YI5XIl2fiM48J9e0g
DA:1982,1,GGflf2LKzWSB9Mr2YvhLmg
DA:1996,1,fIZfuaqdT6ZuBa6pcss1fw
DA:1999,1,bG6FqHxYDfLqIDix1T6dKg
DA:2000,1,FKZu4IUM9ncSkD+TK54XLw
DA:2003,1,4/chqQwhGMZp6yQ3jzv4Vw
DA:2004,1,ksIzOHiVSaettY5oiBXt7w
DA:2006,1,L6hgJqwJwqa/LTTWwW3GqQ
DA:2007,1,5qcXcFikHDLk+/KIeSbirA
DA:2008,1,sKyaXwFNLVoYCytAe5OL0Q
DA:2010,1,k6Mi94p6NDjFOgSGKWAfvA
DA:2012,1,JyCmZQai1qyMMtl04c16ow
DA:2013,1,pQLIsWloQqkJKbuO7Q7Vlg
DA:2014,1,KqG8sg5Nu85Oy6h1mZQI8A
DA:2015,1,HqoQtgDOZABQ7/ui/Wt2CQ
DA:2017,1,U5i/fybLCURCW1ND1hSOBw
DA:2019,1,mDgQv886MaLZW+4g98y7og
DA:2020,1,hRdQaOvfnQMtDhRkfF2NmQ
DA:2024,1,pQLIsWloQqkJKbuO7Q7Vlg
DA:2028,1,Xfu4vnDVlvnMquEdDs0vZA
DA:2030,1,j2vRyD1D5HWLxUfIb5OdgA
DA:2031,1,NJIH8eMj0eExnajgiLnfZg
DA:2033,1,3BUHLL6spfuqTs3R2AvG9g
DA:2036,1,MiWAP3Q7KA9Hbj9WiIqpkA
DA:2037,1,aQNFlLAadGF5qtX1b7Ce7Q
DA:2038,1,+BEHga2tyhpwfftae7YFYw
DA:2040,1,KPsWwbDgPpR56ZUDlWElwg
DA:2041,1,7/usblde80bS1XyZQHNWCw
DA:2042,1,PaolEakySz6xQHEIHtswRw
DA:2058,1,hJOGDQRtV6wwU/luwc1rwg
DA:2059,1,OQ0Or7kmruZy84vco/hAaQ
DA:2062,1,aOnFyG8UqPy3N8P3eX9Q8Q
DA:2063,1,1aLpoCD//xMcOet1u5OU+g
DA:2065,1,ktPXVNMV/rlYZQykL9DBMw
DA:2066,1,nGoAVC6RocbBvIgv//BvSg
DA:2069,1,xNm6ZP0ZV+fyjhOKGVbchw
DA:2070,1,Tw+hTEceke1vP/ItfmtGNA
DA:2072,1,uwQYa8/dPa0beKtsdbjzKg
DA:2075,1,hyjyrtMt1ZtTVGMeGSjr2A
DA:2090,1,/46vkzRmM9PpjdMVcS9M2w
DA:2091,1,Z0YUrH2D3aUyffbJUq5r9Q
DA:2105,1,+KUDXFDzOWpkk3Vz2EjWXQ
DA:2106,1,VeZXUGJ7KLRyaWQYx/nqQA
DA:2107,1,CFKtAMny156dVTDp8e+S5g
DA:2109,1,UbERs6uNoStTle2M+mRCtA
DA:2112,1,Zl0fYtsR4+mPr5/RNR5WWw
DA:2116,1,NWqIjDlovgmrS0Wr8OGgHg
DA:2118,1,nDgkgDjfsfJGCWBOxv36HQ
DA:2120,1,SB+LkWBDPsfd3+3tOt4X0A
DA:2124,1,P3vUSdudV5SsDAXQtY3MLg
DA:2126,1,g4KAOjq1cpx4x6J8RsYjmg
DA:2128,1,pbRjpsBMzqngRh+MG3zccQ
DA:2130,1,lTidsor2Gxsk84DnQ3wyeA
DA:2132,1,onbARr20aOG2b0e89Tvx7Q
DA:2148,1,t8NyOZMogr2TiXSKUlZKNA
DA:2149,1,rV7xFj2FBwe+xvtsiZoZ7g
DA:2150,1,KABlOhtHIhmQxKgrc6zwQw
DA:2151,1,rV7xFj2FBwe+xvtsiZoZ7g
DA:2154,1,mrBMX/jejleDCyfuEEsMJA
DA:2156,1,u7qNrH4YVB94F5UB2uskhw
DA:2158,1,XlsFb/1DisJJMOB1OIjzOg
DA:2159,1,b/sm8ushkgg3tzHYI7GTLA
DA:2161,1,6u7PPRy3gM905Nip/Lj8Ig
DA:2163,1,6C2lltNXvjwVOhc6QPVsRA
DA:2170,1,OMWTgyLkqxUsLgSNWPZb0w
DA:2174,1,Zg0lgt0S/4Tih5gKp+K/aw
DA:2176,1,DMDVhuHD5Z7lkJso68mPew
DA:2186,1,mbWX2ou+zMP2qd3ZJ5zliw
DA:2196,1,dfA5xXl+1hcQJ07239uuLA
DA:2200,1,Y/tH8Exr7sy0ZbEJbk0N2Q
DA:2267,1,tFQhdJaDPCdOECUXLqnZlg
DA:2268,1,4/chqQwhGMZp6yQ3jzv4Vw
DA:2269,1,1DtLQBB0fW8/mitLA5C0Kg
DA:34,0,MnzpXe1veqpfA7nIMRo0OA
DA:84,0,eKRutshUbfmX6mc2o7CJTg
DA:85,0,FHyrAeffwt+B9Naj2VZzvg
DA:86,0,+6X9QX+eeOhM3/iu3M8NrA
DA:102,0,G73Y0KjVhmiMw1jJkYgmEQ
DA:103,0,90f1JrE/f3J5iCY5YlV5jQ
DA:104,0,2abskZc/d6p5UW+if9yS9A
DA:105,0,RGM770oADryGLfvmpp5svQ
DA:108,0,90f1JrE/f3J5iCY5YlV5jQ
DA:109,0,MF9DQwXQnXzM1eGEacGwxQ
DA:110,0,YfIyIxBnQYS1PAA5QGFYlQ
DA:113,0,5tm410sABsQS8kzk1NqjrA
DA:114,0,pCsWcpQEQ5DZbBLDRiaIsQ
DA:115,0,k2t4WGQURU3sdKHbLNM9eA
DA:116,0,BO2OlikbIILezCfa8sQiOw
DA:117,0,p8uv5Dg5zqzAJ8mAFvbQPQ
DA:143,0,dINcH2LfWoRt4vnSIP2PpQ
DA:167,0,Cc/MNSHQGCYjqWVkFpvw9g
DA:168,0,Azi9JRZU7RgtLbSMng8G6A
DA:170,0,EgVsBER9t1YIJv1DpQGNGw
DA:178,0,QS9i66slSCdWG2jjffLZxQ
DA:179,0,4IzicPoWB/yIDsNY0+Io6A
DA:181,0,2MbV8B5hx9EpmUiMMDZv1g
DA:196,0,b+mM/ErmsK1oTSccB67oTA
DA:197,0,y4JjEiathJLFIXc0ckjJZQ
DA:198,0,pIkYG5ecS8zbD4e49ZDb3A
DA:199,0,YnitxVVgcJPvhzvP4aWYNQ
DA:201,0,ObU6WM9CrfpDj+jen7zPew
DA:207,0,8bSIS/AJTSeMLxZo2xPFrA
DA:292,0,r/+zpuPHWIy2ck7JhGUqkg
DA:293,0,eKRutshUbfmX6mc2o7CJTg
DA:294,0,Tx4n1ck0Kce8Ltqnapi51w
DA:304,0,hPHQg3nayi3KRBYmrt9O0w
DA:305,0,5SyR7sCatMqx1XKwTjVZfA
DA:306,0,EoIfwUoiToDD/4PbA0ToDw
DA:316,0,mDgQv886MaLZW+4g98y7og
DA:317,0,5SyR7sCatMqx1XKwTjVZfA
DA:318,0,fK3kXssdcUs/j7DxiKgivg
DA:340,0,8sYEkR7ppDebV8xq+tzURw
DA:343,0,vJOu+px0xO/+hipjLERW7w
DA:426,0,HJPvZoA8hs3hFMedgHU2HQ
DA:431,0,leTrWP6GxAa9gZOarsqgHw
DA:436,0,0VgHFfwF3t9Ij7gtTnZZvQ
DA:441,0,QaEI9dTSVgaqvwuvA1D7rg
DA:449,0,c9+q1KLPnWOpYLjdSLjJcA
DA:451,0,c9+q1KLPnWOpYLjdSLjJcA
DA:457,0,Y10L2UECOaZvGdS3HSszvQ
DA:460,0,V/7giItln5IeTnaOomtM+w
DA:462,0,V/7giItln5IeTnaOomtM+w
DA:467,0,kyXBPR7vKB719P9+PK1B2A
DA:478,0,U5g+GKX0NjNCVVbI5/MIMw
DA:480,0,Sl6RK0BlttSRKdWcsIHkQA
DA:486,0,VLbQpxFlOyQcp2KBBjlwCA
DA:493,0,pIkYG5ecS8zbD4e49ZDb3A
DA:494,0,9FGUDzVWjUtbYvX6+q5T6A
DA:495,0,lDkynw23WJzHcZWENOMtlQ
DA:496,0,KqdD3UQF0zSo/N6BSwKJ3A
DA:500,0,ZGRxKjIwJ5oyXBrgC/yuYA
DA:510,0,Qw+fUpiWIUkN7RcRXsFzAQ
DA:522,0,eKRutshUbfmX6mc2o7CJTg
DA:523,0,XS1bzna4Jq34G48tmw3soA
DA:524,0,sjegLgydpxXP9QDSwabHPw
DA:543,0,h7NMAiaqtyjxtBgp67rGmQ
DA:544,0,70vRgMk4mRM31yQ0qPhrJw
DA:545,0,eAqFg+RdoYhcAEu57iMzHw
DA:552,0,eKRutshUbfmX6mc2o7CJTg
DA:553,0,mAwMT3c4vJRfTGtXPT2tgA
DA:554,0,E39H91r8kwZ9/Hu2+Ws9jQ
DA:555,0,2c55PSRNxBv1doioFeNlEQ
DA:559,0,pIkYG5ecS8zbD4e49ZDb3A
DA:560,0,bBDMAIiMV9qQgOvz+soaEw
DA:606,0,MNDwtbao9ehWpcMwPwVkoA
DA:607,0,pf8N0UO0BfHQ0JMzK1KdwA
DA:609,0,X56g9nWqsV6n3EkX76EZqg
DA:610,0,pIkYG5ecS8zbD4e49ZDb3A
DA:611,0,CMUW8B7WMO/seBrqo67U9A
DA:616,0,W4Q2aFa5ZKgOokrcjejouQ
DA:618,0,W4Q2aFa5ZKgOokrcjejouQ
DA:623,0,q9IWD0OHlgexlU34Gzv69g
DA:626,0,Xg33OwYLgCdjFVtml9x/XA
DA:627,0,8mW0zlGVeOdFRjS/DC91kw
DA:628,0,Q7Yf+HZCmXOITdfSrbZ/vQ
DA:629,0,8JeS2i80L6xtMEp5wePS9A
DA:641,0,/ZU17b4rW1U11Xu8I0j0Iw
DA:648,0,ak+IP6VxP76MibSf9tpdGg
DA:667,0,tuYQHlekp7WaVhw9fDsv6w
DA:672,0,d8usYzv+jCYgBVXD0znlsg
DA:681,0,yDApyq3VouHeq/Fw0wi8hQ
DA:682,0,Ij8rtvTMZUATvU1MboPaIg
DA:683,0,i8NIzE1XDCJ+YcDUIwQbyQ
DA:684,0,dyDfSpbaz9z9VmW+wfpoMA
DA:687,0,BYm+TQp5sTp5W0dJPUgrIQ
DA:716,0,W4Q2aFa5ZKgOokrcjejouQ
DA:718,0,W4Q2aFa5ZKgOokrcjejouQ
DA:723,0,q9IWD0OHlgexlU34Gzv69g
DA:745,0,ak+IP6VxP76MibSf9tpdGg
DA:753,0,GMNTqm7cN2nAk/RbSacUQg
DA:754,0,JKLjaniaXpiMCAaLCGxKuQ
DA:755,0,i8NIzE1XDCJ+YcDUIwQbyQ
DA:756,0,rCB7ITsBLm+iGsVG/EEuxA
DA:757,0,CkhIJxTi9opMMXi2XgqqAQ
DA:759,0,PdbhBCs2x467yMjmXOvO+w
DA:778,0,tuYQHlekp7WaVhw9fDsv6w
DA:783,0,d8usYzv+jCYgBVXD0znlsg
DA:819,0,W4Q2aFa5ZKgOokrcjejouQ
DA:821,0,W4Q2aFa5ZKgOokrcjejouQ
DA:826,0,q9IWD0OHlgexlU34Gzv69g
DA:836,0,ak+IP6VxP76MibSf9tpdGg
DA:843,0,tuYQHlekp7WaVhw9fDsv6w
DA:848,0,d8usYzv+jCYgBVXD0znlsg
DA:861,0,GMNTqm7cN2nAk/RbSacUQg
DA:862,0,JKLjaniaXpiMCAaLCGxKuQ
DA:863,0,i8NIzE1XDCJ+YcDUIwQbyQ
DA:864,0,rCB7ITsBLm+iGsVG/EEuxA
DA:865,0,CkhIJxTi9opMMXi2XgqqAQ
DA:867,0,PdbhBCs2x467yMjmXOvO+w
DA:894,0,W4Q2aFa5ZKgOokrcjejouQ
DA:896,0,W4Q2aFa5ZKgOokrcjejouQ
DA:901,0,q9IWD0OHlgexlU34Gzv69g
DA:911,0,ak+IP6VxP76MibSf9tpdGg
DA:917,0,3pOWj5TsW1SykH2aHjFCoA
DA:923,0,d8usYzv+jCYgBVXD0znlsg
DA:936,0,GMNTqm7cN2nAk/RbSacUQg
DA:937,0,JKLjaniaXpiMCAaLCGxKuQ
DA:938,0,i8NIzE1XDCJ+YcDUIwQbyQ
DA:939,0,rCB7ITsBLm+iGsVG/EEuxA
DA:940,0,CkhIJxTi9opMMXi2XgqqAQ
DA:942,0,PdbhBCs2x467yMjmXOvO+w
DA:982,0,bG6FqHxYDfLqIDix1T6dKg
DA:983,0,KJIuGv6RytcuTW2ZujuzNA
DA:984,0,5F18rR8S2Z6JOOrdC+45qg
DA:985,0,Em5hmFA6dDOjhTw8fzdSqw
DA:986,0,7VSFLST42oJLAy7tpbG0gg
DA:987,0,cEq2jrfUDhDJU4YzLc1k7w
DA:988,0,19gSNS/QK4Q/2RsKKt58oQ
DA:989,0,k5/9kwpZQe+v1pTn1DvcJw
DA:990,0,1CWUhwIX6GF8Rb+b6p4FLg
DA:991,0,hMsHFNONSNCqvpjhBsucJw
DA:993,0,ZT+nQFKYzcNmf2ppKt9NRw
DA:994,0,UR6Mdm280Nj3zzOB+qUSWA
DA:996,0,vVxS3GuJnxvTb+vjNDujcw
DA:997,0,096YUeakR3z+o1fH+yCtRQ
DA:998,0,uHqmqfmrsJjwLnCZRl8YHg
DA:1000,0,ph6A0vO/I537nQPQozQ91w
DA:1001,0,9GhNsEi/mjVh0BpVwZ9x3g
DA:1002,0,mA75GkcIPnCYjhu0re+Ffw
DA:1003,0,Ce0XWV6A3cmdmj4wpAxndA
DA:1005,0,QSBu3sQbHxJh8KVKcWNhQA
DA:1006,0,YH/FNU4aoPAWbJ9IBf0giQ
DA:1007,0,fdOWnrkxZNIZ9tcoNoYg8g
DA:1008,0,TgcTNH10QP2lk9QIP66mCg
DA:1009,0,2rhOYA81NZkq23DnCaxMDw
DA:1010,0,9CX3C8cdpZfLAlkQ7gkOXg
DA:1012,0,HWo9rD1ZUQvuNDh9GPKyvA
DA:1013,0,rROPJD0ff7c6L8+873N20Q
DA:1015,0,ix8RJjcNlc9SwAPVQA7Mbw
DA:1097,0,5BaCKx/y07bBOzYA9znksA
DA:1098,0,QLsHDn9GDlVBV0kO7IfIPA
DA:1110,0,O3jgsb/RTj0sYl3Ot64/3w
DA:1111,0,yOyO46/WanGQ0XG8wQwqzg
DA:1112,0,QUhSyWiUPJ/rI+HGc8PK4A
DA:1151,0,8JWWVyJzqoYsQIxl+S2PMQ
DA:1166,0,yZ4DTUyO+HurQWha2X1OiQ
DA:1232,0,f2C7PIH56MQjeQ6QieD9yA
DA:1233,0,hTFA0xmUtfMiH9jNYiqJ+g
DA:1237,0,18fux/0D61XVmSbP8EO7ag
DA:1238,0,HMjNBIVWKUHpm2u6i6g9EQ
DA:1239,0,7s1f7zyHL20HT29VXxL/GA
DA:1240,0,iUAZRMuQJN/fGiqOI/LB4Q
DA:1242,0,y11a4xlTrPOgGuXNylUBbA
DA:1244,0,k/rkyWIjpG1FH31cIVM89w
DA:1245,0,j+tRcg5p9eDYSClrDykYAg
DA:1246,0,ISIFaHj6KJsKGpiI+7qDsQ
DA:1247,0,3oyLBYLdMcKqDS6jIF+M6w
DA:1248,0,zrr9R9jguHnYonrYEs08lw
DA:1250,0,D+WVEyONF+1WuFCcMhfWpA
DA:1251,0,rYYmzH0mtlLjUBZwdVC4Rg
DA:1297,0,3qI1/NFPiXvQcbdJKh3ejg
DA:1302,0,cfjpeoo/wCwKTRBIhBwtZA
DA:1306,0,YpGHlyEmwzp9Z/R5/Q5kSA
DA:1307,0,pdj1eCJJFks8UoVw/G+iGA
DA:1316,0,lk4qq86r5dP76oyi+Kci0A
DA:1317,0,XfU9dd2OGFY/joxgNgVV1g
DA:1318,0,K+KrSF1LryUhAxG8mnug0Q
DA:1334,0,FAe0gcIeb38KL5BftLjv3g
DA:1335,0,+5WIyjlS/r3qq2oLQ5jREA
DA:1336,0,BUgQ+O0/kkXEToNvXr8j2w
DA:1359,0,I4TS442fhFrn7oOSOKUlgw
DA:1360,0,hXwwpKEs8O1ZVwn9wCFjXg
DA:1362,0,Q7P96wDYAx7b6JUM2MYa8Q
DA:1414,0,hpzyD/CIqVVW7PvsUWerlw
DA:1435,0,Lm24LYcNzUT8trzdtIoolQ
DA:1436,0,rZFOo+ak2CspZEFgu02nFQ
DA:1438,0,65EhnarxQzF15O7Tfac1BQ
DA:1444,0,z/NvlQQwu60Un/m5PQA63Q
DA:1485,0,HljRkttA71s0Qnw5ZNW9AQ
DA:1488,0,uP/nB6dyN3PjL3Qqy+H2mQ
DA:1489,0,iHAwR5E1hD9V+BJ2/nolSw
DA:1490,0,WLvvqgNS7YNquZi1JfDBiQ
DA:1495,0,FZU6SZJLpRdJVM75JHxhyQ
DA:1496,0,pPV1S8LTELgotf60JE3EbA
DA:1498,0,eo2q8oM1lIauaQP9MkLDmQ
DA:1499,0,3gSHNdlkQnIOkwWLeM1pkw
DA:1501,0,O/CAf58IlQhKF0aentcyhw
DA:1502,0,ZoN2feHwNSI8HNdNlts/nQ
DA:1504,0,q2+cQCuLznUna2TTlu8BMg
DA:1505,0,6DaCTvZ87mhOTKOjW/ntNA
DA:1506,0,xbMuPKokrPGrOzb4ao8z6w
DA:1507,0,mFf4xuCe9t8hnX0BoCNg0Q
DA:1508,0,BirQxGSCz5rwxyMobPtt7w
DA:1509,0,u/LBOpLBW8tjubgycokizw
DA:1510,0,2dYJjAJ+grbQKKnej14zUA
DA:1511,0,m1sNCZtW5ZIYz9jv/zFYEA
DA:1513,0,l1PxPZmUEqhjAr/YkaPTVA
DA:1528,0,+8VsL5k7V/FA4jQYqCyQDQ
DA:1529,0,lw2Z2muI8OsUnbCOME7Jjg
DA:1530,0,PG+sexZzPmuLGd6kE24AJQ
DA:1531,0,JsPP1xG4wQ8bAkr+vuYrAg
DA:1532,0,cH9Of2jZ5sEsaL7JUT1BtQ
DA:1541,0,celmMyIJqRvzhecq2vhO1g
DA:1542,0,lw2Z2muI8OsUnbCOME7Jjg
DA:1543,0,XFTeBg44ts3DiwcM03KVXg
DA:1557,0,rpfqmCOIYBJspOWc3I2rjw
DA:1669,0,pDLm/yKIc1LqKnlaJPzPqA
DA:1670,0,Jl9Sugvq7xuCv90bwa+ZNw
DA:1672,0,ty4EBic0I0nRX+pBNN8kfQ
DA:1673,0,r1TnOAbaAux3knUMATxlCw
DA:1675,0,mEt6chmK/G/Ub5HyoZEPvw
DA:1676,0,dZpNxBGU2m1BMR3ckrjk6Q
DA:1700,0,Nj4GeLm4hvOaNGWHPEBF9g
DA:1701,0,HnB6jbfEWs8ni1NYHZ+Onw
DA:1752,0,P4yeSOlIja0zr764RPnyaA
DA:1862,0,lHP6MSvOb1nrTHn6tTZPIA
DA:1902,0,OvZRc7kvFsqKcQTyrJsLjA
DA:1904,0,SOdQp9JqIBYjWmZxyGUPQw
DA:1905,0,uw/5NZ12j7le18XppwyYZw
DA:1906,0,YTAehV+yOCq4EzUx1zdP7g
DA:1907,0,/vnoTGyNUg4HQm3IrLnaCw
DA:1908,0,90y7qthXJ0wCQRXBY7WjfA
DA:1909,0,67+ID24TgD/bGdvpkY27iw
DA:1910,0,JwhKCuIsYYzC4ClwFjwM0g
DA:1912,0,qKOvEbXq1D9fWj5MhlrZKA
DA:1914,0,rldFcwHxeWDXk4P49TldnA
DA:1915,0,PygwPLBtrFeodL/3ud7aUg
DA:1916,0,XQr3MPQerABR0RQjik07cA
DA:1918,0,ockKTJ2ebM1oaQT96Bs2mQ
DA:1921,0,9d5MgAZGT/ltq2im2xu17g
DA:1924,0,DUw8qXLY6Ohj0MGA2Du9YA
DA:1925,0,twK959WtQkVUfWpJnMp7rA
DA:1927,0,syxw4v/F4zfY+Hpc7qBxsg
DA:1929,0,JSZsqXpvpEvXTV+0ro8XPA
DA:1931,0,Zc8B8v6IkNcIPUYBevK9BA
DA:1933,0,fFSLQ8obSPnYOcxbsSES/A
DA:1935,0,qyeNuKQLltQmnQrsFyvR+A
DA:1936,0,+uGbMVohjpwQjt9c5tbIWQ
DA:1937,0,EWSX1NOqKkYR/C0CXDW1Fg
DA:1939,0,PTWdDBjOF/sjc7AoO1rBLw
DA:1942,0,fVW7RT9wc3x4lFvKV9Mj6g
DA:1943,0,Il90q/SV2ZnnZovuY4EgMg
DA:1945,0,eaPCZBl2s7Pz2eAXreFsUg
DA:1947,0,uq/ybEKs9u1jhFphSWGUCw
DA:1950,0,23cgfpLg+yzfhKGI/xymHg
DA:1951,0,b/sm8ushkgg3tzHYI7GTLA
DA:1952,0,nzqzti6VDw/73D5ZBhsYWQ
DA:1955,0,QQu3trDdw5HaDJBdpUDjpg
DA:1956,0,JZ9EeaBUzbIBqNE2kkC6iA
DA:1957,0,l0II43jTzpiN62uys7l8sA
DA:1959,0,/buyyp0dePaqrR5N1aD2kA
DA:1960,0,tkIc4a+BYBRSBFG0PmXy/A
DA:1962,0,VYGCSsAxx0uLcKUn3LaMNw
DA:1964,0,7fMck6qOs1NOrgFzp9IwnQ
DA:1967,0,BsjZSJLZFXcsAfOZxGBEGA
DA:1968,0,nWS6ihuvW0VHv4QzwlwkWg
DA:1969,0,EUDn6P0cqzWDh9Hfe4O+KQ
DA:1971,0,IowWXa7nCCh0WvAWrDk7OQ
DA:1973,0,F++WqCRArK0RnMMcMTpM+Q
DA:2039,0,CBy3BVUtyaBdTsoRglrSew
DA:2043,0,CkolvOUXXPnvytjZBtqnQg
DA:2044,0,f4itn3yxMh7ZzeIDF5Og9A
DA:2045,0,9B8rK1WYwC5DHeISzKtfCA
DA:2046,0,FN1ZpN/DOXbWY75S4LrKjA
DA:2049,0,Dgpsv/xxvKv1XPhgX1cCsg
DA:2051,0,9B8rK1WYwC5DHeISzKtfCA
DA:2052,0,JZD1zLyK6E15z4NZvA0xtw
DA:2055,0,xM37N4BwWWcEmH5tYfeqWA
DA:2057,0,NQNIQ68ACF6CApQXY7l1PA
DA:2076,0,0btMhsFGt9gMgOt3yzOTdw
DA:2078,0,ShVNLVZwrocBfbWJ9gwtmg
DA:2081,0,MnflpM2L9Gn9lmTULVpoFw
DA:2082,0,bowu6in6yPS1ktP588tESg
DA:2084,0,x10LeX0kRbujLiicq4ks9A
DA:2085,0,rSMrXB9J2skhbvW313+n0g
DA:2087,0,LlsgXPmcG9Bsd8Zl3fwxiw
DA:2133,0,yVFjoz4jpWPfRGDi2BozkQ
DA:2134,0,y0Llq5LjfgX5WkP/XcNBgA
DA:2135,0,XCVVw0B6IBgb7M3VO9XAPA
DA:2136,0,KNymimGjwS8DZkwr983GUw
DA:2137,0,XCVVw0B6IBgb7M3VO9XAPA
DA:2138,0,/8+20iLDdqKBV5dM5bi2iw
DA:2139,0,yYiQWqr8SHbmH93uiw4nlA
DA:2140,0,TopYCa1Wc5A1Xmv/Trpz7w
DA:2141,0,yYiQWqr8SHbmH93uiw4nlA
DA:2142,0,SVFV9cFJbFdWtPa9/fUB1w
DA:2143,0,yYiQWqr8SHbmH93uiw4nlA
DA:2144,0,4+RAey2+neShRPGH85kzhQ
DA:2145,0,yYiQWqr8SHbmH93uiw4nlA
DA:2146,0,h5Oh9UMoYf1qZNlpdd/Pgg
DA:2180,0,43+zAmmajQOvSzzkfDA/xg
DA:2181,0,y4PpNoD20HoLglG/xmkB6Q
DA:2182,0,yKvL3+KUSqW0FrYxC6TEAw
DA:2183,0,9W/v7iZsuWaaEfwiiTiCHQ
DA:2184,0,RtpAOTFNC/YYcYEPAdeYHA
DA:2190,0,43+zAmmajQOvSzzkfDA/xg
DA:2191,0,y4PpNoD20HoLglG/xmkB6Q
DA:2192,0,9ychzVTNFysVUlaZCnS2bA
DA:2193,0,hV9DDa8imQGhmDdfTt3ZUQ
DA:2194,0,dvwy0/K2pskMnIKIZdOdqw
DA:2197,0,wnh6az5ppXDr2gfEAd8KVw
DA:2198,0,lRvUsJLOZc6ucI4+Icc76g
DA:2214,0,4/chqQwhGMZp6yQ3jzv4Vw
DA:2215,0,KPfxcizy2rnKgK1qlG3oew
DA:2217,0,TszuoVI9zUyGvuQz1Zfd8Q
DA:2218,0,JyCmZQai1qyMMtl04c16ow
DA:2219,0,pQLIsWloQqkJKbuO7Q7Vlg
DA:2220,0,c3OVkx7ppQhorNH1XaMaKg
DA:2222,0,mDgQv886MaLZW+4g98y7og
DA:2223,0,hRdQaOvfnQMtDhRkfF2NmQ
DA:2226,0,pQLIsWloQqkJKbuO7Q7Vlg
DA:2229,0,Xfu4vnDVlvnMquEdDs0vZA
DA:2231,0,j2vRyD1D5HWLxUfIb5OdgA
DA:2232,0,NJIH8eMj0eExnajgiLnfZg
DA:2234,0,3BUHLL6spfuqTs3R2AvG9g
DA:2236,0,MiWAP3Q7KA9Hbj9WiIqpkA
DA:2237,0,aQNFlLAadGF5qtX1b7Ce7Q
DA:2238,0,+BEHga2tyhpwfftae7YFYw
DA:2239,0,CBy3BVUtyaBdTsoRglrSew
DA:2240,0,KPsWwbDgPpR56ZUDlWElwg
DA:2241,0,7/usblde80bS1XyZQHNWCw
DA:2242,0,x0TewJ7I4LRfFszl35sXyA
DA:2243,0,CkolvOUXXPnvytjZBtqnQg
DA:2244,0,f4itn3yxMh7ZzeIDF5Og9A
DA:2245,0,h/JKRboTGKF54JtGQomGfw
DA:2247,0,EPfo+/Rj0YK4+TXBXKQhuA
DA:2249,0,NQNIQ68ACF6CApQXY7l1PA
DA:2250,0,hJOGDQRtV6wwU/luwc1rwg
DA:2251,0,OQ0Or7kmruZy84vco/hAaQ
DA:2253,0,K8t/Jl3RY1dbLUBRjgXUgA
DA:2255,0,QpyZfyn6mHXXQ1zmQQ+mLA
DA:2256,0,dwpaB8d8kb0SqcEG8kZxGQ
DA:2258,0,oD2JBFZn0VzcSPzB0V1jlw
DA:2260,0,SYhDQH3KKGfxisI3eYM8gQ
DA:2261,0,yFCD+aw7t+Y4xYQXlCSVZg
DA:2263,0,o951Sb51K66wyBnQK9Y4/Q
DA:2265,0,Zg0lgt0S/4Tih5gKp+K/aw
LF:1168
LH:814
end_of_record
TN:
SF:hazel/multiprocess.py
DA:1,1,IWWjrCeOtk8NNtrE95++2g
DA:2,1,RuZ5KcncCoRYUb0REMXZIg
DA:3,1,3asMC2k4cNNmNE2aaE/dqA
DA:4,1,5TNFIpBIFRAzOIoLZ3/OcQ
DA:8,1,QEdnsEB4q9i3Y2xceo2aNA
DA:9,1,Ne1xnbfQf/0CaRgBosBD6g
DA:10,1,seXiu2nLOixw2GAnekKqHA
DA:11,1,7V7TkjhNt9ioUBbsQ/nRhw
DA:12,1,GOGEcT4BZSnQOJJRjIV76Q
DA:13,1,EZEzNmL93PY96zsSuI0PfQ
DA:14,1,7Z9Lj4ed27Wf2hBX6jooEA
DA:15,1,4KXOIu0EzlFAqlH6QJ+whA
DA:16,1,Ux3Z6ya1JDJT008OmoVf0w
DA:17,1,mUDsnWRiqW9R9nTILGKIZg
DA:18,1,uqQzsyLE2snBclOsmsd0qA
DA:19,1,2/+ysJB2BBzVWbseKUaEjQ
DA:21,1,SgCeojsCV1A5+T30/6WbuA
DA:22,1,X72f0NdGb1xPd8RKTfwTaQ
DA:23,1,F6YMnXtscwWB/CzG4B7epQ
DA:24,1,ZILjU3VqYbPRVfGcC582Zg
DA:25,1,NfxcGGkLkHSrPcQ7HYeLnQ
DA:26,1,uttVAilfDmH2HvFbUzVJxA
DA:28,1,atBn5gLlDwH0XL8yw7B2HQ
DA:29,1,pG5Nrh7C4a3Cwj7MbKbvaQ
DA:32,1,BWyVT/qpKb0n6klh1ozXCQ
DA:34,1,knSBDLTIQUIGiqhZG4YdZw
DA:43,1,zadBSZxmw3v3sP3+GlekQA
DA:45,1,0MRWdC8Jl5uyWDiKgKVvAg
DA:46,1,XHwf5ddmsLzWRdxMV0hXbQ
DA:47,1,faISOE49hraYp6iRfX28aw
DA:49,1,dE3dPJM0NiaY6A8nqaVPvA
DA:50,1,wbHDrB9LH7JMMJsdTs1zRg
DA:51,1,blXPatpu4sL05ACEYGRSyw
DA:52,1,Nm/fYCbptslhsPKuNDhbQg
DA:54,1,KKWX5Bxwlq9lFUF1bpWDVQ
DA:55,1,knSBDLTIQUIGiqhZG4YdZw
DA:58,1,p7N86rRfmtftJ6RuFqR87w
DA:60,1,7T+wvIcRBwIpyrxlqHZ1Lg
DA:63,1,knSBDLTIQUIGiqhZG4YdZw
DA:87,1,m/b0OrPWRmssXEmUMp2yRw
DA:89,1,FV+02aZAo0Zc/TN9375r+w
DA:103,1,NLokkKftBq8Y9YvBfMmmTw
DA:104,1,DmNcURxAu8EHJe+8EPqqcw
DA:106,1,6AFB7lpPhXOuW+M3f5MCtg
DA:108,1,T0DH2Wp9Jmb9xCHrioA9Nw
DA:109,1,7YO+UYeRSCCcXlLdfmcdlQ
DA:110,1,fIpGgS0+A+4cMYX4EEMtAw
DA:111,1,E1WjvG1YhUrjhUCsopNtBw
DA:114,1,nEEBGzC3dxbB55mXYKMJuQ
DA:115,1,NEQmUsBonOP0zY3wnrbSdg
DA:118,1,gecJkWNzWUq5rXxATS9Glg
DA:120,1,gSTg27eliCjiAZzPOMmmWw
DA:122,1,7YO+UYeRSCCcXlLdfmcdlQ
DA:123,1,9SuTKbDLgB/wwegkwn8Mdg
DA:124,1,qNz24MlQ0IPVsg9nagKM1Q
DA:127,1,3ioIE2PglrUX3DuM5UzZXg
DA:129,1,k1mhOQjj1iBUxsk0qpHrdQ
DA:130,1,ND0DyicAgD83OtTu5lvcZQ
DA:131,1,TxR8+gzG0D447AUCZ4EWjQ
DA:132,1,B91Bg/tCvG9ekyVouQE8PA
DA:134,1,kfNuLhpff2ivS6Zysz2ouw
DA:135,1,gNO8wgY6ky4nhRpyz/LMFg
DA:137,1,Zh79ybQBhEIAYq5sqhMw8g
DA:139,1,4F4vHvGFA2u/Tt+5ERRkrA
DA:140,1,zlSOU55cINbSQFY2qQI++g
DA:142,1,AIl6KwltHcoHFuasCg9QrQ
DA:144,1,4gymdRUkGg8uyeEwFAb0DQ
DA:146,1,7XD22DdG2gOSNmHEcNkaUw
DA:148,1,pUoJuiNApem1x5tn879KAw
DA:149,1,qjsKTpmUjoK2MtmZ3mjbkA
DA:150,1,lGBw39UPjIdV1qsZnKWtgw
DA:152,1,YsbvygcjU1IbBKSkieWGIg
DA:153,1,Qum4adA4EElfuPgZVQy/0A
DA:155,1,0rKL+ojPcBbXtOe1SzjS3Q
DA:157,1,T0DH2Wp9Jmb9xCHrioA9Nw
DA:158,1,7YO+UYeRSCCcXlLdfmcdlQ
DA:159,1,3cCbZuZ92phmJYd7kKqPiA
DA:161,1,fz014S4yd9eaNH1010PR8Q
DA:164,1,Bq/+Bd+4EXtZIe7S6QRRBQ
DA:317,1,uPuFPjx6jLtWkGW1j7RROQ
DA:443,1,KBKR6gITi9cBz3zQ/aID7Q
DA:450,1,D+f9YxYfae+Jh3Av0F2z3Q
DA:471,1,k9SDh9xhrGyJr2rV225ELg
DA:472,1,cxX1hrKKaxgrHqKukVWM2g
DA:474,1,xjcDBnSwra0OiNOAYAwoHA
DA:475,1,15kNcxH8EodTDPRZuxh7IA
DA:482,1,KTvlcMDlZOtowb8/H0midA
DA:484,1,6V8IV810HGi8hBD+ccChQQ
DA:485,1,Uk1iEqLYWHwxE4nbWtF0CQ
DA:486,1,J+8rqb/pVzCyQNuUjR3uoQ
DA:487,1,OfhNj04HZ3ekcrTyJNg2gg
DA:488,1,Mit16hMNcznEd8lSMy284Q
DA:5,0,PiZPX7qxBzV5lRHyHKcIQg
DA:6,0,4im9FN6FvbPz3qPCF3faDA
DA:35,0,uesOXv4xQFiK8rfushHdrQ
DA:36,0,pKV2A/aNUDD8ksTw6lLdeA
DA:37,0,Lw+bmquzoOAZdrtt2r1GUg
DA:38,0,voU43d47Jn6/jL8n2EOAyA
DA:39,0,omaWoq5P8DmIb91TlNQ0/g
DA:40,0,p0kJRSTuckNt8ui0HsMW4w
DA:41,0,uN5mF4UfreddIemY+tP05A
DA:56,0,e7d8gDuHQxx3FWzkXRO0Ow
DA:57,0,aVwSv06lNg4pkgMCrxAtpw
DA:64,0,6V8IV810HGi8hBD+ccChQQ
DA:65,0,kf2+nod115JvM7fUPe7o6A
DA:67,0,tgp/hO78GgV9jpsZfO9i4g
DA:68,0,OsW46wH9iY9ZSVxERyouZA
DA:70,0,1OAG1mEyV71nmOdQdVVEmw
DA:71,0,YSAntun5UKAPn/y2rhQU5A
DA:72,0,LLpQb+u62SP7Vmh7ey4LSQ
DA:74,0,Tb4cFw3lfbYD9ak+yKWuNw
DA:76,0,1OAG1mEyV71nmOdQdVVEmw
DA:77,0,aGQvRzL1SSLDMqjyt1CT4Q
DA:78,0,1OAG1mEyV71nmOdQdVVEmw
DA:80,0,Vs1X9LSWdRQLMZw/oqngmQ
DA:81,0,NHw7mS0APe9LYNRJ+k8Ucw
DA:84,0,BwEoafY7rZq28W/HMv+mag
DA:179,0,NLokkKftBq8Y9YvBfMmmTw
DA:180,0,DmNcURxAu8EHJe+8EPqqcw
DA:182,0,6AFB7lpPhXOuW+M3f5MCtg
DA:184,0,T0DH2Wp9Jmb9xCHrioA9Nw
DA:185,0,7YO+UYeRSCCcXlLdfmcdlQ
DA:186,0,fIpGgS0+A+4cMYX4EEMtAw
DA:187,0,E1WjvG1YhUrjhUCsopNtBw
DA:190,0,TMobPDgPkEPtT2oSsosdfw
DA:191,0,VAZ/ohW8a0g2W7ZLGW9YCw
DA:192,0,JFlzh5YZ+7UIJqmU/T0lEA
DA:193,0,uKgQhGYrQxl4eznFp3t8gQ
DA:194,0,oFFR/h9DGcgJ5qh1I7B0Hg
DA:197,0,nEEBGzC3dxbB55mXYKMJuQ
DA:198,0,NEQmUsBonOP0zY3wnrbSdg
DA:200,0,gn8mjTZjid3G2qqDCC+1Ug
DA:202,0,mMc4N76oz0L5+AUn5waZEA
DA:203,0,2SkQDW7uPNltbNyGCTTxWg
DA:205,0,LQrGUeECLGWnQKAAnQ3sBw
DA:206,0,6yFfiFwBUkVDC3YVvX4wGg
DA:207,0,2HwCFX0OL5B6Mh582lMSsA
DA:208,0,+oxHq5Ts3a2xcEPIfl5f+Q
DA:209,0,Cy6ApOvbpSCrn19pxeAeDA
DA:211,0,9lTj0OK4gJdluFHNPqpnxQ
DA:213,0,2Tu12g0juFEHM2C7FL4W8w
DA:215,0,cj2wmmJmru7+gK/jP+denQ
DA:217,0,O0sBBwTNF9s8AvJBwy4FSA
DA:219,0,xNUZN3BzL5txc4Aimd+S/A
DA:221,0,pUoJuiNApem1x5tn879KAw
DA:222,0,YTY9ERA88ri1U0+l4TVbhA
DA:223,0,4hO8dIOQi7no6JY9tmtS8w
DA:226,0,wkesCr3xMY256kiTWyth0Q
DA:228,0,7dxEqzPCvKnnouMKrDzqww
DA:231,0,QxLrfqPMlOVWHLQCaXWsYg
DA:232,0,M04zr6fOBhbbR2HhStfKbA
DA:233,0,RaqWOqAT6aN2PDdARvU9Rw
DA:234,0,xKhQAD4rf1o+gEtKrr1RAA
DA:236,0,tXnSSf0qFTV52vd8pj3vbA
DA:237,0,zaWVemQuS6EQLjZ0ZfNLbg
DA:238,0,JM928w7n1RetGMJlEBbsYw
DA:239,0,SJnIgiX6ISeFLEMeQqc9Vg
DA:242,0,66ftQLITsAkbq4vCDururA
DA:243,0,gkdbiOKTVm1avQ8I1QUa/A
DA:245,0,iwCxuVQU9EiC/F1wnjMrYw
DA:247,0,QxLrfqPMlOVWHLQCaXWsYg
DA:248,0,04oZtxhR8YIA5cBNNX8pBA
DA:249,0,RaqWOqAT6aN2PDdARvU9Rw
DA:250,0,LBiVPIWUuOCuA7mQt7OttA
DA:252,0,tXnSSf0qFTV52vd8pj3vbA
DA:253,0,W+5FicI8v67bvyuZoFNm5Q
DA:255,0,/KpB1Jd1P7Y/Hrj6oax33A
DA:258,0,pbI46+tlAXktau5EkQgPNQ
DA:260,0,HqrBCleNC0UwDB7y/SWwQw
DA:261,0,UZCZ+mXDdAH7E71GFz+fcg
DA:262,0,MX386MCbDzPxeXYh7yyDcw
DA:264,0,izoVvmEbiV8Ft1xQQud9Ng
DA:265,0,Pc9/z5Ej6MVUHjjytiyOMg
DA:267,0,KWll6TzO7o8iQr6pZs/ZEg
DA:269,0,J+uXZqnyrpVLeypoR1q32A
DA:270,0,DzAwytvFGwlO/ahKTrIzOQ
DA:271,0,gd9132pczOnJ3tkTeZqURw
DA:273,0,/Bbi8klUd2NEFn0KGSVXzg
DA:276,0,jUaSmMl2dLXAi1/rrnYMsA
DA:277,0,Im+fB+MZzn4SyhgJ6aGFSA
DA:280,0,YXZVhAl01Ew04pu89JMBcw
DA:281,0,ANnMw23sq2uEN0iNT7mwNw
DA:282,0,NO1Z2OYjFXD2gbSArtWXBw
DA:283,0,xgjLigVqCp4sFSyPXfBUnQ
DA:284,0,ycYxa3I8N/kONnVaeO++Bw
[...]
DA:688,1,n0HGOBUVjQnM5mTAlkBBFg
DA:690,1,kSOBUDcA27wtB9vPKcA3jw
DA:700,1,ElZxFglkYRByTl/Gyj1X+Q
DA:701,1,BEtCYebNv0Niy19LX2qmSQ
DA:702,1,JksANeUXX1d8yn3H/7ICaA
DA:703,1,jpRzOA6An6lBR9lXNcFuNg
DA:705,1,GbO0DRSZmszBeGFrDbLksA
DA:706,1,33b1xT1rGv/7OSfnotR6Gw
DA:707,1,5Kkske9bTHX6tjYLLxH9vw
DA:709,1,Wh4guZmdNZJk5vq4lMTIqg
DA:710,1,jkrbHZaD0o5U9GPoEVT2dA
DA:711,1,SdWG7mX7lPp3oTC4gBhwRQ
DA:713,1,0+/nuK07BnLW2Z8tPymzHg
DA:716,1,XaadDYo/bd1/c86N1V+vbA
DA:719,1,P1alq2Iu4DEsCsiOhRrwBQ
DA:721,1,1dBGooxg/3lb0c8F8vqqew
DA:723,1,zo0jnYpFF1o19rQXFUmj5A
DA:726,1,cesgd/HZiASmIDx6DjTQfg
DA:141,0,BlLepKZNIqnH/flW5eEdDA
DA:142,0,7QmqpEf7DsLBqob2U8MPJg
DA:143,0,nQ8uRRbJANfwX3ZpmtperQ
DA:145,0,CKS9wRtEZ2PfQnD1n4wNjA
DA:146,0,SWDiIsb2Lmg38ZqJvbF/+A
DA:147,0,NJkcjw+bABnR1B+M2kNsLw
DA:180,0,qcIBCktzWrw/M/0qx8bbyw
DA:181,0,3lk6sgZKZ7JYuhO7/Hxs4g
DA:182,0,MMND8xcf/kxavPNH7upMug
DA:183,0,CoK5SXFA/uFSC4Me4PtMyw
DA:184,0,DRy/otg1qFudCwWveHWCFw
DA:185,0,C1SMQ1ObR2eGyHd4XmoaOg
DA:186,0,9B0j9clSL0ZhSZsp1dID8g
DA:213,0,objxXijxXoSzSMWXyvD7zQ
DA:216,0,7eXPcJr6E3VaQleH639qZA
DA:221,0,1iSejwX4tlSrhZFXdbeASw
DA:222,0,kk/rsybx+LaAr6cBnpswEQ
DA:223,0,E5M08UivJ1VpoTtYnwhe7w
DA:224,0,Zu4be5kwzYjhVR9YdxZJig
DA:230,0,SMq1HbHYSi6zg4PkQaJSUw
DA:231,0,H/aw2+5ur9M8Qqn5nxCTyA
DA:238,0,iem9KwiW3A9pGxM4praRTQ
DA:239,0,s35pBfwr9o1H0p1b4rspmA
DA:240,0,uIXUKELWvniO1JsWHBXc0A
DA:242,0,Xq6YFQQeQ+xJbBq1bYtS3Q
DA:243,0,qGQCuB9IauExWIl7Yxzwzw
DA:244,0,uIXUKELWvniO1JsWHBXc0A
DA:246,0,1JLYPYR6ADq30Xhsk5iwXg
DA:247,0,jSGwSFlshC+onj/iFLi1RA
DA:248,0,uIXUKELWvniO1JsWHBXc0A
DA:270,0,7fSwK1peESp2RVsSlQKBYQ
DA:271,0,Ifx/6Ba1L17W3jHAb4UaRQ
DA:273,0,MsnVjKWHNaK+LsEZh+KBaQ
DA:274,0,ETW/Xe/opiWyvQG6CIfcaQ
DA:276,0,H6yS5enqsC4RLi4zHaMPfQ
DA:277,0,ryrdF08UZgbzLSQgb88sgw
DA:279,0,p3zu+o0xeO0lSQEPWpCEdw
DA:282,0,EHpxKmx6ZwbuifJyFrpQgw
DA:284,0,GpChOnL9UkVPa+5hboWlaQ
DA:285,0,gCVUZVKlYSEeWQEAunGmfw
DA:287,0,iem9KwiW3A9pGxM4praRTQ
DA:288,0,ryrdF08UZgbzLSQgb88sgw
DA:290,0,JloS+3mhsLfLU+2zY6zChg
DA:291,0,05tVX0ZTYmr4cXNBCj21Qw
DA:293,0,8Yx5cNeTLya77fW0Vpu3gg
DA:295,0,EHpxKmx6ZwbuifJyFrpQgw
DA:297,0,hBBSePSVcoKS5wQGIwVbDA
DA:299,0,wypdxLW51Rltxn1YIF9nCA
DA:300,0,I63H9naydSgCHV5eIjx0fA
DA:301,0,/x7oHJKxgLoPYCaBTPPg6Q
DA:302,0,CN40W3Q8IYrHVfY5vLnOrg
DA:304,0,HsImEu7xtLbsjOmZLXZsNw
DA:306,0,d09I73dwV8q5GCafyxUpxQ
DA:308,0,gCVUZVKlYSEeWQEAunGmfw
DA:310,0,Xq6YFQQeQ+xJbBq1bYtS3Q
DA:311,0,ryrdF08UZgbzLSQgb88sgw
DA:313,0,JloS+3mhsLfLU+2zY6zChg
DA:314,0,w8sZa32swb0DJIUSRL0gBg
DA:315,0,8Yx5cNeTLya77fW0Vpu3gg
DA:317,0,EHpxKmx6ZwbuifJyFrpQgw
DA:319,0,hBBSePSVcoKS5wQGIwVbDA
DA:321,0,wypdxLW51Rltxn1YIF9nCA
DA:322,0,I63H9naydSgCHV5eIjx0fA
DA:323,0,/x7oHJKxgLoPYCaBTPPg6Q
DA:324,0,mRHxqFu8fp1QXaqkyVZAIA
DA:326,0,HsImEu7xtLbsjOmZLXZsNw
DA:328,0,d09I73dwV8q5GCafyxUpxQ
DA:330,0,gCVUZVKlYSEeWQEAunGmfw
DA:332,0,Bk4RgEKZgMN0bUMjdRIjiw
DA:333,0,ryrdF08UZgbzLSQgb88sgw
DA:335,0,R8PBhKQj6zLSshc43dkYUw
DA:336,0,LgkrdGMyTGayrczySVRmLg
DA:338,0,8Yx5cNeTLya77fW0Vpu3gg
DA:340,0,EHpxKmx6ZwbuifJyFrpQgw
DA:342,0,hBBSePSVcoKS5wQGIwVbDA
DA:344,0,wypdxLW51Rltxn1YIF9nCA
DA:345,0,I63H9naydSgCHV5eIjx0fA
DA:346,0,/x7oHJKxgLoPYCaBTPPg6Q
DA:347,0,aLm3ULYDZ3POFwRu6T1ksw
DA:349,0,HsImEu7xtLbsjOmZLXZsNw
DA:351,0,d09I73dwV8q5GCafyxUpxQ
DA:353,0,gCVUZVKlYSEeWQEAunGmfw
DA:378,0,OKMNB7bcxuOY9FL2uGY7KA
DA:379,0,OP7i1e2/VCtNCW+4DMXs6A
DA:380,0,vjHhONuSgVYNFBjt5ceMsg
DA:450,0,auGYLQesP/uKgIbkit8Bag
DA:451,0,fRlZ+wKktdoidyO61YBflw
DA:452,0,FhDXBH27e2GpE2Q1oP5WBQ
DA:453,0,kkbCSJobZUCrmwpRfChcHw
DA:454,0,pUtbp5NE/4+qsFIFKULPkA
DA:455,0,ilSyc4z+PKvfnHqVls/WVQ
DA:456,0,qT8n/BPklNd0f7GV6JFQ9Q
DA:457,0,jiEbRgGr8GqMMqjshlRPHA
DA:458,0,NRXrsjYrJaVMTbNgcnEdbw
DA:460,0,c6k1K1jOb7kboFehgMRKTw
DA:496,0,wWvyVCzDRWfTVXhFZNNl1w
DA:517,0,Uq7StmoFMIOlH505qw6nLg
DA:518,0,quSnUUlCMRR3L8TX8bG7hA
DA:519,0,2kz10n50iLS4U46B+nWsmg
DA:520,0,QMqw7NBMH9a4xBAQK2ewNg
DA:521,0,e+Z+xpVFrM5+QBb2624tbA
DA:523,0,Nwq6RpHYgfSupA2Tx87KWg
DA:557,0,kSOBUDcA27wtB9vPKcA3jw
DA:561,0,zo0jnYpFF1o19rQXFUmj5A
DA:562,0,lQSBSUZauj56vBNX0PIZkg
DA:564,0,QI9Yxp65FvZRcJ/TMk4Ktw
DA:566,0,BEtCYebNv0Niy19LX2qmSQ
DA:567,0,JksANeUXX1d8yn3H/7ICaA
DA:569,0,jpRzOA6An6lBR9lXNcFuNg
DA:593,0,GbO0DRSZmszBeGFrDbLksA
DA:594,0,33b1xT1rGv/7OSfnotR6Gw
DA:595,0,5Kkske9bTHX6tjYLLxH9vw
DA:604,0,Wh4guZmdNZJk5vq4lMTIqg
DA:605,0,jkrbHZaD0o5U9GPoEVT2dA
DA:606,0,SdWG7mX7lPp3oTC4gBhwRQ
DA:608,0,0+/nuK07BnLW2Z8tPymzHg
DA:611,0,XaadDYo/bd1/c86N1V+vbA
DA:614,0,QD5GlkVesdGlDNJBp2++bA
DA:616,0,1dBGooxg/3lb0c8F8vqqew
DA:630,0,9akWt5BjWPLN5qAimxZUmA
DA:632,0,QzNvdCeBnF4Orgq3Usm6xw
DA:633,0,wGd861QTcsHqN4JvwxoVFQ
DA:634,0,kzQ0+PNgtelImw/rw5mopA
DA:635,0,YCZemXp22NQr8qiYRW0cMw
DA:636,0,BUy729X55YnAVBcYX23TlA
DA:637,0,NaHGm84KB/SCMrbsRB8N8g
DA:649,0,/GijwVrUE4XdlVwiWlREQg
DA:651,0,RaGb2kikqzWswZqeFzxRRA
DA:667,0,7rfEQ0dGuJKlQcrH4wOs7w
DA:668,0,iwzr0j/xXm3unIE/lPu82w
DA:669,0,w8BpUTNEvFrOYBQfnKLl8Q
DA:670,0,btZcbntr43MsD5vfJNR4QQ
DA:671,0,sxrWY7zgCmcL1CshktLecA
DA:672,0,PG+sexZzPmuLGd6kE24AJQ
DA:673,0,ORnk23xHFeH57rf+nYpvTg
DA:674,0,mjFf3aU3V2rE9sxhYEBv/g
DA:675,0,weH8xH1Dxu1gm/oX06j1gQ
DA:676,0,bl617G1rx3lqUuawNkEIgw
DA:677,0,Rm3vWUBurtnQYB36Py0jVw
DA:678,0,BeaCpwvmExP0oaWfpNxwjw
DA:679,0,gNQAyOLORyMml2sADXnHLQ
DA:680,0,vyBgm8zU5JXYMyThM7d6+A
DA:681,0,61Q5A07AwZ9P6tkov9lqjw
DA:682,0,3EkQgZUtauSvhxJdOJntsA
DA:683,0,u5bR+znCBp5+aQ1QORBzdA
DA:685,0,n0JYRxSxGPlrJBsRv+adNw
DA:724,0,lQSBSUZauj56vBNX0PIZkg
LF:352
LH:205
end_of_record
TN:
SF:hazel/sir.py
DA:2,1,R6QT1gTcGomsAI4QcwqTgA
DA:4,1,DfGRmzzL3ELlFDk6vo+lRg
DA:6,1,d3vIc17u+7RWGKNQhyqylA
DA:8,1,gFdnwIzxJ64X+nD2UauP7A
DA:13,1,/XQjF0FxUy6j/f4uCMDH3w
DA:16,1,VqWOF0YLtJEv6R7MCwZkJA
DA:10,0,QYZMJ8uO9+wwoQl1Eefv3g
DA:11,0,OCoytKf3Wp0V2nax8Mi5zA
DA:14,0,FEySjNQDM+LTJWR7rkv4Fg
DA:17,0,E8iGDKPBxjfN4kufgeQR0w
LF:10
LH:6
end_of_record
TN:
SF:hazel/spectrum.py
DA:1,1,IWWjrCeOtk8NNtrE95++2g
DA:2,1,CTvGpZK+Fp76m9jT0XdL2Q
DA:3,1,y8Ejf19xFFYuOpqYb7W7fw
DA:4,1,vkmSaTLq/I0eE32w9tangQ
DA:5,1,QKRjHIiISRXqE5CyQzRrEA
DA:8,1,5EXIapEk426gvcH9ajaTfw
DA:10,1,wHcAZsiBDgJSzXTT4v/+Iw
DA:11,1,AhzWCtEJqGtdvdL8NKWzCg
DA:14,1,bL/LN+yHWBaixZ1lofjjQQ
DA:15,1,YDYeaw1DMK3rpn07+hpz+A
DA:16,1,NSFmq4f8lhmtj8jRApnxlA
DA:17,1,oGeovaFe9zDeoo1LJUsmXQ
DA:18,1,5MZtr6Un07JCjf51AsMJMg
DA:19,1,n6TDfVPO3TlhaPGFDx5WIg
DA:20,1,OOZ5cwEzSQyPh0Mmtg3/Kw
DA:21,1,eWXGMoTxbfZAyCruMs1Wnw
DA:22,1,sjIg5t3qKuvgcfJa7iIwAw
DA:23,1,KyWKKx7h3/LXKWjFDHLVzQ
DA:24,1,GakV/fQkAGNMyJFJ7QnPYw
DA:26,1,m74OWhjw4Px4z8KcZPmhqw
DA:27,1,S8KhMgZ0CPqLYnEs11tt8Q
DA:29,1,YNm52Nw7LvFCYnMm9qcZWA
DA:30,1,apTVIe+WGXN6YlXWMm1tpQ
DA:32,1,nfMHhoH+rLHLHuxUwSCDCg
DA:33,1,PyXjh2KMXFP+ZSGJNEOD5Q
DA:35,1,4crbzYyI+/uWL/kAjZ4pqQ
DA:41,1,D2AC50P1QW7ROF1Roz2PTA
DA:42,1,W/IOTOCvvf+kOItFJRHEvg
DA:44,1,NQG0I0TpVP4m/cdzNDCOoA
DA:45,1,bGtaFycenW//t0svTN5IFQ
DA:47,1,ySC0iCoBTyi4Nrdo+st5EQ
DA:48,1,BWU5IFc7nX5kZy613BpUUg
DA:49,1,thjOgWaDJx82TzSL7wlG3Q
DA:51,1,rdrAJUEwKR21AEP9fz0+0A
DA:53,1,AZk5BCduv9QdRswSiUJ2Mw
DA:56,1,j9dsSlIf5asW6eesptWTqA
DA:61,1,aGuYdiedr4xJOOWKw1bLwg
DA:62,1,gaqa8YQdjl29bTpQgEEoow
DA:64,1,XiAMDP0Sv7DkcM8PF+1wYQ
DA:66,1,H/WmnWw9vUIUTVZnEsnikg
DA:81,1,00tT54kh7OzmhquAkfZUug
DA:82,1,CiH5qf5H8lQkWGBBQIsHTg
DA:83,1,xrNARo2EJSpIb1bkQmrM8g
DA:84,1,K5OK3x1tlBnVD0RtprpZMg
DA:85,1,9kIxuJeWAxkI05xuyUoEew
DA:87,1,yshhvZxeeHtUD/TiTcm9Dg
DA:101,1,d+TDIK0qKUBxXh5I+WK9Bg
DA:102,1,QGUVzyr6q0g8sHegHYzf9A
DA:103,1,X7cqlCE9/l2FrePtJfYVXQ
DA:104,1,1jmgAm4CWC0tyDiTpMZRdA
DA:105,1,A6BfR6eoWqAdkBmEb8Jwxw
DA:106,1,klP/DYsomaPSsO4Xl99R6w
DA:107,1,NcKDjHZ1DS4W3Gy0wRpnEA
DA:108,1,/wKGRAyKWtVr1v1EMNFnhg
DA:109,1,wS1pBXRZEQzlsIhK3sx5VA
DA:111,1,/rPPXyvTqWqT92h0N/grow
DA:113,1,yIiFpV9OpAZMDZX7n/jIQw
DA:116,1,W6hn7jOw3zNK7hBbugSFKg
DA:118,1,3TwORTMitQnsKXjPRHjv2g
DA:119,1,bvYsqtowMG3Fe2ym350khg
DA:120,1,UWgY3v4NU0xy2bbzbW0y8g
DA:121,1,P3Njr6NFH90C9UEbCH85tg
DA:123,1,g9QXLuEQ49nu0xmM2+3luA
DA:125,1,QyAmVywQeorORpXFADA+mg
DA:139,1,v85KLuVW79dv20d/MCNM+g
DA:141,1,FXdbnftSfpWSBWhMM3Q2Cw
DA:155,1,cYajsfuP66qpgUm5JJkXXw
DA:156,1,ZzFbDP8DSyOZAeo4mJRsAw
DA:158,1,mvPpsT8iddH1Gkv0+83SuA
DA:172,1,zfKkZg5A0K3Ue6It9eqqlg
DA:178,1,U7l0nM9lua7xYeEJFalphQ
DA:198,1,5KWo875/hrEuL20tK+8DZw
DA:212,1,BK+foMhfUltpwhLaXPLX4g
DA:214,1,npgPHUJUFhxA38zlWVWVQQ
DA:228,1,z91vcdmavXAsFFt4g/LBuw
DA:230,1,oUw73m7b/eERF7rqmbUuPQ
DA:247,1,SkAkz0UVYZcfmkIRa9r4+A
DA:267,1,OFXpvgTydBNBE92ct216LA
DA:283,1,pDADRDAIE2QMep/3clSJuA
DA:298,1,mgsYtpQf/CbkkuCG97/s/g
DA:311,1,+24o6sS1z817R3fyV/z9Eg
DA:313,1,J14zPQRTGUSdvhlHsXtV+Q
DA:326,1,kEoGqeDx/ArTYun1IEdeww
DA:328,1,9y0RtkXBc2hfSgBo+CpGDw
DA:342,1,uU0zdKUzlPeXfgAUmQsuOw
DA:343,1,1P8ywUWkpUlKWhoQwBX8LA
DA:346,1,2c55PSRNxBv1doioFeNlEQ
DA:348,1,v9iGLlGf77cJe1ZHiuFNrA
DA:364,1,2bZ5ZWXO93O7TX8X9dWQRg
DA:378,1,8F6nZGCuDEUsAW5xfSfBRA
DA:379,1,pUyYAH3QrP+lwg2JqkSv2w
DA:57,0,pVAxSajIzo43bhcGjDXxqw
DA:58,0,mQE+Z4BWT4OXohOYT8rVeA
DA:59,0,FIWNfolHCMopCu6WhfLxZw
DA:114,0,U7thx1BmCFrDxiyYHH+w8Q
DA:173,0,a0WT7UX3+3mF/sxE3dPQqA
DA:174,0,kNUvNqXWE87T8hY4GbxaYg
DA:175,0,PaanqTboT2EUIcVsL0ak/g
DA:176,0,sA1wgynqcHU94K+0HAHpPA
DA:244,0,4UEaz3cWtSfwNe9F1/xuYQ
DA:245,0,tJ9seFctIZojcJkO0vF1nQ
DA:261,0,xeYkSp4keMZ1UkPAqgUsOw
DA:262,0,1P8ywUWkpUlKWhoQwBX8LA
DA:263,0,oJQ6GlrudzCG/I+BNzyxsw
DA:265,0,2c55PSRNxBv1doioFeNlEQ
DA:281,0,mKxwK1RZC1Q9+y2bI+XC0Q
DA:296,0,lY+eOcKfXsyH8u+rVGVbmQ
DA:344,0,oJQ6GlrudzCG/I+BNzyxsw
DA:362,0,NPUj18AURISLvR3HP8RrEQ
DA:381,0,soWOvqTdJ6RM4dYfOhbggw
LF:110
LH:91
end_of_record
TN:
SF:hazel/stray.py
DA:1,1,DuC1T5Hn8k+0QEqZ7aP8Aw
DA:2,1,IWWjrCeOtk8NNtrE95++2g
DA:3,1,7Z9Lj4ed27Wf2hBX6jooEA
DA:4,1,y67oqummjd1SnW2xndH1hg
DA:5,1,CKaihBQMBTt7c7VKzyHOGQ
DA:6,1,MdB908hMWMqOA2tkWZFB6g
DA:7,1,zxuHcr80iM1ygDOPt1Pw3A
DA:8,1,2/+ysJB2BBzVWbseKUaEjQ
DA:9,1,sfeHZGqO0pDT+pISdKY9YA
DA:11,1,uLyGrWP0/mQHDf9IYrcQhg
DA:13,1,cmXL8nIxRemutU3U5teBGw
DA:14,1,8mXPLnZUaZ9MxhYmQVk0Mw
DA:16,1,YXtYwu75lopA3OnCm7fhmw
DA:18,1,zyJ22ZSpORz9DYMqyO/OdA
DA:20,1,BLsJXpt9VzWGaReg3kx4zw
DA:21,1,SorNMTwWKS51Bb2LW9IMWQ
DA:23,1,Tn0eS3Bawbrdc92Um8D+bQ
DA:24,1,s5fRxqKQd9b19tzoHq8U1w
DA:26,1,uzJqqaZSYOKFq7P/1AqvwA
DA:27,1,6zgHYkn3YoaXm0nIkXzi8w
DA:29,1,U0vhwxKshEuPEvXiRMSkqA
DA:30,1,A8QVA2I5iAXAKubYONu7Ww
DA:32,1,WK6UyZhlR1WjSinNINdY2g
DA:33,1,Zbhvt4QLK5Kis1dJDzI/hQ
DA:35,1,cq92fxa4UVTItTigSpMXhQ
DA:36,1,mKCXhh8ckPTWmzP0PdVu/Q
DA:39,1,eikTdGu3S5HuiDFEcTHInA
DA:52,1,W8QLY2zfuyiMwEXzXCizSQ
DA:53,1,lRw4KRxEV9gGk7kUzuE1ag
DA:54,1,B0VQsqpvit7ux/86BvdDng
DA:56,1,9y7WkdqGKl/2ACcX0foyEg
DA:57,1,2yJ0DVGZSjfdts0dek21kw
DA:58,1,A0yKxdz+wsoW+6Mj94QrkA
DA:59,1,ZW4ECBXE642fsbR1UJuQGw
DA:60,1,m8HkPM4i7EuN6c0xUfnyjw
DA:63,1,O55ghZ8b9QEG0I5iPy7j6g
DA:64,1,sDZwoalXWnqTs+1hEtgDEQ
DA:65,1,nK5T3dOyYMR+Qy74AD7QSg
DA:66,1,lSD/aXQ/+F4GyY2wfiP8IA
DA:69,1,buezMlZhTVKK9pW6PerKhg
DA:70,1,NaQFLrkfKNGYKuHC5XZLFg
DA:71,1,uEpQ9TRSsHyuTLA3cdaNQA
DA:73,1,zvc7DN61e0qUhXNjHwb5sA
DA:92,1,tGuD6YitqPLKGaAxEcez3w
DA:108,1,tpLzowsCOLDOvx4ZAKeZ3A
DA:109,1,MoriOMV1aQwAXV9ZGx1ycA
DA:110,1,OKMNB7bcxuOY9FL2uGY7KA
DA:111,1,XK/Op4tRTJS0b24a4eZGag
DA:112,1,ijjW04r2WQiinxt6gYKjtw
DA:113,1,LIRMGPBvf7REnfSRlWLAqw
DA:115,1,Aoh+RL96nQ6iDwjXgpO+yA
DA:120,1,62xj9hymvHlI+c3Z46gG2g
DA:121,1,OKs0C3JR3NO3BHUXDiupTg
DA:122,1,6cvO7iABTrTBQF5HKBZG2w
DA:123,1,yLofkaFL6/9RK/NV23dkhA
DA:125,1,BLvFZVupd9w7Mmwl+SxJSA
DA:127,1,niIEtt0aEWetcPco6OZffw
DA:129,1,qbLV8Amu7t1RxcMyR420hQ
DA:133,1,FurAMScCMylnl/0mb+Apqw
DA:151,1,uiia/GA1DaUTNnHhsLYwPA
DA:157,1,hvX4dqqVsYYCbVR8w4Ad2Q
DA:172,1,buezMlZhTVKK9pW6PerKhg
DA:176,1,YUbJhiLNHsIIpnenH29GPw
DA:179,1,/BAr5ylBKVs7N8sw0kuwJQ
DA:181,1,L083eJxC9X79d+0QuXvCLQ
DA:183,1,oJOQ02DMAjAoZlJz9Xv9Uw
DA:89,0,wWvyVCzDRWfTVXhFZNNl1w
DA:116,0,OKMNB7bcxuOY9FL2uGY7KA
DA:117,0,OP7i1e2/VCtNCW+4DMXs6A
DA:118,0,G0IVAKIH26LT5WEiPA4GAg
DA:130,0,UY1Jbg8J/eEA/pc7dni8Fg
DA:145,0,JuDtsH08WKtJ2RyakpBZRw
DA:146,0,quSnUUlCMRR3L8TX8bG7hA
DA:147,0,4+gwrcxmlr3lt1uaUac25A
DA:149,0,kCx02HEuv1T+z+uavksUdQ
DA:152,0,J5hbZb6GilYriR6hem7R+Q
DA:154,0,b917nqR2StTy3Y0iDasVfA
DA:173,0,PFlKz23u/FFzH0SEMoY1Ug
DA:174,0,VF2jTt0oJ0x1ENdjcIBKjg
LF:79
LH:66
end_of_record
TN:
SF:hazel/tools.py
DA:1,1,IWWjrCeOtk8NNtrE95++2g
DA:2,1,Ne1xnbfQf/0CaRgBosBD6g
DA:4,1,8UhP3ZxCQzQdA3AJspkGrQ
DA:6,1,3sxJQgHAN7QKUaBTcy3G6w
DA:7,1,/ZvqiDY7XVzMiSFdpC6ZCg
DA:10,1,aVVOYSM9pgjOh5adloCEtw
DA:12,1,S/Gpasv6vMSQh+d+nNWPmA
DA:15,1,HDDoCmT0SR0jEeHkzvAqBw
DA:17,1,pNCxkezzLYUEbav7Kta9bQ
DA:19,1,wL1Oe8JyBe15Ha+aGQJqNQ
DA:36,1,662oaCCy53JCK5z9FaagwQ
DA:39,1,W6xpNZ3qXMWTJdsTeod/TA
DA:40,1,EeePY1nZ+jdJwFUoMy6AZA
DA:42,1,wWEumoNSuJJlD0ixVq+eOQ
DA:43,1,prMJUasPFkwTRESIZjqiIg
DA:44,1,1fXKGr0wJhbCBmmOJMMx2w
DA:45,1,6YSdGgT6Rf15XypFAWCo5A
DA:47,1,Yvd6WEgM6B5XYJkd/qvrOg
DA:49,1,A0vV+S0CF25e2DZxa72AUw
DA:50,1,5PClOMUJJNTrM731mI5GsA
DA:52,1,D9Qb81wDrDuza/K8Bq+eeg
DA:67,1,u3k3iPwjzmHEWzSohqOq5w
DA:68,1,btFAkvbl1iMcx0WNOEzxuQ
DA:71,1,f88FsViyNzABG7nPrWejmA
DA:72,1,ElfZIur6RNQVo+7KltQDXg
DA:73,1,Q29fWNYVtCD8dUlevxUEnA
DA:74,1,WvIuX8MgAIXoBgnO71MNVw
DA:75,1,dhG3WfG39T6ajVVzEP3JCA
DA:76,1,nQ8uRRbJANfwX3ZpmtperQ
DA:78,1,UmbqrgmS+AN9JI8Hxg43Gw
DA:79,1,+hzsMUN4eA39g78/FnSyFA
DA:80,1,6IZAyo3QiC3cL9ALRYlMpQ
DA:81,1,u9k/VxaJi4Pi/2nmw/Sa+g
DA:82,1,7Wyra3WsNBEFfaaoWuwLBQ
DA:83,1,nmsUPhalGmZ0khHijEHz9Q
DA:84,1,H9r0wIwRIt+GECuRe/XSUg
DA:85,1,7vG/yz2kYLp4R6Hnjk+2Yw
DA:86,1,nmsUPhalGmZ0khHijEHz9Q
DA:87,1,0Ge3UrC8YopyT3Ut0154qA
DA:88,1,BPGLnRY1qkrh/asqkSejMA
DA:89,1,NHJjBGh93Syl+jgR+c8+Xg
DA:90,1,kbSIuZ6mIKhWEAFotDWPhA
DA:92,1,t9rMz3h42hdXZsetovdK4Q
DA:93,1,amwlcYP8El/Hxayvnp+/aw
DA:94,1,FYu13zf8AAIhu4M2RT83Rg
DA:95,1,sH3AN5OFjGPzfqFQzBcjxA
DA:96,1,UtSLiyITsFBoFF8BJjBElw
DA:97,1,botNrXKFN6o+Ak/ZUVSmxw
DA:98,1,kCHvpvnjHVDSo1/jGMRifw
DA:99,1,ZpoJAqocBy1o4CoZcOfWBA
DA:100,1,6wL0QtBxYLTQ0Scb/DSsTg
DA:101,1,9VGKw5UhEVyTIAF/9JoWpw
DA:102,1,9As9E/9OItoPlLbGFFcaFw
DA:103,1,kbSIuZ6mIKhWEAFotDWPhA
DA:105,1,XBRxi3O/dqPSPKmPY8ACUA
DA:106,1,FhD4PBn2kGdUiFZjZnOMMQ
DA:107,1,No1FD1sLUkFoQobSr8DTCQ
DA:108,1,oU73W4xJPliLAmLv4UPa1A
DA:109,1,kbSIuZ6mIKhWEAFotDWPhA
DA:112,1,9voEVTd0y6adfQA+rK0nig
DA:113,1,/ZvqiDY7XVzMiSFdpC6ZCg
DA:116,1,aVVOYSM9pgjOh5adloCEtw
DA:118,1,S/Gpasv6vMSQh+d+nNWPmA
DA:121,1,HDDoCmT0SR0jEeHkzvAqBw
DA:123,1,BKv1RT/Qn34Dv59dgLr4tA
DA:125,1,8ZMkz/DpTWk+5g9aiatvNg
DA:152,1,gDyEI4zzcyvjxg/VSZjgNA
DA:167,1,662oaCCy53JCK5z9FaagwQ
DA:170,1,S2Kpze5mvr6cb3jq8JgTag
DA:171,1,u0t7xutEFqGk5r0Z883yHQ
DA:172,1,iH1hWWb0ET5Vme/ETV9xXg
DA:173,1,nxeP+gqh6ZkqCa3Iaiph6g
DA:174,1,jAee4wyqLV/+i+OPsmYUUQ
DA:175,1,AE+icmlqYuWopY8FsmGYrg
DA:176,1,0A9mY0tW1st3Zm34KKc/VA
DA:177,1,nQ8uRRbJANfwX3ZpmtperQ
DA:178,1,dc8P1oyXqRwu06Dk7e4R0Q
DA:180,1,vqTVzwViuJ9DF9M9O6aDlQ
DA:182,1,Q8JwzDWnbVsFUm46LXdc/A
DA:183,1,vdk1L/AJ3WD4a9T7d50+yw
DA:184,1,d3yI8hZIclH/H3fw4MdkcQ
DA:186,1,uqbpjg1r+97WFJQOo1jIDQ
DA:187,1,TdS4ByrHw6ZDMU0tNvkknQ
DA:188,1,cjaIExtqtJGN6aIMD0w0+A
DA:190,1,mOlj31OkJzh+pDIAwN4iWA
DA:279,1,rMC0RGC8dHwjYpgtT2uo7g
DA:293,1,UmbqrgmS+AN9JI8Hxg43Gw
DA:294,1,CQgAbTBoBBE5jI8fqEfrzw
DA:295,1,6IZAyo3QiC3cL9ALRYlMpQ
DA:296,1,T5Y+wTj2cAWcog0w9SFKgw
DA:297,1,4lIiNnQqy6ighLxoX/1FZg
DA:298,1,nmsUPhalGmZ0khHijEHz9Q
DA:299,1,8RSNP8zX/Asm813ryPplLA
DA:301,1,IYt7uw7Ad6X4XZUwmiDoQw
DA:302,1,kbSIuZ6mIKhWEAFotDWPhA
DA:304,1,t9rMz3h42hdXZsetovdK4Q
DA:305,1,RRa1AymMa0z9gllB2rn/Ag
DA:306,1,FYu13zf8AAIhu4M2RT83Rg
DA:307,1,0BD2UGn3PIlV4QrihM+ggw
DA:308,1,/FimavGrS9yxo/lnA5P1qg
DA:309,1,3h2YpHX3GBAS17PAnFawoQ
DA:310,1,OLnurVIXBsLErB5oy/WH+A
DA:311,1,fKdvoFr/m60N8fqhiO2fKQ
DA:312,1,g+kMSnBm6Z1W3vAzHBqjDg
DA:313,1,kbSIuZ6mIKhWEAFotDWPhA
DA:316,1,USXCiYS32Dap4dkm6cB7zw
DA:317,1,/ZvqiDY7XVzMiSFdpC6ZCg
DA:320,1,aVVOYSM9pgjOh5adloCEtw
DA:322,1,S/Gpasv6vMSQh+d+nNWPmA
DA:325,1,HDDoCmT0SR0jEeHkzvAqBw
DA:327,1,vSrCUZbk4A7pnvy/yRuawQ
DA:329,1,iSMwp/oDRKyZM/cZkhRhDA
DA:352,1,dVNSgAMDs1wvPN2igPFVAQ
DA:367,1,662oaCCy53JCK5z9FaagwQ
DA:370,1,O377lLS7ekpSVmfgBdfaMQ
DA:371,1,rOWzeES7UOwUNMuaZLu8Ww
DA:373,1,Mox6PUNBx6ao4HaQgToVrQ
DA:374,1,x8Hn7QAd/EvmQwE8VYhviw
DA:376,1,tCh4Oy3oXeo3rlXtP8DACg
DA:377,1,6t6G/IlyJADdrMMtgqwggg
DA:379,1,7c4N4sADa8vGvctvczVnAg
DA:388,1,rMC0RGC8dHwjYpgtT2uo7g
DA:402,1,UmbqrgmS+AN9JI8Hxg43Gw
DA:403,1,3kEI0oU/DFdp2oR1M+DDtA
DA:404,1,EcuwIw3/DbQO+p9iDtdPnA
DA:405,1,iKZqUMppM/0v5QMOnj4rgw
DA:406,1,JZaNCZnP24MLuytUwOYS0g
DA:407,1,kbSIuZ6mIKhWEAFotDWPhA
DA:409,1,t9rMz3h42hdXZsetovdK4Q
DA:410,1,RRa1AymMa0z9gllB2rn/Ag
DA:411,1,FYu13zf8AAIhu4M2RT83Rg
DA:412,1,0BD2UGn3PIlV4QrihM+ggw
DA:413,1,/FimavGrS9yxo/lnA5P1qg
DA:414,1,OLnurVIXBsLErB5oy/WH+A
DA:415,1,fKdvoFr/m60N8fqhiO2fKQ
DA:416,1,kbSIuZ6mIKhWEAFotDWPhA
DA:13,0,QOX/72XanfdwlB9D4YTtIg
DA:37,0,I4Xef7MKh74lIenyOSy6ig
DA:119,0,p29WmO5arKnfVHZ0Q7k8TQ
DA:142,0,662oaCCy53JCK5z9FaagwQ
DA:143,0,I4Xef7MKh74lIenyOSy6ig
DA:145,0,W6xpNZ3qXMWTJdsTeod/TA
DA:146,0,EeePY1nZ+jdJwFUoMy6AZA
DA:148,0,Q8JwzDWnbVsFUm46LXdc/A
DA:149,0,vdk1L/AJ3WD4a9T7d50+yw
DA:150,0,d3yI8hZIclH/H3fw4MdkcQ
DA:168,0,I4Xef7MKh74lIenyOSy6ig
DA:191,0,UM2x0ubBOP2k+3xQ2cGkSw
DA:277,0,EkG8jFsk9h9Pd3G6MVtobg
DA:323,0,p29WmO5arKnfVHZ0Q7k8TQ
DA:343,0,662oaCCy53JCK5z9FaagwQ
DA:344,0,I4Xef7MKh74lIenyOSy6ig
DA:346,0,W6xpNZ3qXMWTJdsTeod/TA
DA:347,0,EeePY1nZ+jdJwFUoMy6AZA
DA:349,0,2kuuqLOQjoe6L4EYq/KGuw
DA:350,0,vdk1L/AJ3WD4a9T7d50+yw
DA:368,0,I4Xef7MKh74lIenyOSy6ig
DA:380,0,rOWzeES7UOwUNMuaZLu8Ww
DA:382,0,Mox6PUNBx6ao4HaQgToVrQ
DA:383,0,x8Hn7QAd/EvmQwE8VYhviw
DA:385,0,TIYYXFwj/lIDVOqwLPWflA
DA:386,0,6t6G/IlyJADdrMMtgqwggg
LF:159
LH:133
end_of_record
TN:
SF:hazel/transforms.py
DA:1,1,IWWjrCeOtk8NNtrE95++2g
DA:3,1,26PQJWkcXGvIEHdgJmgqaw
DA:5,1,Tfb1IY9rmPzm+r91tSRQ7w
DA:7,1,l6HaDnF9KU4iqIaLLKhqEA
DA:21,1,76qFZZfwka43U0frDOzIPg
DA:22,1,Z5MUU0GMA70UB+dKzXX2cw
DA:23,1,PDqoagMuT1dZjdZcCfpqNw
DA:25,1,kxi2FvYYUpA3ALXyb1WyJw
DA:39,1,GeP3I2lL+HuNZwgQUD2jrw
DA:41,1,vYbf6u3I/S3UtMAO1GElBw
DA:59,1,xxUu2U5wtiNpeaTLn3C21A
DA:61,1,MWOt1ZuAoZ/70H4xfKxePQ
DA:79,1,lZu4QNfPpJAKMryFiG4A8A
DA:81,1,vj90pUs16g06deM3ItOwEQ
DA:99,1,0lPmcNcQjSaPgOOonWyK+w
DA:100,1,E49/WHcPyahvajb9ykowLw
DA:102,1,4M0neRpCPsiAPxY2rJfUlA
DA:120,0,dvweDvHld/qcf+ii53jmwA
LF:18
LH:17
end_of_record
TN:
SF:hazel/util.py
DA:1,1,IWWjrCeOtk8NNtrE95++2g
DA:2,1,Ne1xnbfQf/0CaRgBosBD6g
DA:3,1,f9zlmFwMD/MJAs5/HCYBXQ
DA:4,1,DuC1T5Hn8k+0QEqZ7aP8Aw
DA:5,1,0o9lPrEub9cumWxUsUotKg
DA:7,1,6BuM1p7maQcph3Jsj8Uygg
DA:9,1,skxiFmP6BK9cWcfnQTbfNQ
DA:15,1,kaUCFfwlOgxUVHwPQEB8gw
DA:16,1,LHfJNCxfJkkZdXPhbyPy/A
DA:18,1,t8qg2plESHi4UXrvLmH27g
DA:21,1,O6ro+ogTNT7LsSm8y3NdIQ
DA:22,1,sXZQSaDEET7NantMoTHQBg
DA:23,1,FLbOEeMaMXss8yBVJrp7BA
DA:25,1,WMGw/mYW6Y9Y0qypYjUprQ
DA:27,1,cCF6rhBzBym2Hfly0v/s4w
DA:29,1,ygOEhsixC9yBoriMnOW3AQ
DA:31,1,7p3uxSgyd7+kGIg5k03Teg
DA:32,1,JyeXuNAqDz5diAW8FPdx9A
DA:33,1,ceDp8fOrVNXdh5WWaWwNzg
DA:35,1,h1/qEDJ+FQJXSwT/kXHCTg
DA:37,1,SdLbyJBmMTpwynJk4XXvrA
DA:45,1,1/xXxTylwb7WPAUCgJ8X3g
DA:46,1,B/Fo9U4/nMeRNS1JjGZVyQ
DA:47,1,d8JlzV/7yKjXvn1OZItQWQ
DA:48,1,eJ6zrxnLWn/k18a2vHOhRA
DA:52,1,JfWmBfVgBVdnDJ0/r3xeCQ
DA:53,1,5bFrqg9Uwnj9fvThBMNlUA
DA:54,1,W/g8GJDAYJkSSurt59Mzfw
DA:55,1,B/Fo9U4/nMeRNS1JjGZVyQ
DA:56,1,MVjDNuWw7SNhqSpz5AzsjA
DA:57,1,eJ6zrxnLWn/k18a2vHOhRA
DA:61,1,yP6055zyu1cRQmB4j2YZRQ
DA:62,1,k8Be5YMpyqFyainrdfOv8Q
DA:64,1,SYQbr3ryG2eHGlLelgzzVw
DA:65,1,80R9rUDcj6MvlbVQKYK2Eg
DA:67,1,baFOi5QjtuTkKN78qBY/sQ
DA:70,1,3dDu6bpBj77rHB1zDYLYqA
DA:71,1,0WVwkoMmMjp9wmto/Zgr8A
DA:73,1,FZIdZLjOXudD41jY7eTBlw
DA:74,1,IiXkBuAp62hj++1hEZMgsA
DA:77,1,0RlVNkm2oYgieghuK6lGnA
DA:108,1,pg9CXFEQYjo0NSUxXeRaNw
DA:112,1,g0jLGHKL8u0uD7G+jVqm5w
DA:116,1,BJoBhg7HIBYkoTpqerDkKg
DA:118,1,7NUeDziOjY0pWBNloesPXQ
DA:121,1,gWuLBx12JEmqF4aA5Q9fpQ
DA:122,1,Zheg6A6L8GwmkbGPRNHLCw
DA:124,1,oi8guhecg5QwQt1y8mtrEw
DA:127,1,HkEoOn2noceYGS5KaCWb9g
DA:128,1,UrXp+4uiAahNwt2zR/QzXw
DA:129,1,DVzK631DFmTWIzLD02m0UQ
DA:130,1,YWRpEPCLA/hWumje19gsVA
DA:131,1,PDqoagMuT1dZjdZcCfpqNw
DA:133,1,eHl7O9Oo7ixwQqqIPqQK4w
DA:153,1,gNXlEy2eACejPxdXKXUNAQ
DA:19,0,aI8jocA3psbMS3so79jMlA
DA:38,0,Tg66p4fQ+0SYE2QV5bLf5Q
DA:39,0,vwvZdm6tOB6Fmmf2ZAAfNw
DA:40,0,jyeRoNABiHfdl82ZtWcgfQ
DA:41,0,Jxv3l58dKNL6+8kiJ/Rlww
DA:43,0,Pw4rDa5WFuDV+uCsXSXZJg
DA:49,0,zXAfORIKxReF1HcBtup/aQ
DA:50,0,W/g8GJDAYJkSSurt59Mzfw
DA:58,0,zXAfORIKxReF1HcBtup/aQ
DA:59,0,W/g8GJDAYJkSSurt59Mzfw
DA:68,0,ivRh8ohm1D8QZyjpyYK7bw
DA:134,0,ftECr0eGmzLSWfksSYtoLQ
DA:136,0,oFiISf9rsEtWl2Vjrg/Q0w
DA:137,0,C4DSdFJssZ/mQYIiUa3nNg
DA:138,0,DEUeswjuh/nZ3RWX3rMs4Q
DA:139,0,rMLnO0utbVTGtru3IO74HQ
DA:140,0,z9h2li7KjviecVrmHnAo9g
DA:142,0,13GFUtu+tH3TBYdFdi/hPQ
DA:149,0,U03kgnPu52O6J+4ZCiCh6w
DA:150,0,6fO5qWfEFAr+7skQxYauSg
DA:154,0,qSR/+7PHuDngfcHI55AGlg
DA:155,0,tx7WaE21UyBQfJuNxX/+yg
DA:156,0,6R2ezP/85sfqzNEr1pkZWg
LF:78
LH:55
end_of_record
